!SESSION 2014-09-17 20:07:34.915 -----------------------------------------------
eclipse.buildId=4.3.0.M20130911-1000
java.version=1.7.0_51
java.vendor=Oracle Corporation
BootLoader constants: OS=win32, ARCH=x86_64, WS=win32, NL=zh_CN
Framework arguments:  -product org.eclipse.epp.package.jee.product
Command-line arguments:  -os win32 -ws win32 -arch x86_64 -product org.eclipse.epp.package.jee.product

This is a continuation of log file E:\U_Dot\workspace\.metadata\.bak_0.log
Created Time: 2014-09-17 20:40:07.427

!ENTRY org.python.pydev.shared_core 4 4 2014-09-17 20:40:07.428
!MESSAGE StringToIntCounterSmallSet size > 8 may be big for its use. Consider using a HashMap<String, Integer>.
!STACK 0
java.lang.RuntimeException: StringToIntCounterSmallSet size > 8 may be big for its use. Consider using a HashMap<String, Integer>.
	at org.python.pydev.shared_core.log.Log.log(Log.java:36)
	at org.python.pydev.shared_core.structure.StringToIntCounterSmallSet.put(StringToIntCounterSmallSet.java:84)
	at org.python.pydev.shared_core.structure.StringToIntCounterSmallSet.increment(StringToIntCounterSmallSet.java:58)
	at com.python.pydev.analysis.scopeanalysis.AbstractScopeAnalyzerVisitor.visitAttribute(AbstractScopeAnalyzerVisitor.java:676)
	at org.python.pydev.parser.jython.ast.Attribute.accept(Attribute.java:93)
	at com.python.pydev.analysis.scopeanalysis.AbstractScopeAnalyzerVisitor.visitCallAttr(AbstractScopeAnalyzerVisitor.java:806)
	at com.python.pydev.analysis.scopeanalysis.AbstractScopeAnalyzerVisitor.visitNeededAttributeParts(AbstractScopeAnalyzerVisitor.java:764)
	at com.python.pydev.analysis.scopeanalysis.AbstractScopeAnalyzerVisitor.visitAttribute(AbstractScopeAnalyzerVisitor.java:679)
	at org.python.pydev.parser.jython.ast.Attribute.accept(Attribute.java:93)
	at com.python.pydev.analysis.scopeanalysis.AbstractScopeAnalyzerVisitor.onVisitCallFunc(AbstractScopeAnalyzerVisitor.java:227)
	at com.python.pydev.analysis.scopeanalysis.AbstractScopeAnalyzerVisitor.visitCall(AbstractScopeAnalyzerVisitor.java:199)
	at org.python.pydev.parser.jython.ast.Call.accept(Call.java:131)
	at com.python.pydev.analysis.scopeanalysis.AbstractScopeAnalyzerVisitor.visitAssign(AbstractScopeAnalyzerVisitor.java:842)
	at org.python.pydev.parser.jython.ast.Assign.accept(Assign.java:90)
	at com.python.pydev.analysis.scopeanalysis.AbstractScopeAnalyzerVisitor.visitFunctionDef(AbstractScopeAnalyzerVisitor.java:427)
	at org.python.pydev.parser.jython.ast.FunctionDef.accept(FunctionDef.java:131)
	at com.python.pydev.analysis.scopeanalysis.AbstractScopeAnalyzerVisitor.visitClassDef(AbstractScopeAnalyzerVisitor.java:262)
	at org.python.pydev.parser.jython.ast.ClassDef.accept(ClassDef.java:166)
	at org.python.pydev.parser.jython.ast.Module.traverse(Module.java:86)
	at com.python.pydev.analysis.scopeanalysis.AbstractScopeAnalyzerVisitor.traverse(AbstractScopeAnalyzerVisitor.java:193)
	at org.python.pydev.parser.jython.ast.VisitorBase.visitModule(VisitorBase.java:10)
	at org.python.pydev.parser.jython.ast.Module.accept(Module.java:79)
	at com.python.pydev.refactoring.wizards.rename.AbstractRenameRefactorProcess.getOccurrencesWithScopeAnalyzer(AbstractRenameRefactorProcess.java:276)
	at com.python.pydev.refactoring.wizards.rename.PyRenameImportProcess.findReferencesToRenameOnLocalScope(PyRenameImportProcess.java:71)
	at com.python.pydev.refactoring.wizards.rename.AbstractRenameRefactorProcess.findReferencesToRename(AbstractRenameRefactorProcess.java:187)
	at com.python.pydev.refactoring.wizards.rename.PyReferenceSearcher.search(PyReferenceSearcher.java:149)
	at com.python.pydev.refactoring.markoccurrences.MarkOccurrencesJob.createRequest(MarkOccurrencesJob.java:115)
	at org.python.pydev.shared_ui.mark_occurrences.BaseMarkOccurrencesJob.run(BaseMarkOccurrencesJob.java:168)
	at org.eclipse.core.internal.jobs.Worker.run(Worker.java:53)

!ENTRY org.python.pydev.shared_core 4 4 2014-09-17 20:41:45.610
!MESSAGE StringToIntCounterSmallSet size > 8 may be big for its use. Consider using a HashMap<String, Integer>.
!STACK 0
java.lang.RuntimeException: StringToIntCounterSmallSet size > 8 may be big for its use. Consider using a HashMap<String, Integer>.
	at org.python.pydev.shared_core.log.Log.log(Log.java:36)
	at org.python.pydev.shared_core.structure.StringToIntCounterSmallSet.put(StringToIntCounterSmallSet.java:84)
	at org.python.pydev.shared_core.structure.StringToIntCounterSmallSet.increment(StringToIntCounterSmallSet.java:58)
	at com.python.pydev.analysis.scopeanalysis.AbstractScopeAnalyzerVisitor.visitAttribute(AbstractScopeAnalyzerVisitor.java:676)
	at org.python.pydev.parser.jython.ast.Attribute.accept(Attribute.java:93)
	at com.python.pydev.analysis.scopeanalysis.AbstractScopeAnalyzerVisitor.visitCallAttr(AbstractScopeAnalyzerVisitor.java:806)
	at com.python.pydev.analysis.scopeanalysis.AbstractScopeAnalyzerVisitor.visitNeededAttributeParts(AbstractScopeAnalyzerVisitor.java:764)
	at com.python.pydev.analysis.scopeanalysis.AbstractScopeAnalyzerVisitor.visitAttribute(AbstractScopeAnalyzerVisitor.java:679)
	at org.python.pydev.parser.jython.ast.Attribute.accept(Attribute.java:93)
	at com.python.pydev.analysis.scopeanalysis.AbstractScopeAnalyzerVisitor.onVisitCallFunc(AbstractScopeAnalyzerVisitor.java:227)
	at com.python.pydev.analysis.scopeanalysis.AbstractScopeAnalyzerVisitor.visitCall(AbstractScopeAnalyzerVisitor.java:199)
	at org.python.pydev.parser.jython.ast.Call.accept(Call.java:131)
	at com.python.pydev.analysis.scopeanalysis.AbstractScopeAnalyzerVisitor.visitAssign(AbstractScopeAnalyzerVisitor.java:842)
	at org.python.pydev.parser.jython.ast.Assign.accept(Assign.java:90)
	at com.python.pydev.analysis.scopeanalysis.AbstractScopeAnalyzerVisitor.visitFunctionDef(AbstractScopeAnalyzerVisitor.java:427)
	at org.python.pydev.parser.jython.ast.FunctionDef.accept(FunctionDef.java:131)
	at com.python.pydev.analysis.scopeanalysis.AbstractScopeAnalyzerVisitor.visitClassDef(AbstractScopeAnalyzerVisitor.java:262)
	at org.python.pydev.parser.jython.ast.ClassDef.accept(ClassDef.java:166)
	at org.python.pydev.parser.jython.ast.Module.traverse(Module.java:86)
	at com.python.pydev.analysis.scopeanalysis.AbstractScopeAnalyzerVisitor.traverse(AbstractScopeAnalyzerVisitor.java:193)
	at org.python.pydev.parser.jython.ast.VisitorBase.visitModule(VisitorBase.java:10)
	at org.python.pydev.parser.jython.ast.Module.accept(Module.java:79)
	at com.python.pydev.refactoring.wizards.rename.AbstractRenameRefactorProcess.getOccurrencesWithScopeAnalyzer(AbstractRenameRefactorProcess.java:276)
	at com.python.pydev.refactoring.wizards.rename.PyRenameImportProcess.findReferencesToRenameOnLocalScope(PyRenameImportProcess.java:71)
	at com.python.pydev.refactoring.wizards.rename.AbstractRenameRefactorProcess.findReferencesToRename(AbstractRenameRefactorProcess.java:187)
	at com.python.pydev.refactoring.wizards.rename.PyReferenceSearcher.search(PyReferenceSearcher.java:149)
	at com.python.pydev.refactoring.markoccurrences.MarkOccurrencesJob.createRequest(MarkOccurrencesJob.java:115)
	at org.python.pydev.shared_ui.mark_occurrences.BaseMarkOccurrencesJob.run(BaseMarkOccurrencesJob.java:168)
	at org.eclipse.core.internal.jobs.Worker.run(Worker.java:53)

!ENTRY org.python.pydev.shared_core 4 4 2014-09-17 20:42:10.457
!MESSAGE StringToIntCounterSmallSet size > 8 may be big for its use. Consider using a HashMap<String, Integer>.
!STACK 0
java.lang.RuntimeException: StringToIntCounterSmallSet size > 8 may be big for its use. Consider using a HashMap<String, Integer>.
	at org.python.pydev.shared_core.log.Log.log(Log.java:36)
	at org.python.pydev.shared_core.structure.StringToIntCounterSmallSet.put(StringToIntCounterSmallSet.java:84)
	at org.python.pydev.shared_core.structure.StringToIntCounterSmallSet.increment(StringToIntCounterSmallSet.java:58)
	at com.python.pydev.analysis.scopeanalysis.AbstractScopeAnalyzerVisitor.visitAttribute(AbstractScopeAnalyzerVisitor.java:676)
	at org.python.pydev.parser.jython.ast.Attribute.accept(Attribute.java:93)
	at com.python.pydev.analysis.scopeanalysis.AbstractScopeAnalyzerVisitor.visitCallAttr(AbstractScopeAnalyzerVisitor.java:806)
	at com.python.pydev.analysis.scopeanalysis.AbstractScopeAnalyzerVisitor.visitNeededAttributeParts(AbstractScopeAnalyzerVisitor.java:764)
	at com.python.pydev.analysis.scopeanalysis.AbstractScopeAnalyzerVisitor.visitAttribute(AbstractScopeAnalyzerVisitor.java:679)
	at org.python.pydev.parser.jython.ast.Attribute.accept(Attribute.java:93)
	at com.python.pydev.analysis.scopeanalysis.AbstractScopeAnalyzerVisitor.onVisitCallFunc(AbstractScopeAnalyzerVisitor.java:227)
	at com.python.pydev.analysis.scopeanalysis.AbstractScopeAnalyzerVisitor.visitCall(AbstractScopeAnalyzerVisitor.java:199)
	at org.python.pydev.parser.jython.ast.Call.accept(Call.java:131)
	at com.python.pydev.analysis.scopeanalysis.AbstractScopeAnalyzerVisitor.visitAssign(AbstractScopeAnalyzerVisitor.java:842)
	at org.python.pydev.parser.jython.ast.Assign.accept(Assign.java:90)
	at com.python.pydev.analysis.scopeanalysis.AbstractScopeAnalyzerVisitor.visitFunctionDef(AbstractScopeAnalyzerVisitor.java:427)
	at org.python.pydev.parser.jython.ast.FunctionDef.accept(FunctionDef.java:131)
	at com.python.pydev.analysis.scopeanalysis.AbstractScopeAnalyzerVisitor.visitClassDef(AbstractScopeAnalyzerVisitor.java:262)
	at org.python.pydev.parser.jython.ast.ClassDef.accept(ClassDef.java:166)
	at org.python.pydev.parser.jython.ast.Module.traverse(Module.java:86)
	at com.python.pydev.analysis.scopeanalysis.AbstractScopeAnalyzerVisitor.traverse(AbstractScopeAnalyzerVisitor.java:193)
	at org.python.pydev.parser.jython.ast.VisitorBase.visitModule(VisitorBase.java:10)
	at org.python.pydev.parser.jython.ast.Module.accept(Module.java:79)
	at com.python.pydev.refactoring.wizards.rename.AbstractRenameRefactorProcess.getOccurrencesWithScopeAnalyzer(AbstractRenameRefactorProcess.java:276)
	at com.python.pydev.refactoring.wizards.rename.PyRenameImportProcess.findReferencesToRenameOnLocalScope(PyRenameImportProcess.java:71)
	at com.python.pydev.refactoring.wizards.rename.AbstractRenameRefactorProcess.findReferencesToRename(AbstractRenameRefactorProcess.java:187)
	at com.python.pydev.refactoring.wizards.rename.PyReferenceSearcher.search(PyReferenceSearcher.java:149)
	at com.python.pydev.refactoring.markoccurrences.MarkOccurrencesJob.createRequest(MarkOccurrencesJob.java:115)
	at org.python.pydev.shared_ui.mark_occurrences.BaseMarkOccurrencesJob.run(BaseMarkOccurrencesJob.java:168)
	at org.eclipse.core.internal.jobs.Worker.run(Worker.java:53)

!ENTRY org.python.pydev.shared_core 4 4 2014-09-17 20:42:31.468
!MESSAGE StringToIntCounterSmallSet size > 8 may be big for its use. Consider using a HashMap<String, Integer>.
!STACK 0
java.lang.RuntimeException: StringToIntCounterSmallSet size > 8 may be big for its use. Consider using a HashMap<String, Integer>.
	at org.python.pydev.shared_core.log.Log.log(Log.java:36)
	at org.python.pydev.shared_core.structure.StringToIntCounterSmallSet.put(StringToIntCounterSmallSet.java:84)
	at org.python.pydev.shared_core.structure.StringToIntCounterSmallSet.increment(StringToIntCounterSmallSet.java:58)
	at com.python.pydev.analysis.scopeanalysis.AbstractScopeAnalyzerVisitor.visitAttribute(AbstractScopeAnalyzerVisitor.java:676)
	at org.python.pydev.parser.jython.ast.Attribute.accept(Attribute.java:93)
	at com.python.pydev.analysis.scopeanalysis.AbstractScopeAnalyzerVisitor.visitCallAttr(AbstractScopeAnalyzerVisitor.java:806)
	at com.python.pydev.analysis.scopeanalysis.AbstractScopeAnalyzerVisitor.visitNeededAttributeParts(AbstractScopeAnalyzerVisitor.java:764)
	at com.python.pydev.analysis.scopeanalysis.AbstractScopeAnalyzerVisitor.visitAttribute(AbstractScopeAnalyzerVisitor.java:679)
	at org.python.pydev.parser.jython.ast.Attribute.accept(Attribute.java:93)
	at com.python.pydev.analysis.scopeanalysis.AbstractScopeAnalyzerVisitor.onVisitCallFunc(AbstractScopeAnalyzerVisitor.java:227)
	at com.python.pydev.analysis.visitors.OccurrencesVisitor.onVisitCallFunc(OccurrencesVisitor.java:411)
	at com.python.pydev.analysis.scopeanalysis.AbstractScopeAnalyzerVisitor.visitCall(AbstractScopeAnalyzerVisitor.java:199)
	at com.python.pydev.analysis.visitors.OccurrencesVisitor.visitCall(OccurrencesVisitor.java:226)
	at org.python.pydev.parser.jython.ast.Call.accept(Call.java:131)
	at com.python.pydev.analysis.scopeanalysis.AbstractScopeAnalyzerVisitor.visitAssign(AbstractScopeAnalyzerVisitor.java:842)
	at com.python.pydev.analysis.visitors.OccurrencesVisitor.visitAssign(OccurrencesVisitor.java:198)
	at org.python.pydev.parser.jython.ast.Assign.accept(Assign.java:90)
	at com.python.pydev.analysis.scopeanalysis.AbstractScopeAnalyzerVisitor.visitFunctionDef(AbstractScopeAnalyzerVisitor.java:427)
	at org.python.pydev.parser.jython.ast.FunctionDef.accept(FunctionDef.java:131)
	at com.python.pydev.analysis.scopeanalysis.AbstractScopeAnalyzerVisitor.visitClassDef(AbstractScopeAnalyzerVisitor.java:262)
	at org.python.pydev.parser.jython.ast.ClassDef.accept(ClassDef.java:166)
	at org.python.pydev.parser.jython.ast.Module.traverse(Module.java:86)
	at com.python.pydev.analysis.scopeanalysis.AbstractScopeAnalyzerVisitor.traverse(AbstractScopeAnalyzerVisitor.java:193)
	at com.python.pydev.analysis.visitors.OccurrencesVisitor.traverse(OccurrencesVisitor.java:262)
	at org.python.pydev.parser.jython.ast.VisitorBase.visitModule(VisitorBase.java:10)
	at org.python.pydev.parser.jython.ast.Module.accept(Module.java:79)
	at com.python.pydev.analysis.OccurrencesAnalyzer.analyzeDocument(OccurrencesAnalyzer.java:56)
	at com.python.pydev.analysis.builder.AnalysisBuilderRunnable.doAnalysis(AnalysisBuilderRunnable.java:234)
	at com.python.pydev.analysis.builder.AbstractAnalysisBuilderRunnable.run(AbstractAnalysisBuilderRunnable.java:152)
	at org.python.pydev.core.concurrency.RunnableAsJobsPoolThread$1.run(RunnableAsJobsPoolThread.java:140)
	at org.eclipse.core.internal.jobs.Worker.run(Worker.java:53)

!ENTRY org.python.pydev.shared_core 4 4 2014-09-17 20:42:59.799
!MESSAGE StringToIntCounterSmallSet size > 8 may be big for its use. Consider using a HashMap<String, Integer>.
!STACK 0
java.lang.RuntimeException: StringToIntCounterSmallSet size > 8 may be big for its use. Consider using a HashMap<String, Integer>.
	at org.python.pydev.shared_core.log.Log.log(Log.java:36)
	at org.python.pydev.shared_core.structure.StringToIntCounterSmallSet.put(StringToIntCounterSmallSet.java:84)
	at org.python.pydev.shared_core.structure.StringToIntCounterSmallSet.increment(StringToIntCounterSmallSet.java:58)
	at com.python.pydev.analysis.scopeanalysis.AbstractScopeAnalyzerVisitor.visitAttribute(AbstractScopeAnalyzerVisitor.java:676)
	at org.python.pydev.parser.jython.ast.Attribute.accept(Attribute.java:93)
	at com.python.pydev.analysis.scopeanalysis.AbstractScopeAnalyzerVisitor.visitCallAttr(AbstractScopeAnalyzerVisitor.java:806)
	at com.python.pydev.analysis.scopeanalysis.AbstractScopeAnalyzerVisitor.visitNeededAttributeParts(AbstractScopeAnalyzerVisitor.java:764)
	at com.python.pydev.analysis.scopeanalysis.AbstractScopeAnalyzerVisitor.visitAttribute(AbstractScopeAnalyzerVisitor.java:679)
	at org.python.pydev.parser.jython.ast.Attribute.accept(Attribute.java:93)
	at com.python.pydev.analysis.scopeanalysis.AbstractScopeAnalyzerVisitor.onVisitCallFunc(AbstractScopeAnalyzerVisitor.java:227)
	at com.python.pydev.analysis.scopeanalysis.AbstractScopeAnalyzerVisitor.visitCall(AbstractScopeAnalyzerVisitor.java:199)
	at org.python.pydev.parser.jython.ast.Call.accept(Call.java:131)
	at com.python.pydev.analysis.scopeanalysis.AbstractScopeAnalyzerVisitor.visitAssign(AbstractScopeAnalyzerVisitor.java:842)
	at org.python.pydev.parser.jython.ast.Assign.accept(Assign.java:90)
	at com.python.pydev.analysis.scopeanalysis.AbstractScopeAnalyzerVisitor.visitFunctionDef(AbstractScopeAnalyzerVisitor.java:427)
	at org.python.pydev.parser.jython.ast.FunctionDef.accept(FunctionDef.java:131)
	at com.python.pydev.analysis.scopeanalysis.AbstractScopeAnalyzerVisitor.visitClassDef(AbstractScopeAnalyzerVisitor.java:262)
	at org.python.pydev.parser.jython.ast.ClassDef.accept(ClassDef.java:166)
	at org.python.pydev.parser.jython.ast.Module.traverse(Module.java:86)
	at com.python.pydev.analysis.scopeanalysis.AbstractScopeAnalyzerVisitor.traverse(AbstractScopeAnalyzerVisitor.java:193)
	at org.python.pydev.parser.jython.ast.VisitorBase.visitModule(VisitorBase.java:10)
	at org.python.pydev.parser.jython.ast.Module.accept(Module.java:79)
	at com.python.pydev.refactoring.wizards.rename.AbstractRenameRefactorProcess.getOccurrencesWithScopeAnalyzer(AbstractRenameRefactorProcess.java:276)
	at com.python.pydev.refactoring.wizards.rename.PyRenameAnyLocalProcess.getOccurrences(PyRenameAnyLocalProcess.java:52)
	at com.python.pydev.refactoring.wizards.rename.PyRenameAnyLocalProcess.findReferencesToRenameOnLocalScope(PyRenameAnyLocalProcess.java:42)
	at com.python.pydev.refactoring.wizards.rename.AbstractRenameRefactorProcess.findReferencesToRename(AbstractRenameRefactorProcess.java:187)
	at com.python.pydev.refactoring.wizards.rename.PyReferenceSearcher.search(PyReferenceSearcher.java:149)
	at com.python.pydev.refactoring.markoccurrences.MarkOccurrencesJob.createRequest(MarkOccurrencesJob.java:115)
	at org.python.pydev.shared_ui.mark_occurrences.BaseMarkOccurrencesJob.run(BaseMarkOccurrencesJob.java:168)
	at org.eclipse.core.internal.jobs.Worker.run(Worker.java:53)

!ENTRY org.python.pydev.shared_core 4 4 2014-09-17 20:44:19.836
!MESSAGE StringToIntCounterSmallSet size > 8 may be big for its use. Consider using a HashMap<String, Integer>.
!STACK 0
java.lang.RuntimeException: StringToIntCounterSmallSet size > 8 may be big for its use. Consider using a HashMap<String, Integer>.
	at org.python.pydev.shared_core.log.Log.log(Log.java:36)
	at org.python.pydev.shared_core.structure.StringToIntCounterSmallSet.put(StringToIntCounterSmallSet.java:84)
	at org.python.pydev.shared_core.structure.StringToIntCounterSmallSet.increment(StringToIntCounterSmallSet.java:58)
	at com.python.pydev.analysis.scopeanalysis.AbstractScopeAnalyzerVisitor.visitAttribute(AbstractScopeAnalyzerVisitor.java:676)
	at org.python.pydev.parser.jython.ast.Attribute.accept(Attribute.java:93)
	at com.python.pydev.analysis.scopeanalysis.AbstractScopeAnalyzerVisitor.visitCallAttr(AbstractScopeAnalyzerVisitor.java:806)
	at com.python.pydev.analysis.scopeanalysis.AbstractScopeAnalyzerVisitor.visitNeededAttributeParts(AbstractScopeAnalyzerVisitor.java:764)
	at com.python.pydev.analysis.scopeanalysis.AbstractScopeAnalyzerVisitor.visitAttribute(AbstractScopeAnalyzerVisitor.java:679)
	at org.python.pydev.parser.jython.ast.Attribute.accept(Attribute.java:93)
	at com.python.pydev.analysis.scopeanalysis.AbstractScopeAnalyzerVisitor.onVisitCallFunc(AbstractScopeAnalyzerVisitor.java:227)
	at com.python.pydev.analysis.scopeanalysis.AbstractScopeAnalyzerVisitor.visitCall(AbstractScopeAnalyzerVisitor.java:199)
	at org.python.pydev.parser.jython.ast.Call.accept(Call.java:131)
	at com.python.pydev.analysis.scopeanalysis.AbstractScopeAnalyzerVisitor.visitAssign(AbstractScopeAnalyzerVisitor.java:842)
	at org.python.pydev.parser.jython.ast.Assign.accept(Assign.java:90)
	at com.python.pydev.analysis.scopeanalysis.AbstractScopeAnalyzerVisitor.visitFunctionDef(AbstractScopeAnalyzerVisitor.java:427)
	at org.python.pydev.parser.jython.ast.FunctionDef.accept(FunctionDef.java:131)
	at com.python.pydev.analysis.scopeanalysis.AbstractScopeAnalyzerVisitor.visitClassDef(AbstractScopeAnalyzerVisitor.java:262)
	at org.python.pydev.parser.jython.ast.ClassDef.accept(ClassDef.java:166)
	at org.python.pydev.parser.jython.ast.Module.traverse(Module.java:86)
	at com.python.pydev.analysis.scopeanalysis.AbstractScopeAnalyzerVisitor.traverse(AbstractScopeAnalyzerVisitor.java:193)
	at org.python.pydev.parser.jython.ast.VisitorBase.visitModule(VisitorBase.java:10)
	at org.python.pydev.parser.jython.ast.Module.accept(Module.java:79)
	at com.python.pydev.refactoring.wizards.rename.AbstractRenameRefactorProcess.getOccurrencesWithScopeAnalyzer(AbstractRenameRefactorProcess.java:276)
	at com.python.pydev.refactoring.wizards.rename.PyRenameImportProcess.findReferencesToRenameOnLocalScope(PyRenameImportProcess.java:71)
	at com.python.pydev.refactoring.wizards.rename.AbstractRenameRefactorProcess.findReferencesToRename(AbstractRenameRefactorProcess.java:187)
	at com.python.pydev.refactoring.wizards.rename.PyReferenceSearcher.search(PyReferenceSearcher.java:149)
	at com.python.pydev.refactoring.markoccurrences.MarkOccurrencesJob.createRequest(MarkOccurrencesJob.java:115)
	at org.python.pydev.shared_ui.mark_occurrences.BaseMarkOccurrencesJob.run(BaseMarkOccurrencesJob.java:168)
	at org.eclipse.core.internal.jobs.Worker.run(Worker.java:53)

!ENTRY org.python.pydev.shared_core 4 4 2014-09-17 20:44:59.249
!MESSAGE StringToIntCounterSmallSet size > 8 may be big for its use. Consider using a HashMap<String, Integer>.
!STACK 0
java.lang.RuntimeException: StringToIntCounterSmallSet size > 8 may be big for its use. Consider using a HashMap<String, Integer>.
	at org.python.pydev.shared_core.log.Log.log(Log.java:36)
	at org.python.pydev.shared_core.structure.StringToIntCounterSmallSet.put(StringToIntCounterSmallSet.java:84)
	at org.python.pydev.shared_core.structure.StringToIntCounterSmallSet.increment(StringToIntCounterSmallSet.java:58)
	at com.python.pydev.analysis.scopeanalysis.AbstractScopeAnalyzerVisitor.visitAttribute(AbstractScopeAnalyzerVisitor.java:676)
	at org.python.pydev.parser.jython.ast.Attribute.accept(Attribute.java:93)
	at com.python.pydev.analysis.scopeanalysis.AbstractScopeAnalyzerVisitor.visitCallAttr(AbstractScopeAnalyzerVisitor.java:806)
	at com.python.pydev.analysis.scopeanalysis.AbstractScopeAnalyzerVisitor.visitNeededAttributeParts(AbstractScopeAnalyzerVisitor.java:764)
	at com.python.pydev.analysis.scopeanalysis.AbstractScopeAnalyzerVisitor.visitAttribute(AbstractScopeAnalyzerVisitor.java:679)
	at org.python.pydev.parser.jython.ast.Attribute.accept(Attribute.java:93)
	at com.python.pydev.analysis.scopeanalysis.AbstractScopeAnalyzerVisitor.onVisitCallFunc(AbstractScopeAnalyzerVisitor.java:227)
	at com.python.pydev.analysis.scopeanalysis.AbstractScopeAnalyzerVisitor.visitCall(AbstractScopeAnalyzerVisitor.java:199)
	at org.python.pydev.parser.jython.ast.Call.accept(Call.java:131)
	at com.python.pydev.analysis.scopeanalysis.AbstractScopeAnalyzerVisitor.visitAssign(AbstractScopeAnalyzerVisitor.java:842)
	at org.python.pydev.parser.jython.ast.Assign.accept(Assign.java:90)
	at com.python.pydev.analysis.scopeanalysis.AbstractScopeAnalyzerVisitor.visitFunctionDef(AbstractScopeAnalyzerVisitor.java:427)
	at org.python.pydev.parser.jython.ast.FunctionDef.accept(FunctionDef.java:131)
	at com.python.pydev.analysis.scopeanalysis.AbstractScopeAnalyzerVisitor.visitClassDef(AbstractScopeAnalyzerVisitor.java:262)
	at org.python.pydev.parser.jython.ast.ClassDef.accept(ClassDef.java:166)
	at org.python.pydev.parser.jython.ast.Module.traverse(Module.java:86)
	at com.python.pydev.analysis.scopeanalysis.AbstractScopeAnalyzerVisitor.traverse(AbstractScopeAnalyzerVisitor.java:193)
	at org.python.pydev.parser.jython.ast.VisitorBase.visitModule(VisitorBase.java:10)
	at org.python.pydev.parser.jython.ast.Module.accept(Module.java:79)
	at com.python.pydev.refactoring.wizards.rename.AbstractRenameRefactorProcess.getOccurrencesWithScopeAnalyzer(AbstractRenameRefactorProcess.java:276)
	at com.python.pydev.refactoring.wizards.rename.PyRenameImportProcess.findReferencesToRenameOnLocalScope(PyRenameImportProcess.java:71)
	at com.python.pydev.refactoring.wizards.rename.AbstractRenameRefactorProcess.findReferencesToRename(AbstractRenameRefactorProcess.java:187)
	at com.python.pydev.refactoring.wizards.rename.PyReferenceSearcher.search(PyReferenceSearcher.java:149)
	at com.python.pydev.refactoring.markoccurrences.MarkOccurrencesJob.createRequest(MarkOccurrencesJob.java:115)
	at org.python.pydev.shared_ui.mark_occurrences.BaseMarkOccurrencesJob.run(BaseMarkOccurrencesJob.java:168)
	at org.eclipse.core.internal.jobs.Worker.run(Worker.java:53)

!ENTRY org.python.pydev.shared_core 4 4 2014-09-17 20:45:27.695
!MESSAGE Expected to find 'from' token as the current temporary token (begin col/line can be wrong)!
!STACK 0
java.lang.RuntimeException: Expected to find 'from' token as the current temporary token (begin col/line can be wrong)!
	at org.python.pydev.core.log.Log.log(Log.java:54)
	at org.python.pydev.parser.grammarcommon.AbstractTreeBuilder.makeImportFrom25Onwards(AbstractTreeBuilder.java:703)
	at org.python.pydev.parser.grammar27.TreeBuilder27.onCloseNode(TreeBuilder27.java:417)
	at org.python.pydev.parser.grammarcommon.AbstractTreeBuilder.closeNode(AbstractTreeBuilder.java:615)
	at org.python.pydev.parser.grammarcommon.JJTPythonGrammarState.closeNodeScope(JJTPythonGrammarState.java:212)
	at org.python.pydev.parser.grammar27.PythonGrammar27.ImportFrom(PythonGrammar27.java:2771)
	at org.python.pydev.parser.grammar27.PythonGrammar27.import_stmt(PythonGrammar27.java:2584)
	at org.python.pydev.parser.grammar27.PythonGrammar27.small_stmt(PythonGrammar27.java:943)
	at org.python.pydev.parser.grammar27.PythonGrammar27.simple_stmt(PythonGrammar27.java:862)
	at org.python.pydev.parser.grammar27.PythonGrammar27.stmt(PythonGrammar27.java:837)
	at org.python.pydev.parser.grammar27.PythonGrammar27.file_input(PythonGrammar27.java:203)
	at org.python.pydev.parser.grammar27.PythonGrammar27.file_input(PythonGrammar27.java:1)
	at org.python.pydev.parser.PyParser.reparseDocument(PyParser.java:541)
	at org.python.pydev.editor.codecompletion.revisited.modules.AbstractModule.createModuleFromDoc(AbstractModule.java:293)
	at org.python.pydev.editor.codecompletion.revisited.modules.AbstractModule.createModule(AbstractModule.java:272)
	at org.python.pydev.editor.codecompletion.revisited.ModulesManager.getModule(ModulesManager.java:917)
	at org.python.pydev.editor.codecompletion.revisited.ModulesManager.getModule(ModulesManager.java:765)
	at org.python.pydev.editor.codecompletion.revisited.SystemModulesManager.getModuleWithoutBuiltins(SystemModulesManager.java:357)
	at org.python.pydev.editor.codecompletion.revisited.ProjectModulesManager.getModuleAndRelatedModulesManager(ProjectModulesManager.java:212)
	at org.python.pydev.editor.codecompletion.revisited.ProjectModulesManager.getModule(ProjectModulesManager.java:174)
	at org.python.pydev.editor.codecompletion.revisited.ProjectModulesManager.getModule(ProjectModulesManager.java:160)
	at org.python.pydev.editor.codecompletion.revisited.AbstractASTManager.getModule(AbstractASTManager.java:449)
	at org.python.pydev.editor.codecompletion.revisited.AbstractASTManager.findModuleFromPath(AbstractASTManager.java:1490)
	at org.python.pydev.editor.codecompletion.revisited.AbstractASTManager.findOnImportedMods(AbstractASTManager.java:1323)
	at org.python.pydev.editor.codecompletion.revisited.AbstractASTManager.findOnImportedMods(AbstractASTManager.java:1253)
	at org.python.pydev.editor.codecompletion.revisited.AbstractASTManager.findTokensOnImportedMods(AbstractASTManager.java:1141)
	at org.python.pydev.editor.codecompletion.revisited.AbstractASTManager.internalGenerateGetCompletionsForModule(AbstractASTManager.java:679)
	at org.python.pydev.editor.codecompletion.revisited.AbstractASTManager.getCompletionsForModule(AbstractASTManager.java:541)
	at org.python.pydev.editor.codecompletion.revisited.AbstractASTManager.getCompletionsForModule(AbstractASTManager.java:510)
	at org.python.pydev.editor.codecompletion.revisited.AbstractASTManager.getCompletionsForModule(AbstractASTManager.java:502)
	at org.python.pydev.editor.codecompletion.revisited.AbstractASTManager.getCompletionsForModule(AbstractASTManager.java:493)
	at org.python.pydev.editor.codecompletion.revisited.AbstractASTManager.findTokensOnImportedMods(AbstractASTManager.java:1178)
	at org.python.pydev.editor.codecompletion.revisited.AbstractASTManager.internalGenerateGetCompletionsForModule(AbstractASTManager.java:679)
	at org.python.pydev.editor.codecompletion.revisited.AbstractASTManager.getCompletionsForModule(AbstractASTManager.java:541)
	at org.python.pydev.editor.codecompletion.revisited.AbstractASTManager.getCompletionsForModule(AbstractASTManager.java:510)
	at org.python.pydev.editor.codecompletion.revisited.AbstractASTManager.getCompletionsForModule(AbstractASTManager.java:502)
	at org.python.pydev.editor.codecompletion.revisited.AbstractASTManager.getCompletionsForModule(AbstractASTManager.java:493)
	at org.python.pydev.editor.codecompletion.revisited.AssignAnalysis.addNonFunctionDefCompletionsFromAssign(AssignAnalysis.java:264)
	at org.python.pydev.editor.codecompletion.revisited.AssignAnalysis.getAssignCompletions(AssignAnalysis.java:91)
	at org.python.pydev.editor.codecompletion.revisited.AbstractASTManager.getAssignCompletions(AbstractASTManager.java:802)
	at org.python.pydev.editor.codecompletion.revisited.AbstractASTManager.internalGenerateGetCompletionsForModule(AbstractASTManager.java:776)
	at org.python.pydev.editor.codecompletion.revisited.AbstractASTManager.getCompletionsForModule(AbstractASTManager.java:541)
	at org.python.pydev.editor.codecompletion.revisited.AbstractASTManager.getCompletionsForModule(AbstractASTManager.java:510)
	at org.python.pydev.editor.codecompletion.revisited.AbstractASTManager.getCompletionsForModule(AbstractASTManager.java:502)
	at org.python.pydev.editor.codecompletion.revisited.AbstractASTManager.getCompletionsForModule(AbstractASTManager.java:493)
	at org.python.pydev.editor.codecompletion.revisited.AssignAnalysis.addNonFunctionDefCompletionsFromAssign(AssignAnalysis.java:264)
	at org.python.pydev.editor.codecompletion.revisited.AssignAnalysis.getAssignCompletions(AssignAnalysis.java:91)
	at org.python.pydev.editor.codecompletion.revisited.AbstractASTManager.getAssignCompletions(AbstractASTManager.java:802)
	at org.python.pydev.editor.codecompletion.revisited.AbstractASTManager.internalGenerateGetCompletionsForModule(AbstractASTManager.java:776)
	at org.python.pydev.editor.codecompletion.revisited.AbstractASTManager.getCompletionsForModule(AbstractASTManager.java:541)
	at org.python.pydev.editor.codecompletion.revisited.AbstractASTManager.getCompletionsForModule(AbstractASTManager.java:510)
	at org.python.pydev.editor.codecompletion.revisited.AbstractASTManager.getCompletionsForModule(AbstractASTManager.java:502)
	at org.python.pydev.editor.codecompletion.revisited.AbstractASTManager.getCompletionsForModule(AbstractASTManager.java:493)
	at org.python.pydev.editor.codecompletion.revisited.AssignAnalysis.addNonFunctionDefCompletionsFromAssign(AssignAnalysis.java:264)
	at org.python.pydev.editor.codecompletion.revisited.AssignAnalysis.getAssignCompletions(AssignAnalysis.java:91)
	at org.python.pydev.editor.codecompletion.revisited.AbstractASTManager.getAssignCompletions(AbstractASTManager.java:802)
	at org.python.pydev.editor.codecompletion.revisited.AbstractASTManager.internalGenerateGetCompletionsForModule(AbstractASTManager.java:776)
	at org.python.pydev.editor.codecompletion.revisited.AbstractASTManager.getCompletionsForModule(AbstractASTManager.java:541)
	at org.python.pydev.editor.codecompletion.revisited.AbstractASTManager.getCompletionsForModule(AbstractASTManager.java:510)
	at org.python.pydev.editor.codecompletion.revisited.AbstractASTManager.getCompletionsForModule(AbstractASTManager.java:502)
	at org.python.pydev.editor.codecompletion.revisited.modules.SourceModule.findGlobalTokDef(SourceModule.java:974)
	at org.python.pydev.editor.codecompletion.revisited.modules.SourceModule.findDefinitionsFromModAndTok(SourceModule.java:923)
	at org.python.pydev.editor.codecompletion.revisited.modules.SourceModule.findDefinition(SourceModule.java:905)
	at org.python.pydev.editor.codecompletion.revisited.modules.SourceModule.findDefinition(SourceModule.java:786)
	at org.python.pydev.editor.codecompletion.revisited.modules.SourceModule.findDefinition(SourceModule.java:664)
	at org.python.pydev.editor.codecompletion.revisited.modules.SourceModule.findDefinition(SourceModule.java:1)
	at org.python.pydev.editor.refactoring.PyRefactoringFindDefinition.findActualDefinition(PyRefactoringFindDefinition.java:177)
	at org.python.pydev.editor.refactoring.PyRefactoringFindDefinition.findActualDefinition(PyRefactoringFindDefinition.java:79)
	at org.python.pydev.editor.hover.PyTextHover.getDocstringHover(PyTextHover.java:206)
	at org.python.pydev.editor.hover.PyTextHover.getHoverInfo(PyTextHover.java:150)
	at org.eclipse.jface.text.TextViewerHoverManager$4.run(TextViewerHoverManager.java:168)

!ENTRY org.eclipse.jface 2 0 2014-09-17 20:52:51.867
!MESSAGE Keybinding conflicts occurred.  They may interfere with normal accelerator operation.
!SUBENTRY 1 org.eclipse.jface 2 0 2014-09-17 20:52:51.867
!MESSAGE A conflict occurred for CTRL+SHIFT+3:
Binding(CTRL+SHIFT+3,
	ParameterizedCommand(Command(org.eclipse.wst.jsdt.debug.ui.script.opensource,Open Source,
		Shows the JavaScript source for the selected script element,
		Category(org.eclipse.wst.jsdt.debug.ui.category,JavaScript Debug,Tooling for debugging JavaScript,true),
		org.eclipse.ui.internal.WorkbenchHandlerServiceHandler@2c8fb0a6,
		,,true),null),
	org.eclipse.ui.defaultAcceleratorConfiguration,
	org.eclipse.debug.ui.debugging,,,system)
Binding(CTRL+SHIFT+3,
	ParameterizedCommand(Command(org.python.pydev.editor.actions.uncomment,Python Uncomment,
		Uncomments a python line (Removes # from the beggining of the line),
		Category(org.python.pydev.ui.category.source,PyDev - Editor,PyDev editor category,true),
		org.eclipse.ui.internal.WorkbenchHandlerServiceHandler@d967925,
		,,true),null),
	org.eclipse.ui.defaultAcceleratorConfiguration,
	org.python.pydev.ui.editor.scope,,,system)

!ENTRY org.python.pydev.shared_core 4 4 2014-09-17 20:56:38.623
!MESSAGE Unable to read contents from: E:\U_Dot\workspace\.metadata\.plugins\org.python.pydev\v1_32jisk5jx1oeuhf8ucv5rvrxu\shell\wx._h4v7izgfak0yo6iwsjk3teki.top
!STACK 0
java.io.EOFException: Unexpected end of ZLIB input stream
	at java.util.zip.InflaterInputStream.fill(Unknown Source)
	at java.util.zip.InflaterInputStream.read(Unknown Source)
	at java.util.zip.GZIPInputStream.read(Unknown Source)
	at java.io.BufferedInputStream.fill(Unknown Source)
	at java.io.BufferedInputStream.read1(Unknown Source)
	at java.io.BufferedInputStream.read(Unknown Source)
	at java.io.ObjectInputStream$PeekInputStream.read(Unknown Source)
	at java.io.ObjectInputStream$PeekInputStream.readFully(Unknown Source)
	at java.io.ObjectInputStream$BlockDataInputStream.readShort(Unknown Source)
	at java.io.ObjectInputStream.readStreamHeader(Unknown Source)
	at java.io.ObjectInputStream.<init>(Unknown Source)
	at org.python.pydev.editor.codecompletion.revisited.modules.CompiledModule.getCached(CompiledModule.java:296)
	at org.python.pydev.editor.codecompletion.revisited.modules.CompiledModule.<init>(CompiledModule.java:148)
	at org.python.pydev.editor.codecompletion.revisited.SystemModulesManager.getBuiltinModule(SystemModulesManager.java:325)
	at org.python.pydev.editor.codecompletion.revisited.SystemModulesManager.getBuiltinModule(SystemModulesManager.java:1)
	at org.python.pydev.editor.codecompletion.revisited.ProjectModulesManager.getModuleAndRelatedModulesManager(ProjectModulesManager.java:194)
	at org.python.pydev.editor.codecompletion.revisited.ProjectModulesManager.getModule(ProjectModulesManager.java:174)
	at org.python.pydev.editor.codecompletion.revisited.AbstractASTManager.getModule(AbstractASTManager.java:434)
	at org.python.pydev.editor.codecompletion.revisited.modules.SourceModule.findGlobalTokDef(SourceModule.java:1033)
	at org.python.pydev.editor.codecompletion.revisited.modules.SourceModule.findDefinitionsFromModAndTok(SourceModule.java:923)
	at org.python.pydev.editor.codecompletion.revisited.modules.SourceModule.findDefinition(SourceModule.java:905)
	at org.python.pydev.editor.codecompletion.revisited.modules.SourceModule.findDefinition(SourceModule.java:664)
	at org.python.pydev.editor.codecompletion.revisited.modules.SourceModule.findDefinition(SourceModule.java:1)
	at org.python.pydev.editor.refactoring.PyRefactoringFindDefinition.findActualDefinition(PyRefactoringFindDefinition.java:177)
	at org.python.pydev.editor.refactoring.PyRefactoringFindDefinition.findActualDefinition(PyRefactoringFindDefinition.java:79)
	at org.python.pydev.editor.hover.PyTextHover.getDocstringHover(PyTextHover.java:206)
	at org.python.pydev.editor.hover.PyTextHover.getHoverInfo(PyTextHover.java:150)
	at org.eclipse.jface.text.TextViewerHoverManager$4.run(TextViewerHoverManager.java:168)

!ENTRY org.python.pydev.shared_core 4 4 2014-09-17 20:56:38.856
!MESSAGE ERROR reading shell.
ProcessInfo:

 - Executed: D:\Python27\python.exe -u D:\Program Files\eclipse\plugins\org.python.pydev_3.7.0.201408261926\pysrc\pycompletionserver.py 2303

 - Environment:
ALLUSERSPROFILE=C:\ProgramData
APPDATA=C:\Users\Administrator\AppData\Roaming
COMMONPROGRAMFILES(X86)=C:\Program Files (x86)\Common Files
COMMONPROGRAMFILES=C:\Program Files\Common Files
COMMONPROGRAMW6432=C:\Program Files\Common Files
COMPUTERNAME=WINDOWS-MDHHCSM
COMSPEC=C:\Windows\system32\cmd.exe
DXSDK_DIR=D:\Program Files (x86)\Microsoft DirectX SDK (August 2006)\
FP_NO_HOST_CHECK=NO
HOMEDRIVE=C:
HOMEPATH=\Users\Administrator
JAVA_HOME=D:\Program Files\Java\jdk1.7.0_51
LIB=C:\Program Files\SQLXML 4.0\bin\
LOCALAPPDATA=C:\Users\Administrator\AppData\Local
LOGONSERVER=\\WINDOWS-MDHHCSM
MAVEN_HOME=D:\Program Files\maven
NUMBER_OF_PROCESSORS=4
OS=Windows_NT
PATH="D:\Program Files (x86)\Microsoft DirectX SDK (August 2006)\Utilities\Bin\x86";C:\Program Files (x86)\Intel\iCLS Client\;C:\Program Files\Intel\iCLS Client\;C:\Program Files (x86)\NVIDIA Corporation\PhysX\Common;C:\Windows\system32;C:\Windows;C:\Windows\System32\Wbem;C:\Windows\System32\WindowsPowerShell\v1.0\;C:\Program Files (x86)\Intel\OpenCL SDK\2.0\bin\x86;C:\Program Files (x86)\Intel\OpenCL SDK\2.0\bin\x64;C:\Program Files\Intel\Intel(R) Management Engine Components\DAL;C:\Program Files\Intel\Intel(R) Management Engine Components\IPT;C:\Program Files (x86)\Intel\Intel(R) Management Engine Components\DAL;C:\Program Files (x86)\Intel\Intel(R) Management Engine Components\IPT;C:\Program Files (x86)\Microsoft SQL Server\90\Tools\binn\;C:\Program Files (x86)\Microsoft SQL Server\80\Tools\Binn\;D:\Program Files\Microsoft SQL Server\90\DTS\Binn\;D:\Program Files\Microsoft SQL Server\90\Tools\binn\;C:\Program Files\Microsoft\Web Platform Installer\;C:\Program Files (x86)\Microsoft ASP.NET\ASP.NET Web Pages\v1.0\;C:\Program Files (x86)\Windows Kits\8.0\Windows Performance Toolkit\;C:\Program Files\Microsoft SQL Server\110\Tools\Binn\;D:\Program Files\Java\jdk1.7.0_51\bin;D:\Program Files\Java\jdk1.7.0_51\jre\bin;D:\Program Files\maven\bin;D:\Program Files\MySQL\MySQL Utilities 1.3.6\;D:\Python27\;D:\Python27\Scripts\
PATHEXT=.COM;.EXE;.BAT;.CMD;.VBS;.VBE;.JS;.JSE;.WSF;.WSH;.MSC
PROCESSOR_ARCHITECTURE=AMD64
PROCESSOR_IDENTIFIER=Intel64 Family 6 Model 58 Stepping 9, GenuineIntel
PROCESSOR_LEVEL=6
PROCESSOR_REVISION=3a09
PROGRAMDATA=C:\ProgramData
PROGRAMFILES(X86)=C:\Program Files (x86)
PROGRAMFILES=C:\Program Files
PROGRAMW6432=C:\Program Files
PROMPT=$P$G
PSMODULEPATH=C:\Windows\system32\WindowsPowerShell\v1.0\Modules\
PUBLIC=C:\Users\Public
PYTHONPATH=D:\Program Files\eclipse\plugins\org.python.pydev_3.7.0.201408261926\pysrc\pydev_sitecustomize;D:\Python27\DLLs;D:\Python27\lib;D:\Python27\lib\lib-tk;D:\Python27;D:\Python27\lib\site-packages;D:\Python27\lib\site-packages\wx-3.0-msw;D:\Python27\lib\site-packages\PIL;D:\Python27\lib\site-packages\sqlautocode-0.6b1-py2.7.egg;D:\Python27\lib\site-packages\sqlacodegen-1.1.5-py2.7.egg;D:\Python27\lib\site-packages\inflect-0.2.4-py2.7.egg
SESSIONNAME=Console
SYSTEMDRIVE=C:
SYSTEMROOT=C:\Windows
TEMP=C:\Users\ADMINI~1\AppData\Local\Temp
TMP=C:\Users\ADMINI~1\AppData\Local\Temp
USERDOMAIN=WINDOWS-MDHHCSM
USERNAME=Administrator
USERPROFILE=C:\Users\Administrator
VS110COMNTOOLS=D:\Program Files (x86)\Microsoft Visual Studio 11.0\Common7\Tools\
VS90COMNTOOLS=d:\Program Files (x86)\Microsoft Visual Studio 9.0\Common7\Tools\
WINDIR=C:\Windows
WINDOWS_TRACING_FLAGS=3
WINDOWS_TRACING_LOGFILE=C:\BVTBin\Tests\installpackage\csilogfile.log

 - Working Dir:
D:\Program Files\eclipse\plugins\org.python.pydev_3.7.0.201408261926\pysrc

 - OS:
Windows 7

 - Std output:


 - Err output:

!STACK 0
java.nio.channels.ClosedByInterruptException
	at java.nio.channels.spi.AbstractInterruptibleChannel.end(Unknown Source)
	at sun.nio.ch.SocketChannelImpl.read(Unknown Source)
	at sun.nio.ch.SocketAdaptor$SocketInputStream.read(Unknown Source)
	at sun.nio.ch.ChannelInputStream.read(Unknown Source)
	at java.io.InputStream.read(Unknown Source)
	at org.python.pydev.editor.codecompletion.shell.AbstractShell.read(AbstractShell.java:454)
	at org.python.pydev.editor.codecompletion.shell.AbstractShell.read(AbstractShell.java:506)
	at org.python.pydev.editor.codecompletion.shell.AbstractShell.writeAndGetResults(AbstractShell.java:692)
	at org.python.pydev.editor.codecompletion.shell.AbstractShell.getImportCompletions(AbstractShell.java:756)
	at org.python.pydev.editor.codecompletion.revisited.modules.CompiledModule.createTokensFromServer(CompiledModule.java:362)
	at org.python.pydev.editor.codecompletion.revisited.modules.CompiledModule.<init>(CompiledModule.java:167)
	at org.python.pydev.editor.codecompletion.revisited.SystemModulesManager.getBuiltinModule(SystemModulesManager.java:325)
	at org.python.pydev.editor.codecompletion.revisited.SystemModulesManager.getBuiltinModule(SystemModulesManager.java:1)
	at org.python.pydev.editor.codecompletion.revisited.ProjectModulesManager.getModuleAndRelatedModulesManager(ProjectModulesManager.java:194)
	at org.python.pydev.editor.codecompletion.revisited.ProjectModulesManager.getModule(ProjectModulesManager.java:174)
	at org.python.pydev.editor.codecompletion.revisited.AbstractASTManager.getModule(AbstractASTManager.java:434)
	at org.python.pydev.editor.codecompletion.revisited.modules.SourceModule.findGlobalTokDef(SourceModule.java:1033)
	at org.python.pydev.editor.codecompletion.revisited.modules.SourceModule.findDefinitionsFromModAndTok(SourceModule.java:923)
	at org.python.pydev.editor.codecompletion.revisited.modules.SourceModule.findDefinition(SourceModule.java:905)
	at org.python.pydev.editor.codecompletion.revisited.modules.SourceModule.findDefinition(SourceModule.java:664)
	at org.python.pydev.editor.codecompletion.revisited.modules.SourceModule.findDefinition(SourceModule.java:1)
	at org.python.pydev.editor.codecompletion.revisited.modules.CompiledModule.findDefinition(CompiledModule.java:640)
	at org.python.pydev.editor.codecompletion.revisited.modules.CompiledModule.findDefinition(CompiledModule.java:1)
	at org.python.pydev.editor.codecompletion.revisited.modules.SourceModule.findGlobalTokDef(SourceModule.java:1050)
	at org.python.pydev.editor.codecompletion.revisited.modules.SourceModule.findDefinitionsFromModAndTok(SourceModule.java:923)
	at org.python.pydev.editor.codecompletion.revisited.modules.SourceModule.findDefinition(SourceModule.java:905)
	at org.python.pydev.editor.codecompletion.revisited.modules.SourceModule.findDefinition(SourceModule.java:664)
	at org.python.pydev.editor.codecompletion.revisited.modules.SourceModule.findDefinition(SourceModule.java:1)
	at org.python.pydev.editor.refactoring.PyRefactoringFindDefinition.findActualDefinition(PyRefactoringFindDefinition.java:177)
	at org.python.pydev.editor.refactoring.PyRefactoringFindDefinition.findActualDefinition(PyRefactoringFindDefinition.java:79)
	at org.python.pydev.editor.hover.PyTextHover.getDocstringHover(PyTextHover.java:206)
	at org.python.pydev.editor.hover.PyTextHover.getHoverInfo(PyTextHover.java:150)
	at org.eclipse.jface.text.TextViewerHoverManager$4.run(TextViewerHoverManager.java:168)

!ENTRY org.python.pydev.shared_core 4 4 2014-09-17 21:43:06.373
!MESSAGE ERROR reading shell.
ProcessInfo:

 - Executed: D:\Python27\python.exe -u D:\Program Files\eclipse\plugins\org.python.pydev_3.7.0.201408261926\pysrc\pycompletionserver.py 2397

 - Environment:
ALLUSERSPROFILE=C:\ProgramData
APPDATA=C:\Users\Administrator\AppData\Roaming
COMMONPROGRAMFILES(X86)=C:\Program Files (x86)\Common Files
COMMONPROGRAMFILES=C:\Program Files\Common Files
COMMONPROGRAMW6432=C:\Program Files\Common Files
COMPUTERNAME=WINDOWS-MDHHCSM
COMSPEC=C:\Windows\system32\cmd.exe
DXSDK_DIR=D:\Program Files (x86)\Microsoft DirectX SDK (August 2006)\
FP_NO_HOST_CHECK=NO
HOMEDRIVE=C:
HOMEPATH=\Users\Administrator
JAVA_HOME=D:\Program Files\Java\jdk1.7.0_51
LIB=C:\Program Files\SQLXML 4.0\bin\
LOCALAPPDATA=C:\Users\Administrator\AppData\Local
LOGONSERVER=\\WINDOWS-MDHHCSM
MAVEN_HOME=D:\Program Files\maven
NUMBER_OF_PROCESSORS=4
OS=Windows_NT
PATH="D:\Program Files (x86)\Microsoft DirectX SDK (August 2006)\Utilities\Bin\x86";C:\Program Files (x86)\Intel\iCLS Client\;C:\Program Files\Intel\iCLS Client\;C:\Program Files (x86)\NVIDIA Corporation\PhysX\Common;C:\Windows\system32;C:\Windows;C:\Windows\System32\Wbem;C:\Windows\System32\WindowsPowerShell\v1.0\;C:\Program Files (x86)\Intel\OpenCL SDK\2.0\bin\x86;C:\Program Files (x86)\Intel\OpenCL SDK\2.0\bin\x64;C:\Program Files\Intel\Intel(R) Management Engine Components\DAL;C:\Program Files\Intel\Intel(R) Management Engine Components\IPT;C:\Program Files (x86)\Intel\Intel(R) Management Engine Components\DAL;C:\Program Files (x86)\Intel\Intel(R) Management Engine Components\IPT;C:\Program Files (x86)\Microsoft SQL Server\90\Tools\binn\;C:\Program Files (x86)\Microsoft SQL Server\80\Tools\Binn\;D:\Program Files\Microsoft SQL Server\90\DTS\Binn\;D:\Program Files\Microsoft SQL Server\90\Tools\binn\;C:\Program Files\Microsoft\Web Platform Installer\;C:\Program Files (x86)\Microsoft ASP.NET\ASP.NET Web Pages\v1.0\;C:\Program Files (x86)\Windows Kits\8.0\Windows Performance Toolkit\;C:\Program Files\Microsoft SQL Server\110\Tools\Binn\;D:\Program Files\Java\jdk1.7.0_51\bin;D:\Program Files\Java\jdk1.7.0_51\jre\bin;D:\Program Files\maven\bin;D:\Program Files\MySQL\MySQL Utilities 1.3.6\;D:\Python27\;D:\Python27\Scripts\
PATHEXT=.COM;.EXE;.BAT;.CMD;.VBS;.VBE;.JS;.JSE;.WSF;.WSH;.MSC
PROCESSOR_ARCHITECTURE=AMD64
PROCESSOR_IDENTIFIER=Intel64 Family 6 Model 58 Stepping 9, GenuineIntel
PROCESSOR_LEVEL=6
PROCESSOR_REVISION=3a09
PROGRAMDATA=C:\ProgramData
PROGRAMFILES(X86)=C:\Program Files (x86)
PROGRAMFILES=C:\Program Files
PROGRAMW6432=C:\Program Files
PROMPT=$P$G
PSMODULEPATH=C:\Windows\system32\WindowsPowerShell\v1.0\Modules\
PUBLIC=C:\Users\Public
PYTHONPATH=D:\Program Files\eclipse\plugins\org.python.pydev_3.7.0.201408261926\pysrc\pydev_sitecustomize;D:\Python27\DLLs;D:\Python27\lib;D:\Python27\lib\lib-tk;D:\Python27;D:\Python27\lib\site-packages;D:\Python27\lib\site-packages\wx-3.0-msw;D:\Python27\lib\site-packages\PIL;D:\Python27\lib\site-packages\sqlautocode-0.6b1-py2.7.egg;D:\Python27\lib\site-packages\sqlacodegen-1.1.5-py2.7.egg;D:\Python27\lib\site-packages\inflect-0.2.4-py2.7.egg
SESSIONNAME=Console
SYSTEMDRIVE=C:
SYSTEMROOT=C:\Windows
TEMP=C:\Users\ADMINI~1\AppData\Local\Temp
TMP=C:\Users\ADMINI~1\AppData\Local\Temp
USERDOMAIN=WINDOWS-MDHHCSM
USERNAME=Administrator
USERPROFILE=C:\Users\Administrator
VS110COMNTOOLS=D:\Program Files (x86)\Microsoft Visual Studio 11.0\Common7\Tools\
VS90COMNTOOLS=d:\Program Files (x86)\Microsoft Visual Studio 9.0\Common7\Tools\
WINDIR=C:\Windows
WINDOWS_TRACING_FLAGS=3
WINDOWS_TRACING_LOGFILE=C:\BVTBin\Tests\installpackage\csilogfile.log

 - Working Dir:
D:\Program Files\eclipse\plugins\org.python.pydev_3.7.0.201408261926\pysrc

 - OS:
Windows 7

 - Std output:


 - Err output:

!STACK 0
java.nio.channels.ClosedByInterruptException
	at java.nio.channels.spi.AbstractInterruptibleChannel.end(Unknown Source)
	at sun.nio.ch.SocketChannelImpl.write(Unknown Source)
	at java.nio.channels.Channels.writeFullyImpl(Unknown Source)
	at java.nio.channels.Channels.writeFully(Unknown Source)
	at java.nio.channels.Channels.access$000(Unknown Source)
	at java.nio.channels.Channels$1.write(Unknown Source)
	at java.io.OutputStream.write(Unknown Source)
	at org.python.pydev.editor.codecompletion.shell.AbstractShell.write(AbstractShell.java:544)
	at org.python.pydev.editor.codecompletion.shell.AbstractShell.writeAndGetResults(AbstractShell.java:691)
	at org.python.pydev.editor.codecompletion.shell.AbstractShell.getLineCol(AbstractShell.java:776)
	at org.python.pydev.editor.codecompletion.revisited.modules.CompiledModule.findDefinition(CompiledModule.java:596)
	at org.python.pydev.editor.codecompletion.revisited.modules.CompiledModule.findDefinition(CompiledModule.java:1)
	at org.python.pydev.editor.codecompletion.revisited.modules.SourceModule.findGlobalTokDef(SourceModule.java:1050)
	at org.python.pydev.editor.codecompletion.revisited.modules.SourceModule.findDefinitionsFromModAndTok(SourceModule.java:923)
	at org.python.pydev.editor.codecompletion.revisited.modules.SourceModule.findDefinition(SourceModule.java:905)
	at org.python.pydev.editor.codecompletion.revisited.modules.SourceModule.findDefinition(SourceModule.java:664)
	at org.python.pydev.editor.codecompletion.revisited.modules.SourceModule.findDefinition(SourceModule.java:1)
	at org.python.pydev.editor.codecompletion.revisited.modules.CompiledModule.findDefinition(CompiledModule.java:640)
	at org.python.pydev.editor.codecompletion.revisited.modules.CompiledModule.findDefinition(CompiledModule.java:1)
	at org.python.pydev.editor.codecompletion.revisited.modules.SourceModule.findDefinition(SourceModule.java:887)
	at org.python.pydev.editor.codecompletion.revisited.modules.SourceModule.findDefinition(SourceModule.java:664)
	at org.python.pydev.editor.codecompletion.revisited.modules.SourceModule.findDefinition(SourceModule.java:1)
	at org.python.pydev.editor.refactoring.PyRefactoringFindDefinition.findActualDefinition(PyRefactoringFindDefinition.java:177)
	at org.python.pydev.editor.refactoring.PyRefactoringFindDefinition.findActualDefinition(PyRefactoringFindDefinition.java:79)
	at org.python.pydev.editor.hover.PyTextHover.getDocstringHover(PyTextHover.java:206)
	at org.python.pydev.editor.hover.PyTextHover.getHoverInfo(PyTextHover.java:150)
	at org.eclipse.jface.text.TextViewerHoverManager$4.run(TextViewerHoverManager.java:168)

!ENTRY org.eclipse.ui 4 4 2014-09-17 21:46:45.340
!MESSAGE Could not retrieve EHandlerService or ICommandService from context evaluation context fororg.eclipse.wst.xml.ui.disable.grammar.constraints

!ENTRY org.eclipse.ui 4 4 2014-09-17 21:46:45.341
!MESSAGE Could not retrieve EHandlerService or ICommandService from context evaluation context fororg.eclipse.wst.xml.ui.reload.dependencies

!ENTRY org.eclipse.ui 4 4 2014-09-17 21:46:45.342
!MESSAGE Could not retrieve EHandlerService or ICommandService from context evaluation context fororg.eclipse.wst.xml.ui.disable.grammar.constraints

!ENTRY org.eclipse.ui 4 4 2014-09-17 21:46:45.343
!MESSAGE Could not retrieve EHandlerService or ICommandService from context evaluation context fororg.eclipse.wst.xml.ui.reload.dependencies

!ENTRY org.eclipse.ui 4 4 2014-09-17 21:46:45.344
!MESSAGE Could not retrieve EHandlerService or ICommandService from context evaluation context fororg.eclipse.wst.xml.ui.disable.grammar.constraints

!ENTRY org.eclipse.ui 4 4 2014-09-17 21:46:45.344
!MESSAGE Could not retrieve EHandlerService or ICommandService from context evaluation context fororg.eclipse.wst.xml.ui.reload.dependencies

!ENTRY org.eclipse.ui 4 4 2014-09-17 22:35:22.876
!MESSAGE Could not retrieve EHandlerService or ICommandService from context evaluation context fororg.eclipse.wst.xml.ui.disable.grammar.constraints

!ENTRY org.eclipse.ui 4 4 2014-09-17 22:35:22.877
!MESSAGE Could not retrieve EHandlerService or ICommandService from context evaluation context fororg.eclipse.wst.xml.ui.reload.dependencies

!ENTRY org.eclipse.ui 4 4 2014-09-17 22:35:22.880
!MESSAGE Could not retrieve EHandlerService or ICommandService from context evaluation context fororg.eclipse.wst.xml.ui.disable.grammar.constraints

!ENTRY org.eclipse.ui 4 4 2014-09-17 22:35:22.881
!MESSAGE Could not retrieve EHandlerService or ICommandService from context evaluation context fororg.eclipse.wst.xml.ui.reload.dependencies

!ENTRY org.eclipse.ui 4 4 2014-09-17 22:35:22.881
!MESSAGE Could not retrieve EHandlerService or ICommandService from context evaluation context fororg.eclipse.wst.xml.ui.disable.grammar.constraints

!ENTRY org.eclipse.ui 4 4 2014-09-17 22:35:22.882
!MESSAGE Could not retrieve EHandlerService or ICommandService from context evaluation context fororg.eclipse.wst.xml.ui.reload.dependencies
!SESSION 2014-09-18 20:32:24.074 -----------------------------------------------
eclipse.buildId=4.3.0.M20130911-1000
java.version=1.7.0_51
java.vendor=Oracle Corporation
BootLoader constants: OS=win32, ARCH=x86_64, WS=win32, NL=zh_CN
Framework arguments:  -product org.eclipse.epp.package.jee.product
Command-line arguments:  -os win32 -ws win32 -arch x86_64 -product org.eclipse.epp.package.jee.product

!ENTRY org.eclipse.emf.ecore 2 0 2014-09-18 20:33:02.786
!MESSAGE Both 'org.eclipse.m2e.model.edit' and 'org.maven.ide.eclipse.maven_model_edit' register a package for 'http://maven.apache.org/POM/4.0.0'

!ENTRY org.eclipse.emf.ecore 2 0 2014-09-18 20:33:02.848
!MESSAGE Both 'org.eclipse.m2e.model.edit' and 'org.maven.ide.eclipse.maven_model_edit' register an extension parser for 'pom'

!ENTRY org.python.pydev.shared_core 4 4 2014-09-18 20:33:53.533
!MESSAGE The python client still hasn't connected back to the eclipse java vm (will retry...)
!STACK 0
java.lang.RuntimeException: The python client still hasn't connected back to the eclipse java vm (will retry...)
	at org.python.pydev.core.log.Log.log(Log.java:54)
	at org.python.pydev.editor.codecompletion.shell.AbstractShell.startIt(AbstractShell.java:334)
	at org.python.pydev.editor.codecompletion.shell.ShellsContainer.getServerShell(ShellsContainer.java:232)
	at org.python.pydev.editor.codecompletion.shell.ShellsContainer.getServerShell(ShellsContainer.java:165)
	at org.python.pydev.editor.codecompletion.shell.AbstractShell.getServerShell(AbstractShell.java:222)
	at org.python.pydev.editor.PyEdit$1.run(PyEdit.java:512)

!ENTRY org.eclipse.egit.ui 2 0 2014-09-18 20:34:13.626
!MESSAGE Warning: EGit couldn't detect the installation path "gitPrefix" of native Git. Hence EGit can't respect system level
Git settings which might be configured in ${gitPrefix}/etc/gitconfig under the native Git installation directory.
The most important of these settings is core.autocrlf. Git for Windows by default sets this parameter to true in
this system level configuration. The Git installation location can be configured on the
Team > Git > Configuration preference page's 'System Settings' tab.
This warning can be switched off on the Team > Git > Confirmations and Warnings preference page.

!ENTRY org.eclipse.egit.ui 2 0 2014-09-18 20:34:13.626
!MESSAGE Warning: The environment variable HOME is not set. The following directory will be used to store the Git
user global configuration and to define the default location to store repositories: 'C:\Users\Administrator'. If this is
not correct please set the HOME environment variable and restart Eclipse. Otherwise Git for Windows and
EGit might behave differently since they see different configuration options.
This warning can be switched off on the Team > Git > Confirmations and Warnings preference page.

!ENTRY org.eclipse.jface 2 0 2014-09-18 20:34:17.026
!MESSAGE Keybinding conflicts occurred.  They may interfere with normal accelerator operation.
!SUBENTRY 1 org.eclipse.jface 2 0 2014-09-18 20:34:17.026
!MESSAGE A conflict occurred for CTRL+SHIFT+T:
Binding(CTRL+SHIFT+T,
	ParameterizedCommand(Command(org.eclipse.jdt.ui.navigate.open.type,Open Type,
		Open a type in a Java editor,
		Category(org.eclipse.ui.category.navigate,Navigate,null,true),
		org.eclipse.ui.internal.WorkbenchHandlerServiceHandler@15476543,
		,,true),null),
	org.eclipse.ui.defaultAcceleratorConfiguration,
	org.eclipse.ui.contexts.window,,,system)
Binding(CTRL+SHIFT+T,
	ParameterizedCommand(Command(com.python.pydev.analysis.actions.pyGlobalsBrowserWorkbench,Python Show Global Tokens (Global),
		Python Show Global Tokens (Global),
		Category(org.python.pydev.ui.category.source,PyDev - Editor,PyDev editor category,true),
		org.eclipse.ui.internal.WorkbenchHandlerServiceHandler@2491c9f,
		,,true),null),
	org.eclipse.ui.defaultAcceleratorConfiguration,
	com.python.pydev.contexts.window,,,system)
Binding(CTRL+SHIFT+T,
	ParameterizedCommand(Command(org.python.pydev.editor.actions.pyShowBrowser,Python Show Global Tokens (Editor),
		Python Show Global Tokens (Editor),
		Category(org.python.pydev.ui.category.source,PyDev - Editor,PyDev editor category,true),
		org.eclipse.ui.internal.WorkbenchHandlerServiceHandler@df60be5,
		,,true),null),
	org.eclipse.ui.defaultAcceleratorConfiguration,
	org.python.pydev.ui.editor.scope,,,system)

!ENTRY org.python.pydev.shared_core 4 4 2014-09-18 21:37:11.361
!MESSAGE Expected to find 'from' token as the current temporary token (begin col/line can be wrong)!
!STACK 0
java.lang.RuntimeException: Expected to find 'from' token as the current temporary token (begin col/line can be wrong)!
	at org.python.pydev.core.log.Log.log(Log.java:54)
	at org.python.pydev.parser.grammarcommon.AbstractTreeBuilder.makeImportFrom25Onwards(AbstractTreeBuilder.java:703)
	at org.python.pydev.parser.grammar27.TreeBuilder27.onCloseNode(TreeBuilder27.java:417)
	at org.python.pydev.parser.grammarcommon.AbstractTreeBuilder.closeNode(AbstractTreeBuilder.java:615)
	at org.python.pydev.parser.grammarcommon.JJTPythonGrammarState.closeNodeScope(JJTPythonGrammarState.java:212)
	at org.python.pydev.parser.grammar27.PythonGrammar27.ImportFrom(PythonGrammar27.java:2771)
	at org.python.pydev.parser.grammar27.PythonGrammar27.import_stmt(PythonGrammar27.java:2584)
	at org.python.pydev.parser.grammar27.PythonGrammar27.small_stmt(PythonGrammar27.java:943)
	at org.python.pydev.parser.grammar27.PythonGrammar27.simple_stmt(PythonGrammar27.java:862)
	at org.python.pydev.parser.grammar27.PythonGrammar27.stmt(PythonGrammar27.java:837)
	at org.python.pydev.parser.grammar27.PythonGrammar27.file_input(PythonGrammar27.java:203)
	at org.python.pydev.parser.grammar27.PythonGrammar27.file_input(PythonGrammar27.java:1)
	at org.python.pydev.parser.PyParser.reparseDocument(PyParser.java:541)
	at org.python.pydev.editor.codecompletion.revisited.modules.AbstractModule.createModuleFromDoc(AbstractModule.java:293)
	at org.python.pydev.editor.codecompletion.revisited.modules.AbstractModule.createModule(AbstractModule.java:272)
	at org.python.pydev.editor.codecompletion.revisited.ModulesManager.getModule(ModulesManager.java:917)
	at org.python.pydev.editor.codecompletion.revisited.ModulesManager.getModule(ModulesManager.java:765)
	at org.python.pydev.editor.codecompletion.revisited.SystemModulesManager.getModuleWithoutBuiltins(SystemModulesManager.java:357)
	at org.python.pydev.editor.codecompletion.revisited.ProjectModulesManager.getModuleAndRelatedModulesManager(ProjectModulesManager.java:212)
	at org.python.pydev.editor.codecompletion.revisited.ProjectModulesManager.getModule(ProjectModulesManager.java:174)
	at org.python.pydev.editor.codecompletion.revisited.ProjectModulesManager.getModule(ProjectModulesManager.java:160)
	at org.python.pydev.editor.codecompletion.revisited.AbstractASTManager.getModule(AbstractASTManager.java:449)
	at org.python.pydev.editor.codecompletion.revisited.AbstractASTManager.findModuleFromPath(AbstractASTManager.java:1490)
	at org.python.pydev.editor.codecompletion.revisited.AbstractASTManager.findOnImportedMods(AbstractASTManager.java:1323)
	at org.python.pydev.editor.codecompletion.revisited.AbstractASTManager.findOnImportedMods(AbstractASTManager.java:1253)
	at org.python.pydev.editor.codecompletion.revisited.AbstractASTManager.findTokensOnImportedMods(AbstractASTManager.java:1141)
	at org.python.pydev.editor.codecompletion.revisited.AbstractASTManager.internalGenerateGetCompletionsForModule(AbstractASTManager.java:679)
	at org.python.pydev.editor.codecompletion.revisited.AbstractASTManager.getCompletionsForModule(AbstractASTManager.java:541)
	at org.python.pydev.editor.codecompletion.revisited.AbstractASTManager.getCompletionsForModule(AbstractASTManager.java:510)
	at org.python.pydev.editor.codecompletion.revisited.AbstractASTManager.getCompletionsForModule(AbstractASTManager.java:502)
	at org.python.pydev.editor.codecompletion.revisited.AbstractASTManager.getCompletionsForModule(AbstractASTManager.java:493)
	at org.python.pydev.editor.codecompletion.revisited.AbstractASTManager.findTokensOnImportedMods(AbstractASTManager.java:1178)
	at org.python.pydev.editor.codecompletion.revisited.AbstractASTManager.internalGenerateGetCompletionsForModule(AbstractASTManager.java:679)
	at org.python.pydev.editor.codecompletion.revisited.AbstractASTManager.getCompletionsForModule(AbstractASTManager.java:541)
	at org.python.pydev.editor.codecompletion.revisited.AbstractASTManager.getCompletionsForModule(AbstractASTManager.java:510)
	at org.python.pydev.editor.codecompletion.revisited.AbstractASTManager.getCompletionsForModule(AbstractASTManager.java:502)
	at org.python.pydev.editor.codecompletion.revisited.AbstractASTManager.getCompletionsForModule(AbstractASTManager.java:493)
	at org.python.pydev.editor.codecompletion.revisited.AssignAnalysis.addNonFunctionDefCompletionsFromAssign(AssignAnalysis.java:264)
	at org.python.pydev.editor.codecompletion.revisited.AssignAnalysis.getAssignCompletions(AssignAnalysis.java:91)
	at org.python.pydev.editor.codecompletion.revisited.AbstractASTManager.getAssignCompletions(AbstractASTManager.java:802)
	at org.python.pydev.editor.codecompletion.revisited.AbstractASTManager.internalGenerateGetCompletionsForModule(AbstractASTManager.java:776)
	at org.python.pydev.editor.codecompletion.revisited.AbstractASTManager.getCompletionsForModule(AbstractASTManager.java:541)
	at org.python.pydev.editor.codecompletion.revisited.AbstractASTManager.getCompletionsForModule(AbstractASTManager.java:510)
	at org.python.pydev.editor.codecompletion.revisited.AbstractASTManager.getCompletionsForModule(AbstractASTManager.java:502)
	at org.python.pydev.editor.codecompletion.revisited.AbstractASTManager.getCompletionsForModule(AbstractASTManager.java:493)
	at org.python.pydev.editor.codecompletion.revisited.AssignAnalysis.addNonFunctionDefCompletionsFromAssign(AssignAnalysis.java:264)
	at org.python.pydev.editor.codecompletion.revisited.AssignAnalysis.getAssignCompletions(AssignAnalysis.java:91)
	at org.python.pydev.editor.codecompletion.revisited.AbstractASTManager.getAssignCompletions(AbstractASTManager.java:802)
	at org.python.pydev.editor.codecompletion.revisited.AbstractASTManager.internalGenerateGetCompletionsForModule(AbstractASTManager.java:776)
	at org.python.pydev.editor.codecompletion.revisited.AbstractASTManager.getCompletionsForModule(AbstractASTManager.java:541)
	at org.python.pydev.editor.codecompletion.revisited.AbstractASTManager.getCompletionsForModule(AbstractASTManager.java:510)
	at org.python.pydev.editor.codecompletion.revisited.AbstractASTManager.getCompletionsForModule(AbstractASTManager.java:502)
	at org.python.pydev.editor.codecompletion.revisited.AbstractASTManager.getCompletionsForModule(AbstractASTManager.java:493)
	at org.python.pydev.editor.codecompletion.revisited.AssignAnalysis.addNonFunctionDefCompletionsFromAssign(AssignAnalysis.java:264)
	at org.python.pydev.editor.codecompletion.revisited.AssignAnalysis.getAssignCompletions(AssignAnalysis.java:91)
	at org.python.pydev.editor.codecompletion.revisited.AbstractASTManager.getAssignCompletions(AbstractASTManager.java:802)
	at org.python.pydev.editor.codecompletion.revisited.AbstractASTManager.internalGenerateGetCompletionsForModule(AbstractASTManager.java:776)
	at org.python.pydev.editor.codecompletion.revisited.AbstractASTManager.getCompletionsForModule(AbstractASTManager.java:541)
	at org.python.pydev.editor.codecompletion.revisited.AbstractASTManager.getCompletionsForModule(AbstractASTManager.java:510)
	at org.python.pydev.editor.codecompletion.revisited.AbstractASTManager.getCompletionsForModule(AbstractASTManager.java:502)
	at org.python.pydev.editor.codecompletion.revisited.AbstractASTManager.getCompletionsForModule(AbstractASTManager.java:493)
	at org.python.pydev.editor.codecompletion.revisited.AbstractASTManager.findTokensOnImportedMods(AbstractASTManager.java:1178)
	at org.python.pydev.editor.codecompletion.revisited.AbstractASTManager.internalGenerateGetCompletionsForModule(AbstractASTManager.java:679)
	at org.python.pydev.editor.codecompletion.revisited.AbstractASTManager.getCompletionsForModule(AbstractASTManager.java:541)
	at org.python.pydev.editor.codecompletion.revisited.AbstractASTManager.getCompletionsForModule(AbstractASTManager.java:510)
	at org.python.pydev.editor.codecompletion.revisited.AbstractASTManager.getCompletionsForModule(AbstractASTManager.java:502)
	at org.python.pydev.editor.codecompletion.revisited.AbstractASTManager.getCompletionsForModule(AbstractASTManager.java:493)
	at org.python.pydev.editor.codecompletion.revisited.AssignAnalysis.addNonFunctionDefCompletionsFromAssign(AssignAnalysis.java:264)
	at org.python.pydev.editor.codecompletion.revisited.AssignAnalysis.getAssignCompletions(AssignAnalysis.java:91)
	at org.python.pydev.editor.codecompletion.revisited.AbstractASTManager.getAssignCompletions(AbstractASTManager.java:802)
	at org.python.pydev.editor.codecompletion.revisited.AbstractASTManager.internalGenerateGetCompletionsForModule(AbstractASTManager.java:776)
	at org.python.pydev.editor.codecompletion.revisited.AbstractASTManager.getCompletionsForModule(AbstractASTManager.java:541)
	at org.python.pydev.editor.codecompletion.revisited.AbstractASTManager.getCompletionsForModule(AbstractASTManager.java:510)
	at org.python.pydev.editor.codecompletion.PyCodeCompletion.doTokenCompletion(PyCodeCompletion.java:522)
	at org.python.pydev.editor.codecompletion.PyCodeCompletion.getCodeCompletionProposals(PyCodeCompletion.java:254)
	at org.python.pydev.editor.codecompletion.PythonCompletionProcessor.getPythonProposals(PythonCompletionProcessor.java:223)
	at org.python.pydev.editor.codecompletion.PythonCompletionProcessor.computeCompletionProposals(PythonCompletionProcessor.java:159)
	at org.python.pydev.editor.simpleassist.SimpleAssistProcessor.computeCompletionProposals(SimpleAssistProcessor.java:207)
	at org.eclipse.jface.text.contentassist.ContentAssistant.computeCompletionProposals(ContentAssistant.java:1839)
	at org.eclipse.jface.text.contentassist.CompletionProposalPopup.computeProposals(CompletionProposalPopup.java:566)
	at org.eclipse.jface.text.contentassist.CompletionProposalPopup.access$16(CompletionProposalPopup.java:563)
	at org.eclipse.jface.text.contentassist.CompletionProposalPopup$2.run(CompletionProposalPopup.java:498)
	at org.eclipse.swt.custom.BusyIndicator.showWhile(BusyIndicator.java:70)
	at org.eclipse.jface.text.contentassist.CompletionProposalPopup.showProposals(CompletionProposalPopup.java:492)
	at org.eclipse.jface.text.contentassist.ContentAssistant$2.run(ContentAssistant.java:378)
	at org.eclipse.swt.widgets.RunnableLock.run(RunnableLock.java:35)
	at org.eclipse.swt.widgets.Synchronizer.runAsyncMessages(Synchronizer.java:135)
	at org.eclipse.swt.widgets.Display.runAsyncMessages(Display.java:4145)
	at org.eclipse.swt.widgets.Display.readAndDispatch(Display.java:3762)
	at org.eclipse.e4.ui.internal.workbench.swt.PartRenderingEngine$9.run(PartRenderingEngine.java:1113)
	at org.eclipse.core.databinding.observable.Realm.runWithDefault(Realm.java:332)
	at org.eclipse.e4.ui.internal.workbench.swt.PartRenderingEngine.run(PartRenderingEngine.java:997)
	at org.eclipse.e4.ui.internal.workbench.E4Workbench.createAndRunUI(E4Workbench.java:138)
	at org.eclipse.ui.internal.Workbench$5.run(Workbench.java:610)
	at org.eclipse.core.databinding.observable.Realm.runWithDefault(Realm.java:332)
	at org.eclipse.ui.internal.Workbench.createAndRunWorkbench(Workbench.java:567)
	at org.eclipse.ui.PlatformUI.createAndRunWorkbench(PlatformUI.java:150)
	at org.eclipse.ui.internal.ide.application.IDEApplication.start(IDEApplication.java:124)
	at org.eclipse.equinox.internal.app.EclipseAppHandle.run(EclipseAppHandle.java:196)
	at org.eclipse.core.runtime.internal.adaptor.EclipseAppLauncher.runApplication(EclipseAppLauncher.java:110)
	at org.eclipse.core.runtime.internal.adaptor.EclipseAppLauncher.start(EclipseAppLauncher.java:79)
	at org.eclipse.core.runtime.adaptor.EclipseStarter.run(EclipseStarter.java:354)
	at org.eclipse.core.runtime.adaptor.EclipseStarter.run(EclipseStarter.java:181)
	at sun.reflect.NativeMethodAccessorImpl.invoke0(Native Method)
	at sun.reflect.NativeMethodAccessorImpl.invoke(Unknown Source)
	at sun.reflect.DelegatingMethodAccessorImpl.invoke(Unknown Source)
	at java.lang.reflect.Method.invoke(Unknown Source)
	at org.eclipse.equinox.launcher.Main.invokeFramework(Main.java:636)
	at org.eclipse.equinox.launcher.Main.basicRun(Main.java:591)
	at org.eclipse.equinox.launcher.Main.run(Main.java:1450)
	at org.eclipse.equinox.launcher.Main.main(Main.java:1426)

!ENTRY org.eclipse.jface 2 0 2014-09-18 21:46:27.137
!MESSAGE Keybinding conflicts occurred.  They may interfere with normal accelerator operation.
!SUBENTRY 1 org.eclipse.jface 2 0 2014-09-18 21:46:27.137
!MESSAGE A conflict occurred for CTRL+SHIFT+3:
Binding(CTRL+SHIFT+3,
	ParameterizedCommand(Command(org.eclipse.wst.jsdt.debug.ui.script.opensource,Open Source,
		Shows the JavaScript source for the selected script element,
		Category(org.eclipse.wst.jsdt.debug.ui.category,JavaScript Debug,Tooling for debugging JavaScript,true),
		org.eclipse.ui.internal.WorkbenchHandlerServiceHandler@3b8aa0f4,
		,,true),null),
	org.eclipse.ui.defaultAcceleratorConfiguration,
	org.eclipse.debug.ui.debugging,,,system)
Binding(CTRL+SHIFT+3,
	ParameterizedCommand(Command(org.python.pydev.editor.actions.uncomment,Python Uncomment,
		Uncomments a python line (Removes # from the beggining of the line),
		Category(org.python.pydev.ui.category.source,PyDev - Editor,PyDev editor category,true),
		org.eclipse.ui.internal.WorkbenchHandlerServiceHandler@a4d11b6,
		,,true),null),
	org.eclipse.ui.defaultAcceleratorConfiguration,
	org.python.pydev.ui.editor.scope,,,system)

!ENTRY org.python.pydev.shared_core 4 4 2014-09-18 22:02:35.068
!MESSAGE ERROR reading shell.
ProcessInfo:

 - Executed: D:\Python27\python.exe -u D:\Program Files\eclipse\plugins\org.python.pydev_3.7.0.201408261926\pysrc\pycompletionserver.py 1330

 - Environment:
ALLUSERSPROFILE=C:\ProgramData
APPDATA=C:\Users\Administrator\AppData\Roaming
COMMONPROGRAMFILES(X86)=C:\Program Files (x86)\Common Files
COMMONPROGRAMFILES=C:\Program Files\Common Files
COMMONPROGRAMW6432=C:\Program Files\Common Files
COMPUTERNAME=WINDOWS-MDHHCSM
COMSPEC=C:\Windows\system32\cmd.exe
DXSDK_DIR=D:\Program Files (x86)\Microsoft DirectX SDK (August 2006)\
FP_NO_HOST_CHECK=NO
HOMEDRIVE=C:
HOMEPATH=\Users\Administrator
JAVA_HOME=D:\Program Files\Java\jdk1.7.0_51
LIB=C:\Program Files\SQLXML 4.0\bin\
LOCALAPPDATA=C:\Users\Administrator\AppData\Local
LOGONSERVER=\\WINDOWS-MDHHCSM
MAVEN_HOME=D:\Program Files\maven
NUMBER_OF_PROCESSORS=4
OS=Windows_NT
PATH="D:\Program Files (x86)\Microsoft DirectX SDK (August 2006)\Utilities\Bin\x86";C:\Program Files (x86)\Intel\iCLS Client\;C:\Program Files\Intel\iCLS Client\;C:\Program Files (x86)\NVIDIA Corporation\PhysX\Common;C:\Windows\system32;C:\Windows;C:\Windows\System32\Wbem;C:\Windows\System32\WindowsPowerShell\v1.0\;C:\Program Files (x86)\Intel\OpenCL SDK\2.0\bin\x86;C:\Program Files (x86)\Intel\OpenCL SDK\2.0\bin\x64;C:\Program Files\Intel\Intel(R) Management Engine Components\DAL;C:\Program Files\Intel\Intel(R) Management Engine Components\IPT;C:\Program Files (x86)\Intel\Intel(R) Management Engine Components\DAL;C:\Program Files (x86)\Intel\Intel(R) Management Engine Components\IPT;C:\Program Files (x86)\Microsoft SQL Server\90\Tools\binn\;C:\Program Files (x86)\Microsoft SQL Server\80\Tools\Binn\;D:\Program Files\Microsoft SQL Server\90\DTS\Binn\;D:\Program Files\Microsoft SQL Server\90\Tools\binn\;C:\Program Files\Microsoft\Web Platform Installer\;C:\Program Files (x86)\Microsoft ASP.NET\ASP.NET Web Pages\v1.0\;C:\Program Files (x86)\Windows Kits\8.0\Windows Performance Toolkit\;C:\Program Files\Microsoft SQL Server\110\Tools\Binn\;D:\Program Files\Java\jdk1.7.0_51\bin;D:\Program Files\Java\jdk1.7.0_51\jre\bin;D:\Program Files\maven\bin;D:\Program Files\MySQL\MySQL Utilities 1.3.6\;D:\Python27\;D:\Python27\Scripts\
PATHEXT=.COM;.EXE;.BAT;.CMD;.VBS;.VBE;.JS;.JSE;.WSF;.WSH;.MSC
PROCESSOR_ARCHITECTURE=AMD64
PROCESSOR_IDENTIFIER=Intel64 Family 6 Model 58 Stepping 9, GenuineIntel
PROCESSOR_LEVEL=6
PROCESSOR_REVISION=3a09
PROGRAMDATA=C:\ProgramData
PROGRAMFILES(X86)=C:\Program Files (x86)
PROGRAMFILES=C:\Program Files
PROGRAMW6432=C:\Program Files
PROMPT=$P$G
PSMODULEPATH=C:\Windows\system32\WindowsPowerShell\v1.0\Modules\
PUBLIC=C:\Users\Public
PYTHONPATH=D:\Program Files\eclipse\plugins\org.python.pydev_3.7.0.201408261926\pysrc\pydev_sitecustomize;D:\Python27\DLLs;D:\Python27\lib;D:\Python27\lib\lib-tk;D:\Python27;D:\Python27\lib\site-packages;D:\Python27\lib\site-packages\wx-3.0-msw;D:\Python27\lib\site-packages\PIL;D:\Python27\lib\site-packages\sqlautocode-0.6b1-py2.7.egg;D:\Python27\lib\site-packages\sqlacodegen-1.1.5-py2.7.egg;D:\Python27\lib\site-packages\inflect-0.2.4-py2.7.egg
SESSIONNAME=Console
SYSTEMDRIVE=C:
SYSTEMROOT=C:\Windows
TEMP=C:\Users\ADMINI~1\AppData\Local\Temp
TMP=C:\Users\ADMINI~1\AppData\Local\Temp
USERDOMAIN=WINDOWS-MDHHCSM
USERNAME=Administrator
USERPROFILE=C:\Users\Administrator
VS110COMNTOOLS=D:\Program Files (x86)\Microsoft Visual Studio 11.0\Common7\Tools\
VS90COMNTOOLS=d:\Program Files (x86)\Microsoft Visual Studio 9.0\Common7\Tools\
WINDIR=C:\Windows
WINDOWS_TRACING_FLAGS=3
WINDOWS_TRACING_LOGFILE=C:\BVTBin\Tests\installpackage\csilogfile.log

 - Working Dir:
D:\Program Files\eclipse\plugins\org.python.pydev_3.7.0.201408261926\pysrc

 - OS:
Windows 7

 - Std output:


 - Err output:

!STACK 0
java.nio.channels.ClosedByInterruptException
	at java.nio.channels.spi.AbstractInterruptibleChannel.end(Unknown Source)
	at sun.nio.ch.SocketChannelImpl.write(Unknown Source)
	at java.nio.channels.Channels.writeFullyImpl(Unknown Source)
	at java.nio.channels.Channels.writeFully(Unknown Source)
	at java.nio.channels.Channels.access$000(Unknown Source)
	at java.nio.channels.Channels$1.write(Unknown Source)
	at java.io.OutputStream.write(Unknown Source)
	at org.python.pydev.editor.codecompletion.shell.AbstractShell.write(AbstractShell.java:544)
	at org.python.pydev.editor.codecompletion.shell.AbstractShell.writeAndGetResults(AbstractShell.java:691)
	at org.python.pydev.editor.codecompletion.shell.AbstractShell.getLineCol(AbstractShell.java:776)
	at org.python.pydev.editor.codecompletion.revisited.modules.CompiledModule.findDefinition(CompiledModule.java:596)
	at org.python.pydev.editor.codecompletion.revisited.modules.CompiledModule.findDefinition(CompiledModule.java:1)
	at org.python.pydev.editor.codecompletion.revisited.modules.SourceModule.findGlobalTokDef(SourceModule.java:1050)
	at org.python.pydev.editor.codecompletion.revisited.modules.SourceModule.findDefinitionsFromModAndTok(SourceModule.java:923)
	at org.python.pydev.editor.codecompletion.revisited.modules.SourceModule.findDefinition(SourceModule.java:905)
	at org.python.pydev.editor.codecompletion.revisited.modules.SourceModule.findDefinition(SourceModule.java:664)
	at org.python.pydev.editor.codecompletion.revisited.modules.SourceModule.findDefinition(SourceModule.java:1)
	at org.python.pydev.editor.codecompletion.revisited.modules.CompiledModule.findDefinition(CompiledModule.java:640)
	at org.python.pydev.editor.codecompletion.revisited.modules.CompiledModule.findDefinition(CompiledModule.java:1)
	at org.python.pydev.editor.codecompletion.revisited.modules.SourceModule.findGlobalTokDef(SourceModule.java:1050)
	at org.python.pydev.editor.codecompletion.revisited.modules.SourceModule.findDefinitionsFromModAndTok(SourceModule.java:923)
	at org.python.pydev.editor.codecompletion.revisited.modules.SourceModule.findDefinition(SourceModule.java:905)
	at org.python.pydev.editor.codecompletion.revisited.modules.SourceModule.findDefinition(SourceModule.java:664)
	at org.python.pydev.editor.codecompletion.revisited.modules.SourceModule.findDefinition(SourceModule.java:1)
	at org.python.pydev.editor.codecompletion.revisited.modules.CompiledModule.findDefinition(CompiledModule.java:640)
	at org.python.pydev.editor.codecompletion.revisited.modules.CompiledModule.findDefinition(CompiledModule.java:1)
	at org.python.pydev.editor.codecompletion.revisited.modules.SourceModule.findDefinition(SourceModule.java:887)
	at org.python.pydev.editor.codecompletion.revisited.modules.SourceModule.findDefinition(SourceModule.java:664)
	at org.python.pydev.editor.codecompletion.revisited.modules.SourceModule.findDefinition(SourceModule.java:1)
	at org.python.pydev.editor.refactoring.PyRefactoringFindDefinition.findActualDefinition(PyRefactoringFindDefinition.java:177)
	at org.python.pydev.editor.refactoring.PyRefactoringFindDefinition.findActualDefinition(PyRefactoringFindDefinition.java:79)
	at org.python.pydev.editor.hover.PyTextHover.getDocstringHover(PyTextHover.java:206)
	at org.python.pydev.editor.hover.PyTextHover.getHoverInfo(PyTextHover.java:150)
	at org.eclipse.jface.text.TextViewerHoverManager$4.run(TextViewerHoverManager.java:168)

!ENTRY org.python.pydev.shared_core 4 4 2014-09-18 22:12:56.135
!MESSAGE ERROR reading shell.
ProcessInfo:

 - Executed: D:\Python27\python.exe -u D:\Program Files\eclipse\plugins\org.python.pydev_3.7.0.201408261926\pysrc\pycompletionserver.py 3731

 - Environment:
ALLUSERSPROFILE=C:\ProgramData
APPDATA=C:\Users\Administrator\AppData\Roaming
COMMONPROGRAMFILES(X86)=C:\Program Files (x86)\Common Files
COMMONPROGRAMFILES=C:\Program Files\Common Files
COMMONPROGRAMW6432=C:\Program Files\Common Files
COMPUTERNAME=WINDOWS-MDHHCSM
COMSPEC=C:\Windows\system32\cmd.exe
DXSDK_DIR=D:\Program Files (x86)\Microsoft DirectX SDK (August 2006)\
FP_NO_HOST_CHECK=NO
HOMEDRIVE=C:
HOMEPATH=\Users\Administrator
JAVA_HOME=D:\Program Files\Java\jdk1.7.0_51
LIB=C:\Program Files\SQLXML 4.0\bin\
LOCALAPPDATA=C:\Users\Administrator\AppData\Local
LOGONSERVER=\\WINDOWS-MDHHCSM
MAVEN_HOME=D:\Program Files\maven
NUMBER_OF_PROCESSORS=4
OS=Windows_NT
PATH="D:\Program Files (x86)\Microsoft DirectX SDK (August 2006)\Utilities\Bin\x86";C:\Program Files (x86)\Intel\iCLS Client\;C:\Program Files\Intel\iCLS Client\;C:\Program Files (x86)\NVIDIA Corporation\PhysX\Common;C:\Windows\system32;C:\Windows;C:\Windows\System32\Wbem;C:\Windows\System32\WindowsPowerShell\v1.0\;C:\Program Files (x86)\Intel\OpenCL SDK\2.0\bin\x86;C:\Program Files (x86)\Intel\OpenCL SDK\2.0\bin\x64;C:\Program Files\Intel\Intel(R) Management Engine Components\DAL;C:\Program Files\Intel\Intel(R) Management Engine Components\IPT;C:\Program Files (x86)\Intel\Intel(R) Management Engine Components\DAL;C:\Program Files (x86)\Intel\Intel(R) Management Engine Components\IPT;C:\Program Files (x86)\Microsoft SQL Server\90\Tools\binn\;C:\Program Files (x86)\Microsoft SQL Server\80\Tools\Binn\;D:\Program Files\Microsoft SQL Server\90\DTS\Binn\;D:\Program Files\Microsoft SQL Server\90\Tools\binn\;C:\Program Files\Microsoft\Web Platform Installer\;C:\Program Files (x86)\Microsoft ASP.NET\ASP.NET Web Pages\v1.0\;C:\Program Files (x86)\Windows Kits\8.0\Windows Performance Toolkit\;C:\Program Files\Microsoft SQL Server\110\Tools\Binn\;D:\Program Files\Java\jdk1.7.0_51\bin;D:\Program Files\Java\jdk1.7.0_51\jre\bin;D:\Program Files\maven\bin;D:\Program Files\MySQL\MySQL Utilities 1.3.6\;D:\Python27\;D:\Python27\Scripts\
PATHEXT=.COM;.EXE;.BAT;.CMD;.VBS;.VBE;.JS;.JSE;.WSF;.WSH;.MSC
PROCESSOR_ARCHITECTURE=AMD64
PROCESSOR_IDENTIFIER=Intel64 Family 6 Model 58 Stepping 9, GenuineIntel
PROCESSOR_LEVEL=6
PROCESSOR_REVISION=3a09
PROGRAMDATA=C:\ProgramData
PROGRAMFILES(X86)=C:\Program Files (x86)
PROGRAMFILES=C:\Program Files
PROGRAMW6432=C:\Program Files
PROMPT=$P$G
PSMODULEPATH=C:\Windows\system32\WindowsPowerShell\v1.0\Modules\
PUBLIC=C:\Users\Public
PYTHONPATH=D:\Program Files\eclipse\plugins\org.python.pydev_3.7.0.201408261926\pysrc\pydev_sitecustomize;D:\Python27\DLLs;D:\Python27\lib;D:\Python27\lib\lib-tk;D:\Python27;D:\Python27\lib\site-packages;D:\Python27\lib\site-packages\wx-3.0-msw;D:\Python27\lib\site-packages\PIL;D:\Python27\lib\site-packages\sqlautocode-0.6b1-py2.7.egg;D:\Python27\lib\site-packages\sqlacodegen-1.1.5-py2.7.egg;D:\Python27\lib\site-packages\inflect-0.2.4-py2.7.egg
SESSIONNAME=Console
SYSTEMDRIVE=C:
SYSTEMROOT=C:\Windows
TEMP=C:\Users\ADMINI~1\AppData\Local\Temp
TMP=C:\Users\ADMINI~1\AppData\Local\Temp
USERDOMAIN=WINDOWS-MDHHCSM
USERNAME=Administrator
USERPROFILE=C:\Users\Administrator
VS110COMNTOOLS=D:\Program Files (x86)\Microsoft Visual Studio 11.0\Common7\Tools\
VS90COMNTOOLS=d:\Program Files (x86)\Microsoft Visual Studio 9.0\Common7\Tools\
WINDIR=C:\Windows
WINDOWS_TRACING_FLAGS=3
WINDOWS_TRACING_LOGFILE=C:\BVTBin\Tests\installpackage\csilogfile.log

 - Working Dir:
D:\Program Files\eclipse\plugins\org.python.pydev_3.7.0.201408261926\pysrc

 - OS:
Windows 7

 - Std output:


 - Err output:

!STACK 0
java.nio.channels.ClosedByInterruptException
	at java.nio.channels.spi.AbstractInterruptibleChannel.end(Unknown Source)
	at sun.nio.ch.SocketChannelImpl.write(Unknown Source)
	at java.nio.channels.Channels.writeFullyImpl(Unknown Source)
	at java.nio.channels.Channels.writeFully(Unknown Source)
	at java.nio.channels.Channels.access$000(Unknown Source)
	at java.nio.channels.Channels$1.write(Unknown Source)
	at java.io.OutputStream.write(Unknown Source)
	at org.python.pydev.editor.codecompletion.shell.AbstractShell.write(AbstractShell.java:544)
	at org.python.pydev.editor.codecompletion.shell.AbstractShell.writeAndGetResults(AbstractShell.java:691)
	at org.python.pydev.editor.codecompletion.shell.AbstractShell.getLineCol(AbstractShell.java:776)
	at org.python.pydev.editor.codecompletion.revisited.modules.CompiledModule.findDefinition(CompiledModule.java:596)
	at org.python.pydev.editor.codecompletion.revisited.modules.CompiledModule.findDefinition(CompiledModule.java:1)
	at org.python.pydev.editor.codecompletion.revisited.modules.SourceModule.findGlobalTokDef(SourceModule.java:1050)
	at org.python.pydev.editor.codecompletion.revisited.modules.SourceModule.findDefinitionsFromModAndTok(SourceModule.java:923)
	at org.python.pydev.editor.codecompletion.revisited.modules.SourceModule.findDefinition(SourceModule.java:905)
	at org.python.pydev.editor.codecompletion.revisited.modules.SourceModule.findDefinition(SourceModule.java:664)
	at org.python.pydev.editor.codecompletion.revisited.modules.SourceModule.findDefinition(SourceModule.java:1)
	at org.python.pydev.editor.codecompletion.revisited.modules.CompiledModule.findDefinition(CompiledModule.java:640)
	at org.python.pydev.editor.codecompletion.revisited.modules.CompiledModule.findDefinition(CompiledModule.java:1)
	at org.python.pydev.editor.codecompletion.revisited.modules.SourceModule.findDefinition(SourceModule.java:887)
	at org.python.pydev.editor.codecompletion.revisited.modules.SourceModule.findDefinition(SourceModule.java:664)
	at org.python.pydev.editor.codecompletion.revisited.modules.SourceModule.findDefinition(SourceModule.java:1)
	at org.python.pydev.editor.refactoring.PyRefactoringFindDefinition.findActualDefinition(PyRefactoringFindDefinition.java:177)
	at org.python.pydev.editor.refactoring.PyRefactoringFindDefinition.findActualDefinition(PyRefactoringFindDefinition.java:79)
	at org.python.pydev.editor.hover.PyTextHover.getDocstringHover(PyTextHover.java:206)
	at org.python.pydev.editor.hover.PyTextHover.getHoverInfo(PyTextHover.java:150)
	at org.eclipse.jface.text.TextViewerHoverManager$4.run(TextViewerHoverManager.java:168)

!ENTRY org.python.pydev.shared_core 4 4 2014-09-18 22:47:21.731
!MESSAGE Marker id 25115 not found.
!STACK 1
org.eclipse.core.internal.resources.ResourceException: Marker id 25115 not found.
	at org.eclipse.core.internal.resources.Marker.checkInfo(Marker.java:57)
	at org.eclipse.core.internal.resources.Marker.getAttribute(Marker.java:98)
	at org.python.pydev.debug.model.PyBreakpoint.getType(PyBreakpoint.java:155)
	at org.python.pydev.debug.model.AbstractDebugTarget.breakpointRemoved(AbstractDebugTarget.java:352)
	at org.eclipse.debug.internal.core.BreakpointManager$BreakpointNotifier.run(BreakpointManager.java:995)
	at org.eclipse.core.runtime.SafeRunner.run(SafeRunner.java:42)
	at org.eclipse.debug.internal.core.BreakpointManager$BreakpointNotifier.notify(BreakpointManager.java:1018)
	at org.eclipse.debug.internal.core.BreakpointManager.fireUpdate(BreakpointManager.java:932)
	at org.eclipse.debug.internal.core.BreakpointManager.removeBreakpoints(BreakpointManager.java:503)
	at org.eclipse.debug.internal.core.BreakpointManager$BreakpointManagerVisitor.update(BreakpointManager.java:754)
	at org.eclipse.debug.internal.core.BreakpointManager.resourceChanged(BreakpointManager.java:688)
	at org.eclipse.core.internal.events.NotificationManager$1.run(NotificationManager.java:291)
	at org.eclipse.core.runtime.SafeRunner.run(SafeRunner.java:42)
	at org.eclipse.core.internal.events.NotificationManager.notify(NotificationManager.java:285)
	at org.eclipse.core.internal.events.NotificationManager.broadcastChanges(NotificationManager.java:149)
	at org.eclipse.core.internal.resources.Workspace.broadcastBuildEvent(Workspace.java:382)
	at org.eclipse.core.internal.events.AutoBuildJob.doBuild(AutoBuildJob.java:146)
	at org.eclipse.core.internal.events.AutoBuildJob.run(AutoBuildJob.java:241)
	at org.eclipse.core.internal.jobs.Worker.run(Worker.java:53)
!SUBENTRY 1 org.eclipse.core.resources 4 376 2014-09-18 22:47:21.743
!MESSAGE Marker id 25115 not found.

!ENTRY org.python.pydev.shared_core 4 4 2014-09-18 22:49:44.752
!MESSAGE Unhandled: ExtSlice[dims=[Index[value=Num[n=0, type=Int, num=0]], Index[value=Num[n=4, type=Int, num=4]]]]
!STACK 0
java.lang.RuntimeException: Unhandled: ExtSlice[dims=[Index[value=Num[n=0, type=Int, num=0]], Index[value=Num[n=4, type=Int, num=4]]]]
	at org.python.pydev.parser.prettyprinterv2.MakeAstValidForPrettyPrintingVisitor.unhandled_node(MakeAstValidForPrettyPrintingVisitor.java:105)
	at org.python.pydev.parser.jython.ast.VisitorBase.visitExtSlice(VisitorBase.java:345)
	at org.python.pydev.parser.jython.ast.ExtSlice.accept(ExtSlice.java:79)
	at org.python.pydev.parser.prettyprinterv2.MakeAstValidForPrettyPrintingVisitor.visitSubscript(MakeAstValidForPrettyPrintingVisitor.java:933)
	at org.python.pydev.parser.jython.ast.Subscript.accept(Subscript.java:93)
	at org.python.pydev.parser.prettyprinterv2.MakeAstValidForPrettyPrintingVisitor.visitCommaSeparated(MakeAstValidForPrettyPrintingVisitor.java:296)
	at org.python.pydev.parser.prettyprinterv2.MakeAstValidForPrettyPrintingVisitor.visitTuple(MakeAstValidForPrettyPrintingVisitor.java:276)
	at org.python.pydev.parser.jython.ast.Tuple.accept(Tuple.java:95)
	at org.python.pydev.parser.prettyprinterv2.MakeAstValidForPrettyPrintingVisitor.visitBinOp(MakeAstValidForPrettyPrintingVisitor.java:206)
	at org.python.pydev.parser.jython.ast.BinOp.accept(BinOp.java:93)
	at org.python.pydev.parser.prettyprinterv2.MakeAstValidForPrettyPrintingVisitor.visitAssign(MakeAstValidForPrettyPrintingVisitor.java:184)
	at org.python.pydev.parser.jython.ast.Assign.accept(Assign.java:90)
	at org.python.pydev.parser.prettyprinterv2.MakeAstValidForPrettyPrintingVisitor.makeValid(MakeAstValidForPrettyPrintingVisitor.java:171)
	at org.python.pydev.editor.hover.PyTextHover.getDocstringHover(PyTextHover.java:238)
	at org.python.pydev.editor.hover.PyTextHover.getHoverInfo(PyTextHover.java:150)
	at org.eclipse.jface.text.TextViewerHoverManager$4.run(TextViewerHoverManager.java:168)

!ENTRY org.eclipse.ui 4 4 2014-09-18 22:50:48.448
!MESSAGE Could not retrieve EHandlerService or ICommandService from context evaluation context fororg.eclipse.wst.xml.ui.disable.grammar.constraints

!ENTRY org.eclipse.ui 4 4 2014-09-18 22:50:48.449
!MESSAGE Could not retrieve EHandlerService or ICommandService from context evaluation context fororg.eclipse.wst.xml.ui.reload.dependencies

!ENTRY org.eclipse.ui 4 4 2014-09-18 22:50:48.450
!MESSAGE Could not retrieve EHandlerService or ICommandService from context evaluation context fororg.eclipse.wst.xml.ui.disable.grammar.constraints

!ENTRY org.eclipse.ui 4 4 2014-09-18 22:50:48.451
!MESSAGE Could not retrieve EHandlerService or ICommandService from context evaluation context fororg.eclipse.wst.xml.ui.reload.dependencies

!ENTRY org.eclipse.ui 4 4 2014-09-18 22:50:48.452
!MESSAGE Could not retrieve EHandlerService or ICommandService from context evaluation context fororg.eclipse.wst.xml.ui.disable.grammar.constraints

!ENTRY org.eclipse.ui 4 4 2014-09-18 22:50:48.453
!MESSAGE Could not retrieve EHandlerService or ICommandService from context evaluation context fororg.eclipse.wst.xml.ui.reload.dependencies

!ENTRY org.python.pydev.shared_core 4 4 2014-09-18 22:50:50.233
!MESSAGE Unhandled: ExtSlice[dims=[Index[value=Num[n=0, type=Int, num=0]], Index[value=Num[n=4, type=Int, num=4]]]]
!STACK 0
java.lang.RuntimeException: Unhandled: ExtSlice[dims=[Index[value=Num[n=0, type=Int, num=0]], Index[value=Num[n=4, type=Int, num=4]]]]
	at org.python.pydev.parser.prettyprinterv2.MakeAstValidForPrettyPrintingVisitor.unhandled_node(MakeAstValidForPrettyPrintingVisitor.java:105)
	at org.python.pydev.parser.jython.ast.VisitorBase.visitExtSlice(VisitorBase.java:345)
	at org.python.pydev.parser.jython.ast.ExtSlice.accept(ExtSlice.java:79)
	at org.python.pydev.parser.prettyprinterv2.MakeAstValidForPrettyPrintingVisitor.visitSubscript(MakeAstValidForPrettyPrintingVisitor.java:933)
	at org.python.pydev.parser.jython.ast.Subscript.accept(Subscript.java:93)
	at org.python.pydev.parser.prettyprinterv2.MakeAstValidForPrettyPrintingVisitor.visitCommaSeparated(MakeAstValidForPrettyPrintingVisitor.java:296)
	at org.python.pydev.parser.prettyprinterv2.MakeAstValidForPrettyPrintingVisitor.visitTuple(MakeAstValidForPrettyPrintingVisitor.java:276)
	at org.python.pydev.parser.jython.ast.Tuple.accept(Tuple.java:95)
	at org.python.pydev.parser.prettyprinterv2.MakeAstValidForPrettyPrintingVisitor.visitBinOp(MakeAstValidForPrettyPrintingVisitor.java:206)
	at org.python.pydev.parser.jython.ast.BinOp.accept(BinOp.java:93)
	at org.python.pydev.parser.prettyprinterv2.MakeAstValidForPrettyPrintingVisitor.visitCommaSeparated(MakeAstValidForPrettyPrintingVisitor.java:296)
	at org.python.pydev.parser.prettyprinterv2.MakeAstValidForPrettyPrintingVisitor.visitTuple(MakeAstValidForPrettyPrintingVisitor.java:276)
	at org.python.pydev.parser.jython.ast.Tuple.accept(Tuple.java:95)
	at org.python.pydev.parser.prettyprinterv2.MakeAstValidForPrettyPrintingVisitor.visitAssign(MakeAstValidForPrettyPrintingVisitor.java:184)
	at org.python.pydev.parser.jython.ast.Assign.accept(Assign.java:90)
	at org.python.pydev.parser.prettyprinterv2.MakeAstValidForPrettyPrintingVisitor.makeValid(MakeAstValidForPrettyPrintingVisitor.java:171)
	at org.python.pydev.editor.hover.PyTextHover.getDocstringHover(PyTextHover.java:238)
	at org.python.pydev.editor.hover.PyTextHover.getHoverInfo(PyTextHover.java:150)
	at org.eclipse.jface.text.TextViewerHoverManager$4.run(TextViewerHoverManager.java:168)

!ENTRY org.python.pydev.shared_core 4 4 2014-09-18 22:51:25.733
!MESSAGE Unhandled: ExtSlice[dims=[Index[value=Num[n=0, type=Int, num=0]], Index[value=Num[n=4, type=Int, num=4]]]]
!STACK 0
java.lang.RuntimeException: Unhandled: ExtSlice[dims=[Index[value=Num[n=0, type=Int, num=0]], Index[value=Num[n=4, type=Int, num=4]]]]
	at org.python.pydev.parser.prettyprinterv2.MakeAstValidForPrettyPrintingVisitor.unhandled_node(MakeAstValidForPrettyPrintingVisitor.java:105)
	at org.python.pydev.parser.jython.ast.VisitorBase.visitExtSlice(VisitorBase.java:345)
	at org.python.pydev.parser.jython.ast.ExtSlice.accept(ExtSlice.java:79)
	at org.python.pydev.parser.prettyprinterv2.MakeAstValidForPrettyPrintingVisitor.visitSubscript(MakeAstValidForPrettyPrintingVisitor.java:933)
	at org.python.pydev.parser.jython.ast.Subscript.accept(Subscript.java:93)
	at org.python.pydev.parser.prettyprinterv2.MakeAstValidForPrettyPrintingVisitor.visitCommaSeparated(MakeAstValidForPrettyPrintingVisitor.java:296)
	at org.python.pydev.parser.prettyprinterv2.MakeAstValidForPrettyPrintingVisitor.visitTuple(MakeAstValidForPrettyPrintingVisitor.java:276)
	at org.python.pydev.parser.jython.ast.Tuple.accept(Tuple.java:95)
	at org.python.pydev.parser.prettyprinterv2.MakeAstValidForPrettyPrintingVisitor.visitBinOp(MakeAstValidForPrettyPrintingVisitor.java:206)
	at org.python.pydev.parser.jython.ast.BinOp.accept(BinOp.java:93)
	at org.python.pydev.parser.prettyprinterv2.MakeAstValidForPrettyPrintingVisitor.visitCommaSeparated(MakeAstValidForPrettyPrintingVisitor.java:296)
	at org.python.pydev.parser.prettyprinterv2.MakeAstValidForPrettyPrintingVisitor.visitTuple(MakeAstValidForPrettyPrintingVisitor.java:276)
	at org.python.pydev.parser.jython.ast.Tuple.accept(Tuple.java:95)
	at org.python.pydev.parser.prettyprinterv2.MakeAstValidForPrettyPrintingVisitor.visitAssign(MakeAstValidForPrettyPrintingVisitor.java:184)
	at org.python.pydev.parser.jython.ast.Assign.accept(Assign.java:90)
	at org.python.pydev.parser.prettyprinterv2.MakeAstValidForPrettyPrintingVisitor.makeValid(MakeAstValidForPrettyPrintingVisitor.java:171)
	at org.python.pydev.editor.hover.PyTextHover.getDocstringHover(PyTextHover.java:238)
	at org.python.pydev.editor.hover.PyTextHover.getHoverInfo(PyTextHover.java:150)
	at org.eclipse.jface.text.TextViewerHoverManager$4.run(TextViewerHoverManager.java:168)

!ENTRY org.python.pydev.shared_core 4 4 2014-09-18 22:51:48.599
!MESSAGE Unhandled: ExtSlice[dims=[Index[value=Num[n=0, type=Int, num=0]], Index[value=Num[n=4, type=Int, num=4]]]]
!STACK 0
java.lang.RuntimeException: Unhandled: ExtSlice[dims=[Index[value=Num[n=0, type=Int, num=0]], Index[value=Num[n=4, type=Int, num=4]]]]
	at org.python.pydev.parser.prettyprinterv2.MakeAstValidForPrettyPrintingVisitor.unhandled_node(MakeAstValidForPrettyPrintingVisitor.java:105)
	at org.python.pydev.parser.jython.ast.VisitorBase.visitExtSlice(VisitorBase.java:345)
	at org.python.pydev.parser.jython.ast.ExtSlice.accept(ExtSlice.java:79)
	at org.python.pydev.parser.prettyprinterv2.MakeAstValidForPrettyPrintingVisitor.visitSubscript(MakeAstValidForPrettyPrintingVisitor.java:933)
	at org.python.pydev.parser.jython.ast.Subscript.accept(Subscript.java:93)
	at org.python.pydev.parser.prettyprinterv2.MakeAstValidForPrettyPrintingVisitor.visitCommaSeparated(MakeAstValidForPrettyPrintingVisitor.java:296)
	at org.python.pydev.parser.prettyprinterv2.MakeAstValidForPrettyPrintingVisitor.visitTuple(MakeAstValidForPrettyPrintingVisitor.java:276)
	at org.python.pydev.parser.jython.ast.Tuple.accept(Tuple.java:95)
	at org.python.pydev.parser.prettyprinterv2.MakeAstValidForPrettyPrintingVisitor.visitBinOp(MakeAstValidForPrettyPrintingVisitor.java:206)
	at org.python.pydev.parser.jython.ast.BinOp.accept(BinOp.java:93)
	at org.python.pydev.parser.prettyprinterv2.MakeAstValidForPrettyPrintingVisitor.visitCommaSeparated(MakeAstValidForPrettyPrintingVisitor.java:296)
	at org.python.pydev.parser.prettyprinterv2.MakeAstValidForPrettyPrintingVisitor.visitTuple(MakeAstValidForPrettyPrintingVisitor.java:276)
	at org.python.pydev.parser.jython.ast.Tuple.accept(Tuple.java:95)
	at org.python.pydev.parser.prettyprinterv2.MakeAstValidForPrettyPrintingVisitor.visitAssign(MakeAstValidForPrettyPrintingVisitor.java:184)
	at org.python.pydev.parser.jython.ast.Assign.accept(Assign.java:90)
	at org.python.pydev.parser.prettyprinterv2.MakeAstValidForPrettyPrintingVisitor.makeValid(MakeAstValidForPrettyPrintingVisitor.java:171)
	at org.python.pydev.editor.hover.PyTextHover.getDocstringHover(PyTextHover.java:238)
	at org.python.pydev.editor.hover.PyTextHover.getHoverInfo(PyTextHover.java:150)
	at org.eclipse.jface.text.TextViewerHoverManager$4.run(TextViewerHoverManager.java:168)

!ENTRY org.python.pydev.shared_core 4 4 2014-09-18 22:52:15.287
!MESSAGE Unhandled: ExtSlice[dims=[Index[value=Num[n=0, type=Int, num=0]], Index[value=Num[n=4, type=Int, num=4]]]]
!STACK 0
java.lang.RuntimeException: Unhandled: ExtSlice[dims=[Index[value=Num[n=0, type=Int, num=0]], Index[value=Num[n=4, type=Int, num=4]]]]
	at org.python.pydev.parser.prettyprinterv2.MakeAstValidForPrettyPrintingVisitor.unhandled_node(MakeAstValidForPrettyPrintingVisitor.java:105)
	at org.python.pydev.parser.jython.ast.VisitorBase.visitExtSlice(VisitorBase.java:345)
	at org.python.pydev.parser.jython.ast.ExtSlice.accept(ExtSlice.java:79)
	at org.python.pydev.parser.prettyprinterv2.MakeAstValidForPrettyPrintingVisitor.visitSubscript(MakeAstValidForPrettyPrintingVisitor.java:933)
	at org.python.pydev.parser.jython.ast.Subscript.accept(Subscript.java:93)
	at org.python.pydev.parser.prettyprinterv2.MakeAstValidForPrettyPrintingVisitor.visitCommaSeparated(MakeAstValidForPrettyPrintingVisitor.java:296)
	at org.python.pydev.parser.prettyprinterv2.MakeAstValidForPrettyPrintingVisitor.visitTuple(MakeAstValidForPrettyPrintingVisitor.java:276)
	at org.python.pydev.parser.jython.ast.Tuple.accept(Tuple.java:95)
	at org.python.pydev.parser.prettyprinterv2.MakeAstValidForPrettyPrintingVisitor.visitBinOp(MakeAstValidForPrettyPrintingVisitor.java:206)
	at org.python.pydev.parser.jython.ast.BinOp.accept(BinOp.java:93)
	at org.python.pydev.parser.prettyprinterv2.MakeAstValidForPrettyPrintingVisitor.visitAssign(MakeAstValidForPrettyPrintingVisitor.java:184)
	at org.python.pydev.parser.jython.ast.Assign.accept(Assign.java:90)
	at org.python.pydev.parser.prettyprinterv2.MakeAstValidForPrettyPrintingVisitor.makeValid(MakeAstValidForPrettyPrintingVisitor.java:171)
	at org.python.pydev.editor.hover.PyTextHover.getDocstringHover(PyTextHover.java:238)
	at org.python.pydev.editor.hover.PyTextHover.getHoverInfo(PyTextHover.java:150)
	at org.eclipse.jface.text.TextViewerHoverManager$4.run(TextViewerHoverManager.java:168)

!ENTRY org.python.pydev.shared_core 4 4 2014-09-18 22:53:15.070
!MESSAGE Marker id 25316 not found.
!STACK 1
org.eclipse.core.internal.resources.ResourceException: Marker id 25316 not found.
	at org.eclipse.core.internal.resources.Marker.checkInfo(Marker.java:57)
	at org.eclipse.core.internal.resources.Marker.getAttribute(Marker.java:98)
	at org.python.pydev.debug.model.PyBreakpoint.getType(PyBreakpoint.java:155)
	at org.python.pydev.debug.model.AbstractDebugTarget.breakpointRemoved(AbstractDebugTarget.java:352)
	at org.eclipse.debug.internal.core.BreakpointManager$BreakpointNotifier.run(BreakpointManager.java:995)
	at org.eclipse.core.runtime.SafeRunner.run(SafeRunner.java:42)
	at org.eclipse.debug.internal.core.BreakpointManager$BreakpointNotifier.notify(BreakpointManager.java:1018)
	at org.eclipse.debug.internal.core.BreakpointManager.fireUpdate(BreakpointManager.java:932)
	at org.eclipse.debug.internal.core.BreakpointManager.removeBreakpoints(BreakpointManager.java:503)
	at org.eclipse.debug.internal.core.BreakpointManager$BreakpointManagerVisitor.update(BreakpointManager.java:754)
	at org.eclipse.debug.internal.core.BreakpointManager.resourceChanged(BreakpointManager.java:688)
	at org.eclipse.core.internal.events.NotificationManager$1.run(NotificationManager.java:291)
	at org.eclipse.core.runtime.SafeRunner.run(SafeRunner.java:42)
	at org.eclipse.core.internal.events.NotificationManager.notify(NotificationManager.java:285)
	at org.eclipse.core.internal.events.NotificationManager.broadcastChanges(NotificationManager.java:149)
	at org.eclipse.core.internal.resources.Workspace.broadcastBuildEvent(Workspace.java:382)
	at org.eclipse.core.internal.events.AutoBuildJob.doBuild(AutoBuildJob.java:146)
	at org.eclipse.core.internal.events.AutoBuildJob.run(AutoBuildJob.java:241)
	at org.eclipse.core.internal.jobs.Worker.run(Worker.java:53)
!SUBENTRY 1 org.eclipse.core.resources 4 376 2014-09-18 22:53:15.071
!MESSAGE Marker id 25316 not found.
!SESSION 2014-09-19 20:29:57.990 -----------------------------------------------
eclipse.buildId=4.3.0.M20130911-1000
java.version=1.7.0_51
java.vendor=Oracle Corporation
BootLoader constants: OS=win32, ARCH=x86_64, WS=win32, NL=zh_CN
Framework arguments:  -product org.eclipse.epp.package.jee.product
Command-line arguments:  -os win32 -ws win32 -arch x86_64 -product org.eclipse.epp.package.jee.product

!ENTRY org.eclipse.emf.ecore 2 0 2014-09-19 20:30:42.231
!MESSAGE Both 'org.eclipse.m2e.model.edit' and 'org.maven.ide.eclipse.maven_model_edit' register a package for 'http://maven.apache.org/POM/4.0.0'

!ENTRY org.eclipse.emf.ecore 2 0 2014-09-19 20:30:42.621
!MESSAGE Both 'org.eclipse.m2e.model.edit' and 'org.maven.ide.eclipse.maven_model_edit' register an extension parser for 'pom'

!ENTRY org.eclipse.egit.ui 2 0 2014-09-19 20:31:54.070
!MESSAGE Warning: EGit couldn't detect the installation path "gitPrefix" of native Git. Hence EGit can't respect system level
Git settings which might be configured in ${gitPrefix}/etc/gitconfig under the native Git installation directory.
The most important of these settings is core.autocrlf. Git for Windows by default sets this parameter to true in
this system level configuration. The Git installation location can be configured on the
Team > Git > Configuration preference page's 'System Settings' tab.
This warning can be switched off on the Team > Git > Confirmations and Warnings preference page.

!ENTRY org.eclipse.egit.ui 2 0 2014-09-19 20:31:54.070
!MESSAGE Warning: The environment variable HOME is not set. The following directory will be used to store the Git
user global configuration and to define the default location to store repositories: 'C:\Users\Administrator'. If this is
not correct please set the HOME environment variable and restart Eclipse. Otherwise Git for Windows and
EGit might behave differently since they see different configuration options.
This warning can be switched off on the Team > Git > Confirmations and Warnings preference page.

!ENTRY org.eclipse.jface 2 0 2014-09-19 20:32:32.846
!MESSAGE Keybinding conflicts occurred.  They may interfere with normal accelerator operation.
!SUBENTRY 1 org.eclipse.jface 2 0 2014-09-19 20:32:32.846
!MESSAGE A conflict occurred for CTRL+SHIFT+T:
Binding(CTRL+SHIFT+T,
	ParameterizedCommand(Command(org.eclipse.jdt.ui.navigate.open.type,Open Type,
		Open a type in a Java editor,
		Category(org.eclipse.ui.category.navigate,Navigate,null,true),
		org.eclipse.ui.internal.WorkbenchHandlerServiceHandler@7f453f79,
		,,true),null),
	org.eclipse.ui.defaultAcceleratorConfiguration,
	org.eclipse.ui.contexts.window,,,system)
Binding(CTRL+SHIFT+T,
	ParameterizedCommand(Command(com.python.pydev.analysis.actions.pyGlobalsBrowserWorkbench,Python Show Global Tokens (Global),
		Python Show Global Tokens (Global),
		Category(org.python.pydev.ui.category.source,PyDev - Editor,PyDev editor category,true),
		org.eclipse.ui.internal.WorkbenchHandlerServiceHandler@1b4a6236,
		,,true),null),
	org.eclipse.ui.defaultAcceleratorConfiguration,
	com.python.pydev.contexts.window,,,system)
Binding(CTRL+SHIFT+T,
	ParameterizedCommand(Command(org.python.pydev.editor.actions.pyShowBrowser,Python Show Global Tokens (Editor),
		Python Show Global Tokens (Editor),
		Category(org.python.pydev.ui.category.source,PyDev - Editor,PyDev editor category,true),
		org.eclipse.ui.internal.WorkbenchHandlerServiceHandler@3075d539,
		,,true),null),
	org.eclipse.ui.defaultAcceleratorConfiguration,
	org.python.pydev.ui.editor.scope,,,system)

!ENTRY org.python.pydev.shared_core 4 4 2014-09-19 20:33:49.102
!MESSAGE ERROR reading shell.
ProcessInfo:

 - Executed: D:\Python27\python.exe -u D:\Program Files\eclipse\plugins\org.python.pydev_3.7.0.201408261926\pysrc\pycompletionserver.py 1261

 - Environment:
ALLUSERSPROFILE=C:\ProgramData
APPDATA=C:\Users\Administrator\AppData\Roaming
COMMONPROGRAMFILES(X86)=C:\Program Files (x86)\Common Files
COMMONPROGRAMFILES=C:\Program Files\Common Files
COMMONPROGRAMW6432=C:\Program Files\Common Files
COMPUTERNAME=WINDOWS-MDHHCSM
COMSPEC=C:\Windows\system32\cmd.exe
DXSDK_DIR=D:\Program Files (x86)\Microsoft DirectX SDK (August 2006)\
FP_NO_HOST_CHECK=NO
HOMEDRIVE=C:
HOMEPATH=\Users\Administrator
JAVA_HOME=D:\Program Files\Java\jdk1.7.0_51
LIB=C:\Program Files\SQLXML 4.0\bin\
LOCALAPPDATA=C:\Users\Administrator\AppData\Local
LOGONSERVER=\\WINDOWS-MDHHCSM
MAVEN_HOME=D:\Program Files\maven
NUMBER_OF_PROCESSORS=4
OS=Windows_NT
PATH="D:\Program Files (x86)\Microsoft DirectX SDK (August 2006)\Utilities\Bin\x86";C:\Program Files (x86)\Intel\iCLS Client\;C:\Program Files\Intel\iCLS Client\;C:\Program Files (x86)\NVIDIA Corporation\PhysX\Common;C:\Windows\system32;C:\Windows;C:\Windows\System32\Wbem;C:\Windows\System32\WindowsPowerShell\v1.0\;C:\Program Files (x86)\Intel\OpenCL SDK\2.0\bin\x86;C:\Program Files (x86)\Intel\OpenCL SDK\2.0\bin\x64;C:\Program Files\Intel\Intel(R) Management Engine Components\DAL;C:\Program Files\Intel\Intel(R) Management Engine Components\IPT;C:\Program Files (x86)\Intel\Intel(R) Management Engine Components\DAL;C:\Program Files (x86)\Intel\Intel(R) Management Engine Components\IPT;C:\Program Files (x86)\Microsoft SQL Server\90\Tools\binn\;C:\Program Files (x86)\Microsoft SQL Server\80\Tools\Binn\;D:\Program Files\Microsoft SQL Server\90\DTS\Binn\;D:\Program Files\Microsoft SQL Server\90\Tools\binn\;C:\Program Files\Microsoft\Web Platform Installer\;C:\Program Files (x86)\Microsoft ASP.NET\ASP.NET Web Pages\v1.0\;C:\Program Files (x86)\Windows Kits\8.0\Windows Performance Toolkit\;C:\Program Files\Microsoft SQL Server\110\Tools\Binn\;D:\Program Files\Java\jdk1.7.0_51\bin;D:\Program Files\Java\jdk1.7.0_51\jre\bin;D:\Program Files\maven\bin;D:\Program Files\MySQL\MySQL Utilities 1.3.6\;D:\Python27\;D:\Python27\Scripts\
PATHEXT=.COM;.EXE;.BAT;.CMD;.VBS;.VBE;.JS;.JSE;.WSF;.WSH;.MSC
PROCESSOR_ARCHITECTURE=AMD64
PROCESSOR_IDENTIFIER=Intel64 Family 6 Model 58 Stepping 9, GenuineIntel
PROCESSOR_LEVEL=6
PROCESSOR_REVISION=3a09
PROGRAMDATA=C:\ProgramData
PROGRAMFILES(X86)=C:\Program Files (x86)
PROGRAMFILES=C:\Program Files
PROGRAMW6432=C:\Program Files
PROMPT=$P$G
PSMODULEPATH=C:\Windows\system32\WindowsPowerShell\v1.0\Modules\
PUBLIC=C:\Users\Public
PYTHONPATH=D:\Program Files\eclipse\plugins\org.python.pydev_3.7.0.201408261926\pysrc\pydev_sitecustomize;D:\Python27\DLLs;D:\Python27\lib;D:\Python27\lib\lib-tk;D:\Python27;D:\Python27\lib\site-packages;D:\Python27\lib\site-packages\wx-3.0-msw;D:\Python27\lib\site-packages\PIL;D:\Python27\lib\site-packages\sqlautocode-0.6b1-py2.7.egg;D:\Python27\lib\site-packages\sqlacodegen-1.1.5-py2.7.egg;D:\Python27\lib\site-packages\inflect-0.2.4-py2.7.egg
SESSIONNAME=Console
SYSTEMDRIVE=C:
SYSTEMROOT=C:\Windows
TEMP=C:\Users\ADMINI~1\AppData\Local\Temp
TMP=C:\Users\ADMINI~1\AppData\Local\Temp
USERDOMAIN=WINDOWS-MDHHCSM
USERNAME=Administrator
USERPROFILE=C:\Users\Administrator
VS110COMNTOOLS=D:\Program Files (x86)\Microsoft Visual Studio 11.0\Common7\Tools\
VS90COMNTOOLS=d:\Program Files (x86)\Microsoft Visual Studio 9.0\Common7\Tools\
WINDIR=C:\Windows
WINDOWS_TRACING_FLAGS=3
WINDOWS_TRACING_LOGFILE=C:\BVTBin\Tests\installpackage\csilogfile.log

 - Working Dir:
D:\Program Files\eclipse\plugins\org.python.pydev_3.7.0.201408261926\pysrc

 - OS:
Windows 7

 - Std output:


 - Err output:

!STACK 0
java.nio.channels.ClosedByInterruptException
	at java.nio.channels.spi.AbstractInterruptibleChannel.end(Unknown Source)
	at sun.nio.ch.SocketChannelImpl.write(Unknown Source)
	at java.nio.channels.Channels.writeFullyImpl(Unknown Source)
	at java.nio.channels.Channels.writeFully(Unknown Source)
	at java.nio.channels.Channels.access$000(Unknown Source)
	at java.nio.channels.Channels$1.write(Unknown Source)
	at java.io.OutputStream.write(Unknown Source)
	at org.python.pydev.editor.codecompletion.shell.AbstractShell.write(AbstractShell.java:544)
	at org.python.pydev.editor.codecompletion.shell.AbstractShell.writeAndGetResults(AbstractShell.java:691)
	at org.python.pydev.editor.codecompletion.shell.AbstractShell.getImportCompletions(AbstractShell.java:756)
	at org.python.pydev.editor.codecompletion.revisited.modules.CompiledModule.createInnerFromServer(CompiledModule.java:331)
	at org.python.pydev.editor.codecompletion.revisited.modules.CompiledModule.getGlobalTokens(CompiledModule.java:531)
	at org.python.pydev.editor.codecompletion.revisited.AbstractASTManager.internalGenerateGetCompletionsForModule(AbstractASTManager.java:715)
	at org.python.pydev.editor.codecompletion.revisited.AbstractASTManager.getCompletionsForModule(AbstractASTManager.java:541)
	at org.python.pydev.editor.codecompletion.revisited.AbstractASTManager.getCompletionsForModule(AbstractASTManager.java:510)
	at org.python.pydev.editor.codecompletion.revisited.AbstractASTManager.getCompletionsForModule(AbstractASTManager.java:502)
	at org.python.pydev.editor.codecompletion.revisited.AbstractASTManager.getCompletionsForModule(AbstractASTManager.java:493)
	at org.python.pydev.editor.codecompletion.revisited.AbstractASTManager.internalGenerateGetCompletionsForModule(AbstractASTManager.java:723)
	at org.python.pydev.editor.codecompletion.revisited.AbstractASTManager.getCompletionsForModule(AbstractASTManager.java:541)
	at org.python.pydev.editor.codecompletion.revisited.AbstractASTManager.getCompletionsForModule(AbstractASTManager.java:510)
	at org.python.pydev.editor.codecompletion.revisited.AbstractASTManager.getCompletionsForModule(AbstractASTManager.java:502)
	at org.python.pydev.editor.codecompletion.revisited.modules.SourceModule.findGlobalTokDef(SourceModule.java:974)
	at org.python.pydev.editor.codecompletion.revisited.modules.SourceModule.findDefinitionsFromModAndTok(SourceModule.java:923)
	at org.python.pydev.editor.codecompletion.revisited.modules.SourceModule.findDefinition(SourceModule.java:905)
	at org.python.pydev.editor.codecompletion.revisited.modules.SourceModule.findDefinition(SourceModule.java:664)
	at org.python.pydev.editor.codecompletion.revisited.modules.SourceModule.findDefinition(SourceModule.java:1)
	at org.python.pydev.editor.refactoring.PyRefactoringFindDefinition.findActualDefinition(PyRefactoringFindDefinition.java:177)
	at org.python.pydev.editor.refactoring.PyRefactoringFindDefinition.findActualDefinition(PyRefactoringFindDefinition.java:79)
	at org.python.pydev.editor.hover.PyTextHover.getDocstringHover(PyTextHover.java:206)
	at org.python.pydev.editor.hover.PyTextHover.getHoverInfo(PyTextHover.java:150)
	at org.eclipse.jface.text.TextViewerHoverManager$4.run(TextViewerHoverManager.java:168)

!ENTRY org.eclipse.jface 2 0 2014-09-19 20:37:01.574
!MESSAGE Keybinding conflicts occurred.  They may interfere with normal accelerator operation.
!SUBENTRY 1 org.eclipse.jface 2 0 2014-09-19 20:37:01.574
!MESSAGE A conflict occurred for CTRL+SHIFT+3:
Binding(CTRL+SHIFT+3,
	ParameterizedCommand(Command(org.eclipse.wst.jsdt.debug.ui.script.opensource,Open Source,
		Shows the JavaScript source for the selected script element,
		Category(org.eclipse.wst.jsdt.debug.ui.category,JavaScript Debug,Tooling for debugging JavaScript,true),
		org.eclipse.ui.internal.WorkbenchHandlerServiceHandler@74e0c080,
		,,true),null),
	org.eclipse.ui.defaultAcceleratorConfiguration,
	org.eclipse.debug.ui.debugging,,,system)
Binding(CTRL+SHIFT+3,
	ParameterizedCommand(Command(org.python.pydev.editor.actions.uncomment,Python Uncomment,
		Uncomments a python line (Removes # from the beggining of the line),
		Category(org.python.pydev.ui.category.source,PyDev - Editor,PyDev editor category,true),
		org.eclipse.ui.internal.WorkbenchHandlerServiceHandler@4f7e4f72,
		,,true),null),
	org.eclipse.ui.defaultAcceleratorConfiguration,
	org.python.pydev.ui.editor.scope,,,system)

!ENTRY org.python.pydev.shared_core 4 4 2014-09-19 20:43:24.246
!MESSAGE Expected to find 'from' token as the current temporary token (begin col/line can be wrong)!
!STACK 0
java.lang.RuntimeException: Expected to find 'from' token as the current temporary token (begin col/line can be wrong)!
	at org.python.pydev.core.log.Log.log(Log.java:54)
	at org.python.pydev.parser.grammarcommon.AbstractTreeBuilder.makeImportFrom25Onwards(AbstractTreeBuilder.java:703)
	at org.python.pydev.parser.grammar27.TreeBuilder27.onCloseNode(TreeBuilder27.java:417)
	at org.python.pydev.parser.grammarcommon.AbstractTreeBuilder.closeNode(AbstractTreeBuilder.java:615)
	at org.python.pydev.parser.grammarcommon.JJTPythonGrammarState.closeNodeScope(JJTPythonGrammarState.java:212)
	at org.python.pydev.parser.grammar27.PythonGrammar27.ImportFrom(PythonGrammar27.java:2771)
	at org.python.pydev.parser.grammar27.PythonGrammar27.import_stmt(PythonGrammar27.java:2584)
	at org.python.pydev.parser.grammar27.PythonGrammar27.small_stmt(PythonGrammar27.java:943)
	at org.python.pydev.parser.grammar27.PythonGrammar27.simple_stmt(PythonGrammar27.java:862)
	at org.python.pydev.parser.grammar27.PythonGrammar27.stmt(PythonGrammar27.java:837)
	at org.python.pydev.parser.grammar27.PythonGrammar27.file_input(PythonGrammar27.java:203)
	at org.python.pydev.parser.grammar27.PythonGrammar27.file_input(PythonGrammar27.java:1)
	at org.python.pydev.parser.PyParser.reparseDocument(PyParser.java:541)
	at org.python.pydev.editor.codecompletion.revisited.modules.AbstractModule.createModuleFromDoc(AbstractModule.java:293)
	at org.python.pydev.editor.codecompletion.revisited.modules.AbstractModule.createModule(AbstractModule.java:272)
	at org.python.pydev.editor.codecompletion.revisited.ModulesManager.getModule(ModulesManager.java:917)
	at org.python.pydev.editor.codecompletion.revisited.ModulesManager.getModule(ModulesManager.java:765)
	at org.python.pydev.editor.codecompletion.revisited.SystemModulesManager.getModuleWithoutBuiltins(SystemModulesManager.java:357)
	at org.python.pydev.editor.codecompletion.revisited.ProjectModulesManager.getModuleAndRelatedModulesManager(ProjectModulesManager.java:212)
	at org.python.pydev.editor.codecompletion.revisited.ProjectModulesManager.getModule(ProjectModulesManager.java:174)
	at org.python.pydev.editor.codecompletion.revisited.ProjectModulesManager.getModule(ProjectModulesManager.java:160)
	at org.python.pydev.editor.codecompletion.revisited.AbstractASTManager.getModule(AbstractASTManager.java:449)
	at org.python.pydev.editor.codecompletion.revisited.AbstractASTManager.findModuleFromPath(AbstractASTManager.java:1490)
	at org.python.pydev.editor.codecompletion.revisited.AbstractASTManager.findOnImportedMods(AbstractASTManager.java:1323)
	at org.python.pydev.editor.codecompletion.revisited.AbstractASTManager.findOnImportedMods(AbstractASTManager.java:1253)
	at org.python.pydev.editor.codecompletion.revisited.AbstractASTManager.findTokensOnImportedMods(AbstractASTManager.java:1141)
	at org.python.pydev.editor.codecompletion.revisited.AbstractASTManager.internalGenerateGetCompletionsForModule(AbstractASTManager.java:679)
	at org.python.pydev.editor.codecompletion.revisited.AbstractASTManager.getCompletionsForModule(AbstractASTManager.java:541)
	at org.python.pydev.editor.codecompletion.revisited.AbstractASTManager.getCompletionsForModule(AbstractASTManager.java:510)
	at org.python.pydev.editor.codecompletion.revisited.AbstractASTManager.getCompletionsForModule(AbstractASTManager.java:502)
	at org.python.pydev.editor.codecompletion.revisited.AbstractASTManager.getCompletionsForModule(AbstractASTManager.java:493)
	at org.python.pydev.editor.codecompletion.revisited.AbstractASTManager.findTokensOnImportedMods(AbstractASTManager.java:1178)
	at org.python.pydev.editor.codecompletion.revisited.AbstractASTManager.internalGenerateGetCompletionsForModule(AbstractASTManager.java:679)
	at org.python.pydev.editor.codecompletion.revisited.AbstractASTManager.getCompletionsForModule(AbstractASTManager.java:541)
	at org.python.pydev.editor.codecompletion.revisited.AbstractASTManager.getCompletionsForModule(AbstractASTManager.java:510)
	at org.python.pydev.editor.codecompletion.revisited.AbstractASTManager.getCompletionsForModule(AbstractASTManager.java:502)
	at org.python.pydev.editor.codecompletion.revisited.AbstractASTManager.getCompletionsForModule(AbstractASTManager.java:493)
	at org.python.pydev.editor.codecompletion.revisited.AssignAnalysis.addNonFunctionDefCompletionsFromAssign(AssignAnalysis.java:264)
	at org.python.pydev.editor.codecompletion.revisited.AssignAnalysis.getAssignCompletions(AssignAnalysis.java:91)
	at org.python.pydev.editor.codecompletion.revisited.AbstractASTManager.getAssignCompletions(AbstractASTManager.java:802)
	at org.python.pydev.editor.codecompletion.revisited.AbstractASTManager.internalGenerateGetCompletionsForModule(AbstractASTManager.java:776)
	at org.python.pydev.editor.codecompletion.revisited.AbstractASTManager.getCompletionsForModule(AbstractASTManager.java:541)
	at org.python.pydev.editor.codecompletion.revisited.AbstractASTManager.getCompletionsForModule(AbstractASTManager.java:510)
	at org.python.pydev.editor.codecompletion.revisited.AbstractASTManager.getCompletionsForModule(AbstractASTManager.java:502)
	at org.python.pydev.editor.codecompletion.revisited.AbstractASTManager.getCompletionsForModule(AbstractASTManager.java:493)
	at org.python.pydev.editor.codecompletion.revisited.AssignAnalysis.addNonFunctionDefCompletionsFromAssign(AssignAnalysis.java:264)
	at org.python.pydev.editor.codecompletion.revisited.AssignAnalysis.getAssignCompletions(AssignAnalysis.java:91)
	at org.python.pydev.editor.codecompletion.revisited.AbstractASTManager.getAssignCompletions(AbstractASTManager.java:802)
	at org.python.pydev.editor.codecompletion.revisited.AbstractASTManager.internalGenerateGetCompletionsForModule(AbstractASTManager.java:776)
	at org.python.pydev.editor.codecompletion.revisited.AbstractASTManager.getCompletionsForModule(AbstractASTManager.java:541)
	at org.python.pydev.editor.codecompletion.revisited.AbstractASTManager.getCompletionsForModule(AbstractASTManager.java:510)
	at org.python.pydev.editor.codecompletion.revisited.AbstractASTManager.getCompletionsForModule(AbstractASTManager.java:502)
	at org.python.pydev.editor.codecompletion.revisited.AbstractASTManager.getCompletionsForModule(AbstractASTManager.java:493)
	at org.python.pydev.editor.codecompletion.revisited.AssignAnalysis.addNonFunctionDefCompletionsFromAssign(AssignAnalysis.java:264)
	at org.python.pydev.editor.codecompletion.revisited.AssignAnalysis.getAssignCompletions(AssignAnalysis.java:91)
	at org.python.pydev.editor.codecompletion.revisited.AbstractASTManager.getAssignCompletions(AbstractASTManager.java:802)
	at org.python.pydev.editor.codecompletion.revisited.AbstractASTManager.internalGenerateGetCompletionsForModule(AbstractASTManager.java:776)
	at org.python.pydev.editor.codecompletion.revisited.AbstractASTManager.getCompletionsForModule(AbstractASTManager.java:541)
	at org.python.pydev.editor.codecompletion.revisited.AbstractASTManager.getCompletionsForModule(AbstractASTManager.java:510)
	at org.python.pydev.editor.codecompletion.revisited.AbstractASTManager.getCompletionsForModule(AbstractASTManager.java:502)
	at org.python.pydev.editor.codecompletion.revisited.modules.SourceModule.findGlobalTokDef(SourceModule.java:974)
	at org.python.pydev.editor.codecompletion.revisited.modules.SourceModule.findDefinitionsFromModAndTok(SourceModule.java:923)
	at org.python.pydev.editor.codecompletion.revisited.modules.SourceModule.findDefinition(SourceModule.java:905)
	at org.python.pydev.editor.codecompletion.revisited.modules.SourceModule.findDefinition(SourceModule.java:664)
	at org.python.pydev.editor.codecompletion.revisited.modules.SourceModule.getGlobalTokens(SourceModule.java:438)
	at org.python.pydev.editor.codecompletion.revisited.AbstractASTManager.internalGenerateGetCompletionsForModule(AbstractASTManager.java:715)
	at org.python.pydev.editor.codecompletion.revisited.AbstractASTManager.getCompletionsForModule(AbstractASTManager.java:541)
	at org.python.pydev.editor.codecompletion.revisited.AbstractASTManager.getCompletionsForModule(AbstractASTManager.java:510)
	at org.python.pydev.editor.codecompletion.revisited.AbstractASTManager.getCompletionsForModule(AbstractASTManager.java:502)
	at org.python.pydev.editor.codecompletion.revisited.modules.SourceModule.findGlobalTokDef(SourceModule.java:974)
	at org.python.pydev.editor.codecompletion.revisited.modules.SourceModule.findDefinitionsFromModAndTok(SourceModule.java:923)
	at org.python.pydev.editor.codecompletion.revisited.modules.SourceModule.findDefinition(SourceModule.java:905)
	at org.python.pydev.editor.codecompletion.revisited.modules.SourceModule.findDefinition(SourceModule.java:786)
	at org.python.pydev.editor.codecompletion.revisited.modules.SourceModule.findDefinition(SourceModule.java:664)
	at org.python.pydev.editor.codecompletion.revisited.modules.SourceModule.findDefinition(SourceModule.java:1)
	at org.python.pydev.editor.refactoring.PyRefactoringFindDefinition.findActualDefinition(PyRefactoringFindDefinition.java:177)
	at org.python.pydev.editor.refactoring.PyRefactoringFindDefinition.findActualDefinition(PyRefactoringFindDefinition.java:79)
	at org.python.pydev.editor.hover.PyTextHover.getDocstringHover(PyTextHover.java:206)
	at org.python.pydev.editor.hover.PyTextHover.getHoverInfo(PyTextHover.java:150)
	at org.eclipse.jface.text.TextViewerHoverManager$4.run(TextViewerHoverManager.java:168)

!ENTRY org.python.pydev.shared_core 4 4 2014-09-19 22:49:17.482
!MESSAGE ERROR reading shell.
ProcessInfo:

 - Executed: D:\Python27\python.exe -u D:\Program Files\eclipse\plugins\org.python.pydev_3.7.0.201408261926\pysrc\pycompletionserver.py 1458

 - Environment:
ALLUSERSPROFILE=C:\ProgramData
APPDATA=C:\Users\Administrator\AppData\Roaming
COMMONPROGRAMFILES(X86)=C:\Program Files (x86)\Common Files
COMMONPROGRAMFILES=C:\Program Files\Common Files
COMMONPROGRAMW6432=C:\Program Files\Common Files
COMPUTERNAME=WINDOWS-MDHHCSM
COMSPEC=C:\Windows\system32\cmd.exe
DXSDK_DIR=D:\Program Files (x86)\Microsoft DirectX SDK (August 2006)\
FP_NO_HOST_CHECK=NO
HOMEDRIVE=C:
HOMEPATH=\Users\Administrator
JAVA_HOME=D:\Program Files\Java\jdk1.7.0_51
LIB=C:\Program Files\SQLXML 4.0\bin\
LOCALAPPDATA=C:\Users\Administrator\AppData\Local
LOGONSERVER=\\WINDOWS-MDHHCSM
MAVEN_HOME=D:\Program Files\maven
NUMBER_OF_PROCESSORS=4
OS=Windows_NT
PATH="D:\Program Files (x86)\Microsoft DirectX SDK (August 2006)\Utilities\Bin\x86";C:\Program Files (x86)\Intel\iCLS Client\;C:\Program Files\Intel\iCLS Client\;C:\Program Files (x86)\NVIDIA Corporation\PhysX\Common;C:\Windows\system32;C:\Windows;C:\Windows\System32\Wbem;C:\Windows\System32\WindowsPowerShell\v1.0\;C:\Program Files (x86)\Intel\OpenCL SDK\2.0\bin\x86;C:\Program Files (x86)\Intel\OpenCL SDK\2.0\bin\x64;C:\Program Files\Intel\Intel(R) Management Engine Components\DAL;C:\Program Files\Intel\Intel(R) Management Engine Components\IPT;C:\Program Files (x86)\Intel\Intel(R) Management Engine Components\DAL;C:\Program Files (x86)\Intel\Intel(R) Management Engine Components\IPT;C:\Program Files (x86)\Microsoft SQL Server\90\Tools\binn\;C:\Program Files (x86)\Microsoft SQL Server\80\Tools\Binn\;D:\Program Files\Microsoft SQL Server\90\DTS\Binn\;D:\Program Files\Microsoft SQL Server\90\Tools\binn\;C:\Program Files\Microsoft\Web Platform Installer\;C:\Program Files (x86)\Microsoft ASP.NET\ASP.NET Web Pages\v1.0\;C:\Program Files (x86)\Windows Kits\8.0\Windows Performance Toolkit\;C:\Program Files\Microsoft SQL Server\110\Tools\Binn\;D:\Program Files\Java\jdk1.7.0_51\bin;D:\Program Files\Java\jdk1.7.0_51\jre\bin;D:\Program Files\maven\bin;D:\Program Files\MySQL\MySQL Utilities 1.3.6\;D:\Python27\;D:\Python27\Scripts\
PATHEXT=.COM;.EXE;.BAT;.CMD;.VBS;.VBE;.JS;.JSE;.WSF;.WSH;.MSC
PROCESSOR_ARCHITECTURE=AMD64
PROCESSOR_IDENTIFIER=Intel64 Family 6 Model 58 Stepping 9, GenuineIntel
PROCESSOR_LEVEL=6
PROCESSOR_REVISION=3a09
PROGRAMDATA=C:\ProgramData
PROGRAMFILES(X86)=C:\Program Files (x86)
PROGRAMFILES=C:\Program Files
PROGRAMW6432=C:\Program Files
PROMPT=$P$G
PSMODULEPATH=C:\Windows\system32\WindowsPowerShell\v1.0\Modules\
PUBLIC=C:\Users\Public
PYTHONPATH=D:\Program Files\eclipse\plugins\org.python.pydev_3.7.0.201408261926\pysrc\pydev_sitecustomize;D:\Python27\DLLs;D:\Python27\lib;D:\Python27\lib\lib-tk;D:\Python27;D:\Python27\lib\site-packages;D:\Python27\lib\site-packages\wx-3.0-msw;D:\Python27\lib\site-packages\PIL;D:\Python27\lib\site-packages\sqlautocode-0.6b1-py2.7.egg;D:\Python27\lib\site-packages\sqlacodegen-1.1.5-py2.7.egg;D:\Python27\lib\site-packages\inflect-0.2.4-py2.7.egg
SESSIONNAME=Console
SYSTEMDRIVE=C:
SYSTEMROOT=C:\Windows
TEMP=C:\Users\ADMINI~1\AppData\Local\Temp
TMP=C:\Users\ADMINI~1\AppData\Local\Temp
USERDOMAIN=WINDOWS-MDHHCSM
USERNAME=Administrator
USERPROFILE=C:\Users\Administrator
VS110COMNTOOLS=D:\Program Files (x86)\Microsoft Visual Studio 11.0\Common7\Tools\
VS90COMNTOOLS=d:\Program Files (x86)\Microsoft Visual Studio 9.0\Common7\Tools\
WINDIR=C:\Windows
WINDOWS_TRACING_FLAGS=3
WINDOWS_TRACING_LOGFILE=C:\BVTBin\Tests\installpackage\csilogfile.log

 - Working Dir:
D:\Program Files\eclipse\plugins\org.python.pydev_3.7.0.201408261926\pysrc

 - OS:
Windows 7

 - Std output:


 - Err output:

!STACK 0
java.nio.channels.ClosedByInterruptException
	at java.nio.channels.spi.AbstractInterruptibleChannel.end(Unknown Source)
	at sun.nio.ch.SocketChannelImpl.write(Unknown Source)
	at java.nio.channels.Channels.writeFullyImpl(Unknown Source)
	at java.nio.channels.Channels.writeFully(Unknown Source)
	at java.nio.channels.Channels.access$000(Unknown Source)
	at java.nio.channels.Channels$1.write(Unknown Source)
	at java.io.OutputStream.write(Unknown Source)
	at org.python.pydev.editor.codecompletion.shell.AbstractShell.write(AbstractShell.java:544)
	at org.python.pydev.editor.codecompletion.shell.AbstractShell.writeAndGetResults(AbstractShell.java:691)
	at org.python.pydev.editor.codecompletion.shell.AbstractShell.getLineCol(AbstractShell.java:776)
	at org.python.pydev.editor.codecompletion.revisited.modules.CompiledModule.findDefinition(CompiledModule.java:596)
	at org.python.pydev.editor.codecompletion.revisited.modules.CompiledModule.findDefinition(CompiledModule.java:1)
	at org.python.pydev.editor.codecompletion.revisited.modules.SourceModule.findGlobalTokDef(SourceModule.java:1050)
	at org.python.pydev.editor.codecompletion.revisited.modules.SourceModule.findDefinitionsFromModAndTok(SourceModule.java:923)
	at org.python.pydev.editor.codecompletion.revisited.modules.SourceModule.findDefinition(SourceModule.java:905)
	at org.python.pydev.editor.codecompletion.revisited.modules.SourceModule.findDefinition(SourceModule.java:664)
	at org.python.pydev.editor.codecompletion.revisited.modules.SourceModule.findDefinition(SourceModule.java:1)
	at org.python.pydev.editor.codecompletion.revisited.modules.CompiledModule.findDefinition(CompiledModule.java:640)
	at org.python.pydev.editor.codecompletion.revisited.modules.CompiledModule.findDefinition(CompiledModule.java:1)
	at org.python.pydev.editor.codecompletion.revisited.modules.SourceModule.findGlobalTokDef(SourceModule.java:1050)
	at org.python.pydev.editor.codecompletion.revisited.modules.SourceModule.findDefinitionsFromModAndTok(SourceModule.java:923)
	at org.python.pydev.editor.codecompletion.revisited.modules.SourceModule.findDefinition(SourceModule.java:905)
	at org.python.pydev.editor.codecompletion.revisited.modules.SourceModule.findDefinition(SourceModule.java:664)
	at org.python.pydev.editor.codecompletion.revisited.modules.SourceModule.findDefinition(SourceModule.java:1)
	at org.python.pydev.editor.codecompletion.revisited.modules.CompiledModule.findDefinition(CompiledModule.java:640)
	at org.python.pydev.editor.codecompletion.revisited.modules.CompiledModule.findDefinition(CompiledModule.java:1)
	at org.python.pydev.editor.codecompletion.revisited.modules.SourceModule.findDefinition(SourceModule.java:887)
	at org.python.pydev.editor.codecompletion.revisited.modules.SourceModule.findDefinition(SourceModule.java:664)
	at org.python.pydev.editor.codecompletion.revisited.modules.SourceModule.findDefinition(SourceModule.java:1)
	at org.python.pydev.editor.refactoring.PyRefactoringFindDefinition.findActualDefinition(PyRefactoringFindDefinition.java:177)
	at org.python.pydev.editor.refactoring.PyRefactoringFindDefinition.findActualDefinition(PyRefactoringFindDefinition.java:79)
	at org.python.pydev.editor.hover.PyTextHover.getDocstringHover(PyTextHover.java:206)
	at org.python.pydev.editor.hover.PyTextHover.getHoverInfo(PyTextHover.java:150)
	at org.eclipse.jface.text.TextViewerHoverManager$4.run(TextViewerHoverManager.java:168)

!ENTRY org.python.pydev.shared_core 4 4 2014-09-20 14:46:31.127
!MESSAGE ERROR reading shell.
ProcessInfo:

 - Executed: D:\Python27\python.exe -u D:\Program Files\eclipse\plugins\org.python.pydev_3.7.0.201408261926\pysrc\pycompletionserver.py 4384

 - Environment:
ALLUSERSPROFILE=C:\ProgramData
APPDATA=C:\Users\Administrator\AppData\Roaming
COMMONPROGRAMFILES(X86)=C:\Program Files (x86)\Common Files
COMMONPROGRAMFILES=C:\Program Files\Common Files
COMMONPROGRAMW6432=C:\Program Files\Common Files
COMPUTERNAME=WINDOWS-MDHHCSM
COMSPEC=C:\Windows\system32\cmd.exe
DXSDK_DIR=D:\Program Files (x86)\Microsoft DirectX SDK (August 2006)\
FP_NO_HOST_CHECK=NO
HOMEDRIVE=C:
HOMEPATH=\Users\Administrator
JAVA_HOME=D:\Program Files\Java\jdk1.7.0_51
LIB=C:\Program Files\SQLXML 4.0\bin\
LOCALAPPDATA=C:\Users\Administrator\AppData\Local
LOGONSERVER=\\WINDOWS-MDHHCSM
MAVEN_HOME=D:\Program Files\maven
NUMBER_OF_PROCESSORS=4
OS=Windows_NT
PATH="D:\Program Files (x86)\Microsoft DirectX SDK (August 2006)\Utilities\Bin\x86";C:\Program Files (x86)\Intel\iCLS Client\;C:\Program Files\Intel\iCLS Client\;C:\Program Files (x86)\NVIDIA Corporation\PhysX\Common;C:\Windows\system32;C:\Windows;C:\Windows\System32\Wbem;C:\Windows\System32\WindowsPowerShell\v1.0\;C:\Program Files (x86)\Intel\OpenCL SDK\2.0\bin\x86;C:\Program Files (x86)\Intel\OpenCL SDK\2.0\bin\x64;C:\Program Files\Intel\Intel(R) Management Engine Components\DAL;C:\Program Files\Intel\Intel(R) Management Engine Components\IPT;C:\Program Files (x86)\Intel\Intel(R) Management Engine Components\DAL;C:\Program Files (x86)\Intel\Intel(R) Management Engine Components\IPT;C:\Program Files (x86)\Microsoft SQL Server\90\Tools\binn\;C:\Program Files (x86)\Microsoft SQL Server\80\Tools\Binn\;D:\Program Files\Microsoft SQL Server\90\DTS\Binn\;D:\Program Files\Microsoft SQL Server\90\Tools\binn\;C:\Program Files\Microsoft\Web Platform Installer\;C:\Program Files (x86)\Microsoft ASP.NET\ASP.NET Web Pages\v1.0\;C:\Program Files (x86)\Windows Kits\8.0\Windows Performance Toolkit\;C:\Program Files\Microsoft SQL Server\110\Tools\Binn\;D:\Program Files\Java\jdk1.7.0_51\bin;D:\Program Files\Java\jdk1.7.0_51\jre\bin;D:\Program Files\maven\bin;D:\Program Files\MySQL\MySQL Utilities 1.3.6\;D:\Python27\;D:\Python27\Scripts\
PATHEXT=.COM;.EXE;.BAT;.CMD;.VBS;.VBE;.JS;.JSE;.WSF;.WSH;.MSC
PROCESSOR_ARCHITECTURE=AMD64
PROCESSOR_IDENTIFIER=Intel64 Family 6 Model 58 Stepping 9, GenuineIntel
PROCESSOR_LEVEL=6
PROCESSOR_REVISION=3a09
PROGRAMDATA=C:\ProgramData
PROGRAMFILES(X86)=C:\Program Files (x86)
PROGRAMFILES=C:\Program Files
PROGRAMW6432=C:\Program Files
PROMPT=$P$G
PSMODULEPATH=C:\Windows\system32\WindowsPowerShell\v1.0\Modules\
PUBLIC=C:\Users\Public
PYTHONPATH=D:\Program Files\eclipse\plugins\org.python.pydev_3.7.0.201408261926\pysrc\pydev_sitecustomize;D:\Python27\DLLs;D:\Python27\lib;D:\Python27\lib\lib-tk;D:\Python27;D:\Python27\lib\site-packages;D:\Python27\lib\site-packages\wx-3.0-msw;D:\Python27\lib\site-packages\PIL;D:\Python27\lib\site-packages\sqlautocode-0.6b1-py2.7.egg;D:\Python27\lib\site-packages\sqlacodegen-1.1.5-py2.7.egg;D:\Python27\lib\site-packages\inflect-0.2.4-py2.7.egg
SESSIONNAME=Console
SYSTEMDRIVE=C:
SYSTEMROOT=C:\Windows
TEMP=C:\Users\ADMINI~1\AppData\Local\Temp
TMP=C:\Users\ADMINI~1\AppData\Local\Temp
USERDOMAIN=WINDOWS-MDHHCSM
USERNAME=Administrator
USERPROFILE=C:\Users\Administrator
VS110COMNTOOLS=D:\Program Files (x86)\Microsoft Visual Studio 11.0\Common7\Tools\
VS90COMNTOOLS=d:\Program Files (x86)\Microsoft Visual Studio 9.0\Common7\Tools\
WINDIR=C:\Windows
WINDOWS_TRACING_FLAGS=3
WINDOWS_TRACING_LOGFILE=C:\BVTBin\Tests\installpackage\csilogfile.log

 - Working Dir:
D:\Program Files\eclipse\plugins\org.python.pydev_3.7.0.201408261926\pysrc

 - OS:
Windows 7

 - Std output:


 - Err output:

!STACK 0
java.nio.channels.ClosedByInterruptException
	at java.nio.channels.spi.AbstractInterruptibleChannel.end(Unknown Source)
	at sun.nio.ch.SocketChannelImpl.read(Unknown Source)
	at sun.nio.ch.SocketAdaptor$SocketInputStream.read(Unknown Source)
	at sun.nio.ch.ChannelInputStream.read(Unknown Source)
	at java.io.InputStream.read(Unknown Source)
	at org.python.pydev.editor.codecompletion.shell.AbstractShell.read(AbstractShell.java:454)
	at org.python.pydev.editor.codecompletion.shell.AbstractShell.read(AbstractShell.java:506)
	at org.python.pydev.editor.codecompletion.shell.AbstractShell.writeAndGetResults(AbstractShell.java:692)
	at org.python.pydev.editor.codecompletion.shell.AbstractShell.getLineCol(AbstractShell.java:776)
	at org.python.pydev.editor.codecompletion.revisited.modules.CompiledModule.findDefinition(CompiledModule.java:596)
	at org.python.pydev.editor.codecompletion.revisited.modules.CompiledModule.findDefinition(CompiledModule.java:1)
	at org.python.pydev.editor.codecompletion.revisited.modules.SourceModule.findGlobalTokDef(SourceModule.java:1050)
	at org.python.pydev.editor.codecompletion.revisited.modules.SourceModule.findDefinitionsFromModAndTok(SourceModule.java:923)
	at org.python.pydev.editor.codecompletion.revisited.modules.SourceModule.findDefinition(SourceModule.java:905)
	at org.python.pydev.editor.codecompletion.revisited.modules.SourceModule.findDefinition(SourceModule.java:664)
	at org.python.pydev.editor.codecompletion.revisited.modules.SourceModule.findDefinition(SourceModule.java:1)
	at org.python.pydev.editor.refactoring.PyRefactoringFindDefinition.findActualDefinition(PyRefactoringFindDefinition.java:177)
	at org.python.pydev.editor.refactoring.PyRefactoringFindDefinition.findActualDefinition(PyRefactoringFindDefinition.java:79)
	at org.python.pydev.editor.hover.PyTextHover.getDocstringHover(PyTextHover.java:206)
	at org.python.pydev.editor.hover.PyTextHover.getHoverInfo(PyTextHover.java:150)
	at org.eclipse.jface.text.TextViewerHoverManager$4.run(TextViewerHoverManager.java:168)

!ENTRY org.eclipse.ui 4 4 2014-09-20 15:36:10.267
!MESSAGE Could not retrieve EHandlerService or ICommandService from context evaluation context fororg.eclipse.wst.xml.ui.disable.grammar.constraints

!ENTRY org.eclipse.ui 4 4 2014-09-20 15:36:10.294
!MESSAGE Could not retrieve EHandlerService or ICommandService from context evaluation context fororg.eclipse.wst.xml.ui.reload.dependencies

!ENTRY org.eclipse.ui 4 4 2014-09-20 15:36:10.305
!MESSAGE Could not retrieve EHandlerService or ICommandService from context evaluation context fororg.eclipse.wst.xml.ui.disable.grammar.constraints

!ENTRY org.eclipse.ui 4 4 2014-09-20 15:36:10.306
!MESSAGE Could not retrieve EHandlerService or ICommandService from context evaluation context fororg.eclipse.wst.xml.ui.reload.dependencies

!ENTRY org.eclipse.ui 4 4 2014-09-20 15:36:10.307
!MESSAGE Could not retrieve EHandlerService or ICommandService from context evaluation context fororg.eclipse.wst.xml.ui.disable.grammar.constraints

!ENTRY org.eclipse.ui 4 4 2014-09-20 15:36:10.308
!MESSAGE Could not retrieve EHandlerService or ICommandService from context evaluation context fororg.eclipse.wst.xml.ui.reload.dependencies
!SESSION 2014-09-21 09:49:43.266 -----------------------------------------------
eclipse.buildId=4.3.0.M20130911-1000
java.version=1.7.0_51
java.vendor=Oracle Corporation
BootLoader constants: OS=win32, ARCH=x86_64, WS=win32, NL=zh_CN
Framework arguments:  -product org.eclipse.epp.package.jee.product
Command-line arguments:  -os win32 -ws win32 -arch x86_64 -product org.eclipse.epp.package.jee.product

!ENTRY org.eclipse.emf.ecore 2 0 2014-09-21 09:49:51.362
!MESSAGE Both 'org.eclipse.m2e.model.edit' and 'org.maven.ide.eclipse.maven_model_edit' register a package for 'http://maven.apache.org/POM/4.0.0'

!ENTRY org.eclipse.emf.ecore 2 0 2014-09-21 09:49:51.425
!MESSAGE Both 'org.eclipse.m2e.model.edit' and 'org.maven.ide.eclipse.maven_model_edit' register an extension parser for 'pom'

!ENTRY org.eclipse.egit.ui 2 0 2014-09-21 09:50:19.302
!MESSAGE Warning: EGit couldn't detect the installation path "gitPrefix" of native Git. Hence EGit can't respect system level
Git settings which might be configured in ${gitPrefix}/etc/gitconfig under the native Git installation directory.
The most important of these settings is core.autocrlf. Git for Windows by default sets this parameter to true in
this system level configuration. The Git installation location can be configured on the
Team > Git > Configuration preference page's 'System Settings' tab.
This warning can be switched off on the Team > Git > Confirmations and Warnings preference page.

!ENTRY org.eclipse.egit.ui 2 0 2014-09-21 09:50:19.302
!MESSAGE Warning: The environment variable HOME is not set. The following directory will be used to store the Git
user global configuration and to define the default location to store repositories: 'C:\Users\Administrator'. If this is
not correct please set the HOME environment variable and restart Eclipse. Otherwise Git for Windows and
EGit might behave differently since they see different configuration options.
This warning can be switched off on the Team > Git > Confirmations and Warnings preference page.

!ENTRY org.eclipse.jface 2 0 2014-09-21 09:50:44.465
!MESSAGE Keybinding conflicts occurred.  They may interfere with normal accelerator operation.
!SUBENTRY 1 org.eclipse.jface 2 0 2014-09-21 09:50:44.465
!MESSAGE A conflict occurred for CTRL+SHIFT+T:
Binding(CTRL+SHIFT+T,
	ParameterizedCommand(Command(org.eclipse.jdt.ui.navigate.open.type,Open Type,
		Open a type in a Java editor,
		Category(org.eclipse.ui.category.navigate,Navigate,null,true),
		org.eclipse.ui.internal.WorkbenchHandlerServiceHandler@188f7621,
		,,true),null),
	org.eclipse.ui.defaultAcceleratorConfiguration,
	org.eclipse.ui.contexts.window,,,system)
Binding(CTRL+SHIFT+T,
	ParameterizedCommand(Command(com.python.pydev.analysis.actions.pyGlobalsBrowserWorkbench,Python Show Global Tokens (Global),
		Python Show Global Tokens (Global),
		Category(org.python.pydev.ui.category.source,PyDev - Editor,PyDev editor category,true),
		org.eclipse.ui.internal.WorkbenchHandlerServiceHandler@72947d1f,
		,,true),null),
	org.eclipse.ui.defaultAcceleratorConfiguration,
	com.python.pydev.contexts.window,,,system)
Binding(CTRL+SHIFT+T,
	ParameterizedCommand(Command(org.python.pydev.editor.actions.pyShowBrowser,Python Show Global Tokens (Editor),
		Python Show Global Tokens (Editor),
		Category(org.python.pydev.ui.category.source,PyDev - Editor,PyDev editor category,true),
		org.eclipse.ui.internal.WorkbenchHandlerServiceHandler@72a2b8fd,
		,,true),null),
	org.eclipse.ui.defaultAcceleratorConfiguration,
	org.python.pydev.ui.editor.scope,,,system)

!ENTRY org.python.pydev.shared_core 4 4 2014-09-21 09:52:41.920
!MESSAGE Expected to find 'from' token as the current temporary token (begin col/line can be wrong)!
!STACK 0
java.lang.RuntimeException: Expected to find 'from' token as the current temporary token (begin col/line can be wrong)!
	at org.python.pydev.core.log.Log.log(Log.java:54)
	at org.python.pydev.parser.grammarcommon.AbstractTreeBuilder.makeImportFrom25Onwards(AbstractTreeBuilder.java:703)
	at org.python.pydev.parser.grammar27.TreeBuilder27.onCloseNode(TreeBuilder27.java:417)
	at org.python.pydev.parser.grammarcommon.AbstractTreeBuilder.closeNode(AbstractTreeBuilder.java:615)
	at org.python.pydev.parser.grammarcommon.JJTPythonGrammarState.closeNodeScope(JJTPythonGrammarState.java:212)
	at org.python.pydev.parser.grammar27.PythonGrammar27.ImportFrom(PythonGrammar27.java:2771)
	at org.python.pydev.parser.grammar27.PythonGrammar27.import_stmt(PythonGrammar27.java:2584)
	at org.python.pydev.parser.grammar27.PythonGrammar27.small_stmt(PythonGrammar27.java:943)
	at org.python.pydev.parser.grammar27.PythonGrammar27.simple_stmt(PythonGrammar27.java:862)
	at org.python.pydev.parser.grammar27.PythonGrammar27.stmt(PythonGrammar27.java:837)
	at org.python.pydev.parser.grammar27.PythonGrammar27.file_input(PythonGrammar27.java:203)
	at org.python.pydev.parser.grammar27.PythonGrammar27.file_input(PythonGrammar27.java:1)
	at org.python.pydev.parser.PyParser.reparseDocument(PyParser.java:541)
	at org.python.pydev.editor.codecompletion.revisited.modules.AbstractModule.createModuleFromDoc(AbstractModule.java:293)
	at org.python.pydev.editor.codecompletion.revisited.modules.AbstractModule.createModule(AbstractModule.java:272)
	at org.python.pydev.editor.codecompletion.revisited.ModulesManager.getModule(ModulesManager.java:917)
	at org.python.pydev.editor.codecompletion.revisited.ModulesManager.getModule(ModulesManager.java:765)
	at org.python.pydev.editor.codecompletion.revisited.SystemModulesManager.getModuleWithoutBuiltins(SystemModulesManager.java:357)
	at org.python.pydev.editor.codecompletion.revisited.ProjectModulesManager.getModuleAndRelatedModulesManager(ProjectModulesManager.java:212)
	at org.python.pydev.editor.codecompletion.revisited.ProjectModulesManager.getModule(ProjectModulesManager.java:174)
	at org.python.pydev.editor.codecompletion.revisited.ProjectModulesManager.getModule(ProjectModulesManager.java:160)
	at org.python.pydev.editor.codecompletion.revisited.AbstractASTManager.getModule(AbstractASTManager.java:449)
	at org.python.pydev.editor.codecompletion.revisited.AbstractASTManager.findModuleFromPath(AbstractASTManager.java:1490)
	at org.python.pydev.editor.codecompletion.revisited.AbstractASTManager.findOnImportedMods(AbstractASTManager.java:1323)
	at org.python.pydev.editor.codecompletion.revisited.AbstractASTManager.findOnImportedMods(AbstractASTManager.java:1253)
	at org.python.pydev.editor.codecompletion.revisited.AbstractASTManager.findTokensOnImportedMods(AbstractASTManager.java:1141)
	at org.python.pydev.editor.codecompletion.revisited.AbstractASTManager.internalGenerateGetCompletionsForModule(AbstractASTManager.java:679)
	at org.python.pydev.editor.codecompletion.revisited.AbstractASTManager.getCompletionsForModule(AbstractASTManager.java:541)
	at org.python.pydev.editor.codecompletion.revisited.AbstractASTManager.getCompletionsForModule(AbstractASTManager.java:510)
	at org.python.pydev.editor.codecompletion.revisited.AbstractASTManager.getCompletionsForModule(AbstractASTManager.java:502)
	at org.python.pydev.editor.codecompletion.revisited.AbstractASTManager.getCompletionsForModule(AbstractASTManager.java:493)
	at org.python.pydev.editor.codecompletion.revisited.AbstractASTManager.findTokensOnImportedMods(AbstractASTManager.java:1178)
	at org.python.pydev.editor.codecompletion.revisited.AbstractASTManager.internalGenerateGetCompletionsForModule(AbstractASTManager.java:679)
	at org.python.pydev.editor.codecompletion.revisited.AbstractASTManager.getCompletionsForModule(AbstractASTManager.java:541)
	at org.python.pydev.editor.codecompletion.revisited.AbstractASTManager.getCompletionsForModule(AbstractASTManager.java:510)
	at org.python.pydev.editor.codecompletion.revisited.AbstractASTManager.getCompletionsForModule(AbstractASTManager.java:502)
	at org.python.pydev.editor.codecompletion.revisited.AbstractASTManager.getCompletionsForModule(AbstractASTManager.java:493)
	at org.python.pydev.editor.codecompletion.revisited.AssignAnalysis.addNonFunctionDefCompletionsFromAssign(AssignAnalysis.java:264)
	at org.python.pydev.editor.codecompletion.revisited.AssignAnalysis.getAssignCompletions(AssignAnalysis.java:91)
	at org.python.pydev.editor.codecompletion.revisited.AbstractASTManager.getAssignCompletions(AbstractASTManager.java:802)
	at org.python.pydev.editor.codecompletion.revisited.AbstractASTManager.internalGenerateGetCompletionsForModule(AbstractASTManager.java:776)
	at org.python.pydev.editor.codecompletion.revisited.AbstractASTManager.getCompletionsForModule(AbstractASTManager.java:541)
	at org.python.pydev.editor.codecompletion.revisited.AbstractASTManager.getCompletionsForModule(AbstractASTManager.java:510)
	at org.python.pydev.editor.codecompletion.revisited.AbstractASTManager.getCompletionsForModule(AbstractASTManager.java:502)
	at org.python.pydev.editor.codecompletion.revisited.AbstractASTManager.getCompletionsForModule(AbstractASTManager.java:493)
	at org.python.pydev.editor.codecompletion.revisited.AssignAnalysis.addNonFunctionDefCompletionsFromAssign(AssignAnalysis.java:264)
	at org.python.pydev.editor.codecompletion.revisited.AssignAnalysis.getAssignCompletions(AssignAnalysis.java:91)
	at org.python.pydev.editor.codecompletion.revisited.AbstractASTManager.getAssignCompletions(AbstractASTManager.java:802)
	at org.python.pydev.editor.codecompletion.revisited.AbstractASTManager.internalGenerateGetCompletionsForModule(AbstractASTManager.java:776)
	at org.python.pydev.editor.codecompletion.revisited.AbstractASTManager.getCompletionsForModule(AbstractASTManager.java:541)
	at org.python.pydev.editor.codecompletion.revisited.AbstractASTManager.getCompletionsForModule(AbstractASTManager.java:510)
	at org.python.pydev.editor.codecompletion.revisited.AbstractASTManager.getCompletionsForModule(AbstractASTManager.java:502)
	at org.python.pydev.editor.codecompletion.revisited.AbstractASTManager.getCompletionsForModule(AbstractASTManager.java:493)
	at org.python.pydev.editor.codecompletion.revisited.AssignAnalysis.addNonFunctionDefCompletionsFromAssign(AssignAnalysis.java:264)
	at org.python.pydev.editor.codecompletion.revisited.AssignAnalysis.getAssignCompletions(AssignAnalysis.java:91)
	at org.python.pydev.editor.codecompletion.revisited.AbstractASTManager.getAssignCompletions(AbstractASTManager.java:802)
	at org.python.pydev.editor.codecompletion.revisited.AbstractASTManager.internalGenerateGetCompletionsForModule(AbstractASTManager.java:776)
	at org.python.pydev.editor.codecompletion.revisited.AbstractASTManager.getCompletionsForModule(AbstractASTManager.java:541)
	at org.python.pydev.editor.codecompletion.revisited.AbstractASTManager.getCompletionsForModule(AbstractASTManager.java:510)
	at org.python.pydev.editor.codecompletion.revisited.AbstractASTManager.getCompletionsForModule(AbstractASTManager.java:502)
	at org.python.pydev.editor.codecompletion.revisited.modules.SourceModule.findGlobalTokDef(SourceModule.java:974)
	at org.python.pydev.editor.codecompletion.revisited.modules.SourceModule.findDefinitionsFromModAndTok(SourceModule.java:923)
	at org.python.pydev.editor.codecompletion.revisited.modules.SourceModule.findDefinition(SourceModule.java:905)
	at org.python.pydev.editor.codecompletion.revisited.modules.SourceModule.findDefinition(SourceModule.java:664)
	at org.python.pydev.editor.codecompletion.revisited.modules.SourceModule.getGlobalTokens(SourceModule.java:438)
	at org.python.pydev.editor.codecompletion.revisited.AbstractASTManager.internalGenerateGetCompletionsForModule(AbstractASTManager.java:715)
	at org.python.pydev.editor.codecompletion.revisited.AbstractASTManager.getCompletionsForModule(AbstractASTManager.java:541)
	at org.python.pydev.editor.codecompletion.revisited.AbstractASTManager.getCompletionsForModule(AbstractASTManager.java:510)
	at org.python.pydev.editor.codecompletion.revisited.AbstractASTManager.getCompletionsForModule(AbstractASTManager.java:502)
	at org.python.pydev.editor.codecompletion.revisited.modules.SourceModule.findGlobalTokDef(SourceModule.java:974)
	at org.python.pydev.editor.codecompletion.revisited.modules.SourceModule.findDefinitionsFromModAndTok(SourceModule.java:923)
	at org.python.pydev.editor.codecompletion.revisited.modules.SourceModule.findDefinition(SourceModule.java:905)
	at org.python.pydev.editor.codecompletion.revisited.modules.SourceModule.findDefinition(SourceModule.java:786)
	at org.python.pydev.editor.codecompletion.revisited.modules.SourceModule.findDefinition(SourceModule.java:664)
	at org.python.pydev.editor.codecompletion.revisited.modules.SourceModule.findDefinition(SourceModule.java:1)
	at org.python.pydev.editor.refactoring.PyRefactoringFindDefinition.findActualDefinition(PyRefactoringFindDefinition.java:177)
	at org.python.pydev.editor.refactoring.PyRefactoringFindDefinition.findActualDefinition(PyRefactoringFindDefinition.java:79)
	at org.python.pydev.editor.hover.PyTextHover.getDocstringHover(PyTextHover.java:206)
	at org.python.pydev.editor.hover.PyTextHover.getHoverInfo(PyTextHover.java:150)
	at org.eclipse.jface.text.TextViewerHoverManager$4.run(TextViewerHoverManager.java:168)

!ENTRY org.eclipse.jface 2 0 2014-09-21 09:52:59.847
!MESSAGE Keybinding conflicts occurred.  They may interfere with normal accelerator operation.
!SUBENTRY 1 org.eclipse.jface 2 0 2014-09-21 09:52:59.847
!MESSAGE A conflict occurred for CTRL+SHIFT+3:
Binding(CTRL+SHIFT+3,
	ParameterizedCommand(Command(org.eclipse.wst.jsdt.debug.ui.script.opensource,Open Source,
		Shows the JavaScript source for the selected script element,
		Category(org.eclipse.wst.jsdt.debug.ui.category,JavaScript Debug,Tooling for debugging JavaScript,true),
		org.eclipse.ui.internal.WorkbenchHandlerServiceHandler@3e91a74f,
		,,true),null),
	org.eclipse.ui.defaultAcceleratorConfiguration,
	org.eclipse.debug.ui.debugging,,,system)
Binding(CTRL+SHIFT+3,
	ParameterizedCommand(Command(org.python.pydev.editor.actions.uncomment,Python Uncomment,
		Uncomments a python line (Removes # from the beggining of the line),
		Category(org.python.pydev.ui.category.source,PyDev - Editor,PyDev editor category,true),
		org.eclipse.ui.internal.WorkbenchHandlerServiceHandler@4c7f53a0,
		,,true),null),
	org.eclipse.ui.defaultAcceleratorConfiguration,
	org.python.pydev.ui.editor.scope,,,system)

!ENTRY org.python.pydev.shared_core 4 4 2014-09-21 10:04:08.885
!MESSAGE ERROR reading shell.
ProcessInfo:

 - Executed: D:\Python27\python.exe -u D:\Program Files\eclipse\plugins\org.python.pydev_3.7.0.201408261926\pysrc\pycompletionserver.py 25945

 - Environment:
ALLUSERSPROFILE=C:\ProgramData
APPDATA=C:\Users\Administrator\AppData\Roaming
COMMONPROGRAMFILES(X86)=C:\Program Files (x86)\Common Files
COMMONPROGRAMFILES=C:\Program Files\Common Files
COMMONPROGRAMW6432=C:\Program Files\Common Files
COMPUTERNAME=WINDOWS-MDHHCSM
COMSPEC=C:\Windows\system32\cmd.exe
DXSDK_DIR=D:\Program Files (x86)\Microsoft DirectX SDK (August 2006)\
FP_NO_HOST_CHECK=NO
HOMEDRIVE=C:
HOMEPATH=\Users\Administrator
JAVA_HOME=D:\Program Files\Java\jdk1.7.0_51
LIB=C:\Program Files\SQLXML 4.0\bin\
LOCALAPPDATA=C:\Users\Administrator\AppData\Local
LOGONSERVER=\\WINDOWS-MDHHCSM
MAVEN_HOME=D:\Program Files\maven
NUMBER_OF_PROCESSORS=4
OS=Windows_NT
PATH="D:\Program Files (x86)\Microsoft DirectX SDK (August 2006)\Utilities\Bin\x86";C:\Program Files (x86)\Intel\iCLS Client\;C:\Program Files\Intel\iCLS Client\;C:\Program Files (x86)\NVIDIA Corporation\PhysX\Common;C:\Windows\system32;C:\Windows;C:\Windows\System32\Wbem;C:\Windows\System32\WindowsPowerShell\v1.0\;C:\Program Files (x86)\Intel\OpenCL SDK\2.0\bin\x86;C:\Program Files (x86)\Intel\OpenCL SDK\2.0\bin\x64;C:\Program Files\Intel\Intel(R) Management Engine Components\DAL;C:\Program Files\Intel\Intel(R) Management Engine Components\IPT;C:\Program Files (x86)\Intel\Intel(R) Management Engine Components\DAL;C:\Program Files (x86)\Intel\Intel(R) Management Engine Components\IPT;C:\Program Files (x86)\Microsoft SQL Server\90\Tools\binn\;C:\Program Files (x86)\Microsoft SQL Server\80\Tools\Binn\;D:\Program Files\Microsoft SQL Server\90\DTS\Binn\;D:\Program Files\Microsoft SQL Server\90\Tools\binn\;C:\Program Files\Microsoft\Web Platform Installer\;C:\Program Files (x86)\Microsoft ASP.NET\ASP.NET Web Pages\v1.0\;C:\Program Files (x86)\Windows Kits\8.0\Windows Performance Toolkit\;C:\Program Files\Microsoft SQL Server\110\Tools\Binn\;D:\Program Files\Java\jdk1.7.0_51\bin;D:\Program Files\Java\jdk1.7.0_51\jre\bin;D:\Program Files\maven\bin;D:\Program Files\MySQL\MySQL Utilities 1.3.6\;D:\Python27\;D:\Python27\Scripts\
PATHEXT=.COM;.EXE;.BAT;.CMD;.VBS;.VBE;.JS;.JSE;.WSF;.WSH;.MSC
PROCESSOR_ARCHITECTURE=AMD64
PROCESSOR_IDENTIFIER=Intel64 Family 6 Model 58 Stepping 9, GenuineIntel
PROCESSOR_LEVEL=6
PROCESSOR_REVISION=3a09
PROGRAMDATA=C:\ProgramData
PROGRAMFILES(X86)=C:\Program Files (x86)
PROGRAMFILES=C:\Program Files
PROGRAMW6432=C:\Program Files
PROMPT=$P$G
PSMODULEPATH=C:\Windows\system32\WindowsPowerShell\v1.0\Modules\
PUBLIC=C:\Users\Public
PYTHONPATH=D:\Program Files\eclipse\plugins\org.python.pydev_3.7.0.201408261926\pysrc\pydev_sitecustomize;D:\Python27\DLLs;D:\Python27\lib;D:\Python27\lib\lib-tk;D:\Python27;D:\Python27\lib\site-packages;D:\Python27\lib\site-packages\wx-3.0-msw;D:\Python27\lib\site-packages\PIL;D:\Python27\lib\site-packages\sqlautocode-0.6b1-py2.7.egg;D:\Python27\lib\site-packages\sqlacodegen-1.1.5-py2.7.egg;D:\Python27\lib\site-packages\inflect-0.2.4-py2.7.egg
SESSIONNAME=Console
SYSTEMDRIVE=C:
SYSTEMROOT=C:\Windows
TEMP=C:\Users\ADMINI~1\AppData\Local\Temp
TMP=C:\Users\ADMINI~1\AppData\Local\Temp
USERDOMAIN=WINDOWS-MDHHCSM
USERNAME=Administrator
USERPROFILE=C:\Users\Administrator
VS110COMNTOOLS=D:\Program Files (x86)\Microsoft Visual Studio 11.0\Common7\Tools\
VS90COMNTOOLS=d:\Program Files (x86)\Microsoft Visual Studio 9.0\Common7\Tools\
WINDIR=C:\Windows
WINDOWS_TRACING_FLAGS=3
WINDOWS_TRACING_LOGFILE=C:\BVTBin\Tests\installpackage\csilogfile.log

 - Working Dir:
D:\Program Files\eclipse\plugins\org.python.pydev_3.7.0.201408261926\pysrc

 - OS:
Windows 7

 - Std output:


 - Err output:

!STACK 0
java.nio.channels.ClosedByInterruptException
	at java.nio.channels.spi.AbstractInterruptibleChannel.end(Unknown Source)
	at sun.nio.ch.SocketChannelImpl.read(Unknown Source)
	at sun.nio.ch.SocketAdaptor$SocketInputStream.read(Unknown Source)
	at sun.nio.ch.ChannelInputStream.read(Unknown Source)
	at java.io.InputStream.read(Unknown Source)
	at org.python.pydev.editor.codecompletion.shell.AbstractShell.read(AbstractShell.java:454)
	at org.python.pydev.editor.codecompletion.shell.AbstractShell.read(AbstractShell.java:506)
	at org.python.pydev.editor.codecompletion.shell.AbstractShell.writeAndGetResults(AbstractShell.java:692)
	at org.python.pydev.editor.codecompletion.shell.AbstractShell.getImportCompletions(AbstractShell.java:756)
	at org.python.pydev.editor.codecompletion.revisited.modules.CompiledModule.createInnerFromServer(CompiledModule.java:331)
	at org.python.pydev.editor.codecompletion.revisited.modules.CompiledModule.getGlobalTokens(CompiledModule.java:531)
	at org.python.pydev.editor.codecompletion.revisited.AbstractASTManager.internalGenerateGetCompletionsForModule(AbstractASTManager.java:715)
	at org.python.pydev.editor.codecompletion.revisited.AbstractASTManager.getCompletionsForModule(AbstractASTManager.java:541)
	at org.python.pydev.editor.codecompletion.revisited.AbstractASTManager.getCompletionsForModule(AbstractASTManager.java:510)
	at org.python.pydev.editor.codecompletion.revisited.AbstractASTManager.getCompletionsForModule(AbstractASTManager.java:502)
	at org.python.pydev.editor.codecompletion.revisited.AbstractASTManager.getCompletionsForModule(AbstractASTManager.java:493)
	at org.python.pydev.editor.codecompletion.revisited.AbstractASTManager.internalGenerateGetCompletionsForModule(AbstractASTManager.java:723)
	at org.python.pydev.editor.codecompletion.revisited.AbstractASTManager.getCompletionsForModule(AbstractASTManager.java:541)
	at org.python.pydev.editor.codecompletion.revisited.AbstractASTManager.getCompletionsForModule(AbstractASTManager.java:510)
	at org.python.pydev.editor.codecompletion.revisited.AbstractASTManager.getCompletionsForModule(AbstractASTManager.java:502)
	at org.python.pydev.editor.codecompletion.revisited.modules.SourceModule.findGlobalTokDef(SourceModule.java:974)
	at org.python.pydev.editor.codecompletion.revisited.modules.SourceModule.findDefinitionsFromModAndTok(SourceModule.java:923)
	at org.python.pydev.editor.codecompletion.revisited.modules.SourceModule.findDefinition(SourceModule.java:905)
	at org.python.pydev.editor.codecompletion.revisited.modules.SourceModule.findDefinition(SourceModule.java:664)
	at org.python.pydev.editor.codecompletion.revisited.modules.SourceModule.findDefinition(SourceModule.java:1)
	at org.python.pydev.editor.refactoring.PyRefactoringFindDefinition.findActualDefinition(PyRefactoringFindDefinition.java:177)
	at org.python.pydev.editor.refactoring.PyRefactoringFindDefinition.findActualDefinition(PyRefactoringFindDefinition.java:79)
	at org.python.pydev.editor.hover.PyTextHover.getDocstringHover(PyTextHover.java:206)
	at org.python.pydev.editor.hover.PyTextHover.getHoverInfo(PyTextHover.java:150)
	at org.eclipse.jface.text.TextViewerHoverManager$4.run(TextViewerHoverManager.java:168)

!ENTRY org.python.pydev.shared_core 4 4 2014-09-21 10:14:11.811
!MESSAGE ERROR reading shell.
ProcessInfo:

 - Executed: D:\Python27\python.exe -u D:\Program Files\eclipse\plugins\org.python.pydev_3.7.0.201408261926\pysrc\pycompletionserver.py 26814

 - Environment:
ALLUSERSPROFILE=C:\ProgramData
APPDATA=C:\Users\Administrator\AppData\Roaming
COMMONPROGRAMFILES(X86)=C:\Program Files (x86)\Common Files
COMMONPROGRAMFILES=C:\Program Files\Common Files
COMMONPROGRAMW6432=C:\Program Files\Common Files
COMPUTERNAME=WINDOWS-MDHHCSM
COMSPEC=C:\Windows\system32\cmd.exe
DXSDK_DIR=D:\Program Files (x86)\Microsoft DirectX SDK (August 2006)\
FP_NO_HOST_CHECK=NO
HOMEDRIVE=C:
HOMEPATH=\Users\Administrator
JAVA_HOME=D:\Program Files\Java\jdk1.7.0_51
LIB=C:\Program Files\SQLXML 4.0\bin\
LOCALAPPDATA=C:\Users\Administrator\AppData\Local
LOGONSERVER=\\WINDOWS-MDHHCSM
MAVEN_HOME=D:\Program Files\maven
NUMBER_OF_PROCESSORS=4
OS=Windows_NT
PATH="D:\Program Files (x86)\Microsoft DirectX SDK (August 2006)\Utilities\Bin\x86";C:\Program Files (x86)\Intel\iCLS Client\;C:\Program Files\Intel\iCLS Client\;C:\Program Files (x86)\NVIDIA Corporation\PhysX\Common;C:\Windows\system32;C:\Windows;C:\Windows\System32\Wbem;C:\Windows\System32\WindowsPowerShell\v1.0\;C:\Program Files (x86)\Intel\OpenCL SDK\2.0\bin\x86;C:\Program Files (x86)\Intel\OpenCL SDK\2.0\bin\x64;C:\Program Files\Intel\Intel(R) Management Engine Components\DAL;C:\Program Files\Intel\Intel(R) Management Engine Components\IPT;C:\Program Files (x86)\Intel\Intel(R) Management Engine Components\DAL;C:\Program Files (x86)\Intel\Intel(R) Management Engine Components\IPT;C:\Program Files (x86)\Microsoft SQL Server\90\Tools\binn\;C:\Program Files (x86)\Microsoft SQL Server\80\Tools\Binn\;D:\Program Files\Microsoft SQL Server\90\DTS\Binn\;D:\Program Files\Microsoft SQL Server\90\Tools\binn\;C:\Program Files\Microsoft\Web Platform Installer\;C:\Program Files (x86)\Microsoft ASP.NET\ASP.NET Web Pages\v1.0\;C:\Program Files (x86)\Windows Kits\8.0\Windows Performance Toolkit\;C:\Program Files\Microsoft SQL Server\110\Tools\Binn\;D:\Program Files\Java\jdk1.7.0_51\bin;D:\Program Files\Java\jdk1.7.0_51\jre\bin;D:\Program Files\maven\bin;D:\Program Files\MySQL\MySQL Utilities 1.3.6\;D:\Python27\;D:\Python27\Scripts\
PATHEXT=.COM;.EXE;.BAT;.CMD;.VBS;.VBE;.JS;.JSE;.WSF;.WSH;.MSC
PROCESSOR_ARCHITECTURE=AMD64
PROCESSOR_IDENTIFIER=Intel64 Family 6 Model 58 Stepping 9, GenuineIntel
PROCESSOR_LEVEL=6
PROCESSOR_REVISION=3a09
PROGRAMDATA=C:\ProgramData
PROGRAMFILES(X86)=C:\Program Files (x86)
PROGRAMFILES=C:\Program Files
PROGRAMW6432=C:\Program Files
PROMPT=$P$G
PSMODULEPATH=C:\Windows\system32\WindowsPowerShell\v1.0\Modules\
PUBLIC=C:\Users\Public
PYTHONPATH=D:\Program Files\eclipse\plugins\org.python.pydev_3.7.0.201408261926\pysrc\pydev_sitecustomize;D:\Python27\DLLs;D:\Python27\lib;D:\Python27\lib\lib-tk;D:\Python27;D:\Python27\lib\site-packages;D:\Python27\lib\site-packages\wx-3.0-msw;D:\Python27\lib\site-packages\PIL;D:\Python27\lib\site-packages\sqlautocode-0.6b1-py2.7.egg;D:\Python27\lib\site-packages\sqlacodegen-1.1.5-py2.7.egg;D:\Python27\lib\site-packages\inflect-0.2.4-py2.7.egg
SESSIONNAME=Console
SYSTEMDRIVE=C:
SYSTEMROOT=C:\Windows
TEMP=C:\Users\ADMINI~1\AppData\Local\Temp
TMP=C:\Users\ADMINI~1\AppData\Local\Temp
USERDOMAIN=WINDOWS-MDHHCSM
USERNAME=Administrator
USERPROFILE=C:\Users\Administrator
VS110COMNTOOLS=D:\Program Files (x86)\Microsoft Visual Studio 11.0\Common7\Tools\
VS90COMNTOOLS=d:\Program Files (x86)\Microsoft Visual Studio 9.0\Common7\Tools\
WINDIR=C:\Windows
WINDOWS_TRACING_FLAGS=3
WINDOWS_TRACING_LOGFILE=C:\BVTBin\Tests\installpackage\csilogfile.log

 - Working Dir:
D:\Program Files\eclipse\plugins\org.python.pydev_3.7.0.201408261926\pysrc

 - OS:
Windows 7

 - Std output:


 - Err output:

!STACK 0
java.nio.channels.ClosedByInterruptException
	at java.nio.channels.spi.AbstractInterruptibleChannel.end(Unknown Source)
	at sun.nio.ch.SocketChannelImpl.write(Unknown Source)
	at java.nio.channels.Channels.writeFullyImpl(Unknown Source)
	at java.nio.channels.Channels.writeFully(Unknown Source)
	at java.nio.channels.Channels.access$000(Unknown Source)
	at java.nio.channels.Channels$1.write(Unknown Source)
	at java.io.OutputStream.write(Unknown Source)
	at org.python.pydev.editor.codecompletion.shell.AbstractShell.write(AbstractShell.java:544)
	at org.python.pydev.editor.codecompletion.shell.AbstractShell.writeAndGetResults(AbstractShell.java:691)
	at org.python.pydev.editor.codecompletion.shell.AbstractShell.getLineCol(AbstractShell.java:776)
	at org.python.pydev.editor.codecompletion.revisited.modules.CompiledModule.findDefinition(CompiledModule.java:596)
	at org.python.pydev.editor.codecompletion.revisited.modules.CompiledModule.findDefinition(CompiledModule.java:1)
	at org.python.pydev.editor.codecompletion.revisited.modules.SourceModule.findGlobalTokDef(SourceModule.java:1050)
	at org.python.pydev.editor.codecompletion.revisited.modules.SourceModule.findDefinitionsFromModAndTok(SourceModule.java:923)
	at org.python.pydev.editor.codecompletion.revisited.modules.SourceModule.findDefinition(SourceModule.java:905)
	at org.python.pydev.editor.codecompletion.revisited.modules.SourceModule.findDefinition(SourceModule.java:664)
	at org.python.pydev.editor.codecompletion.revisited.modules.SourceModule.findDefinition(SourceModule.java:1)
	at org.python.pydev.editor.codecompletion.revisited.modules.CompiledModule.findDefinition(CompiledModule.java:640)
	at org.python.pydev.editor.codecompletion.revisited.modules.CompiledModule.findDefinition(CompiledModule.java:1)
	at org.python.pydev.editor.codecompletion.revisited.modules.SourceModule.findGlobalTokDef(SourceModule.java:1050)
	at org.python.pydev.editor.codecompletion.revisited.modules.SourceModule.findDefinitionsFromModAndTok(SourceModule.java:923)
	at org.python.pydev.editor.codecompletion.revisited.modules.SourceModule.findDefinition(SourceModule.java:905)
	at org.python.pydev.editor.codecompletion.revisited.modules.SourceModule.findDefinition(SourceModule.java:664)
	at org.python.pydev.editor.codecompletion.revisited.modules.SourceModule.findDefinition(SourceModule.java:1)
	at org.python.pydev.editor.codecompletion.revisited.modules.CompiledModule.findDefinition(CompiledModule.java:640)
	at org.python.pydev.editor.codecompletion.revisited.modules.CompiledModule.findDefinition(CompiledModule.java:1)
	at org.python.pydev.editor.codecompletion.revisited.modules.SourceModule.findDefinition(SourceModule.java:887)
	at org.python.pydev.editor.codecompletion.revisited.modules.SourceModule.findDefinition(SourceModule.java:664)
	at org.python.pydev.editor.codecompletion.revisited.modules.SourceModule.findDefinition(SourceModule.java:1)
	at org.python.pydev.editor.refactoring.PyRefactoringFindDefinition.findActualDefinition(PyRefactoringFindDefinition.java:177)
	at org.python.pydev.editor.refactoring.PyRefactoringFindDefinition.findActualDefinition(PyRefactoringFindDefinition.java:79)
	at org.python.pydev.editor.hover.PyTextHover.getDocstringHover(PyTextHover.java:206)
	at org.python.pydev.editor.hover.PyTextHover.getHoverInfo(PyTextHover.java:150)
	at org.eclipse.jface.text.TextViewerHoverManager$4.run(TextViewerHoverManager.java:168)

!ENTRY org.python.pydev.shared_core 4 4 2014-09-21 10:16:41.224
!MESSAGE ERROR reading shell.
ProcessInfo:

 - Executed: D:\Python27\python.exe -u D:\Program Files\eclipse\plugins\org.python.pydev_3.7.0.201408261926\pysrc\pycompletionserver.py 26843

 - Environment:
ALLUSERSPROFILE=C:\ProgramData
APPDATA=C:\Users\Administrator\AppData\Roaming
COMMONPROGRAMFILES(X86)=C:\Program Files (x86)\Common Files
COMMONPROGRAMFILES=C:\Program Files\Common Files
COMMONPROGRAMW6432=C:\Program Files\Common Files
COMPUTERNAME=WINDOWS-MDHHCSM
COMSPEC=C:\Windows\system32\cmd.exe
DXSDK_DIR=D:\Program Files (x86)\Microsoft DirectX SDK (August 2006)\
FP_NO_HOST_CHECK=NO
HOMEDRIVE=C:
HOMEPATH=\Users\Administrator
JAVA_HOME=D:\Program Files\Java\jdk1.7.0_51
LIB=C:\Program Files\SQLXML 4.0\bin\
LOCALAPPDATA=C:\Users\Administrator\AppData\Local
LOGONSERVER=\\WINDOWS-MDHHCSM
MAVEN_HOME=D:\Program Files\maven
NUMBER_OF_PROCESSORS=4
OS=Windows_NT
PATH="D:\Program Files (x86)\Microsoft DirectX SDK (August 2006)\Utilities\Bin\x86";C:\Program Files (x86)\Intel\iCLS Client\;C:\Program Files\Intel\iCLS Client\;C:\Program Files (x86)\NVIDIA Corporation\PhysX\Common;C:\Windows\system32;C:\Windows;C:\Windows\System32\Wbem;C:\Windows\System32\WindowsPowerShell\v1.0\;C:\Program Files (x86)\Intel\OpenCL SDK\2.0\bin\x86;C:\Program Files (x86)\Intel\OpenCL SDK\2.0\bin\x64;C:\Program Files\Intel\Intel(R) Management Engine Components\DAL;C:\Program Files\Intel\Intel(R) Management Engine Components\IPT;C:\Program Files (x86)\Intel\Intel(R) Management Engine Components\DAL;C:\Program Files (x86)\Intel\Intel(R) Management Engine Components\IPT;C:\Program Files (x86)\Microsoft SQL Server\90\Tools\binn\;C:\Program Files (x86)\Microsoft SQL Server\80\Tools\Binn\;D:\Program Files\Microsoft SQL Server\90\DTS\Binn\;D:\Program Files\Microsoft SQL Server\90\Tools\binn\;C:\Program Files\Microsoft\Web Platform Installer\;C:\Program Files (x86)\Microsoft ASP.NET\ASP.NET Web Pages\v1.0\;C:\Program Files (x86)\Windows Kits\8.0\Windows Performance Toolkit\;C:\Program Files\Microsoft SQL Server\110\Tools\Binn\;D:\Program Files\Java\jdk1.7.0_51\bin;D:\Program Files\Java\jdk1.7.0_51\jre\bin;D:\Program Files\maven\bin;D:\Program Files\MySQL\MySQL Utilities 1.3.6\;D:\Python27\;D:\Python27\Scripts\
PATHEXT=.COM;.EXE;.BAT;.CMD;.VBS;.VBE;.JS;.JSE;.WSF;.WSH;.MSC
PROCESSOR_ARCHITECTURE=AMD64
PROCESSOR_IDENTIFIER=Intel64 Family 6 Model 58 Stepping 9, GenuineIntel
PROCESSOR_LEVEL=6
PROCESSOR_REVISION=3a09
PROGRAMDATA=C:\ProgramData
PROGRAMFILES(X86)=C:\Program Files (x86)
PROGRAMFILES=C:\Program Files
PROGRAMW6432=C:\Program Files
PROMPT=$P$G
PSMODULEPATH=C:\Windows\system32\WindowsPowerShell\v1.0\Modules\
PUBLIC=C:\Users\Public
PYTHONPATH=D:\Program Files\eclipse\plugins\org.python.pydev_3.7.0.201408261926\pysrc\pydev_sitecustomize;D:\Python27\DLLs;D:\Python27\lib;D:\Python27\lib\lib-tk;D:\Python27;D:\Python27\lib\site-packages;D:\Python27\lib\site-packages\wx-3.0-msw;D:\Python27\lib\site-packages\PIL;D:\Python27\lib\site-packages\sqlautocode-0.6b1-py2.7.egg;D:\Python27\lib\site-packages\sqlacodegen-1.1.5-py2.7.egg;D:\Python27\lib\site-packages\inflect-0.2.4-py2.7.egg
SESSIONNAME=Console
SYSTEMDRIVE=C:
SYSTEMROOT=C:\Windows
TEMP=C:\Users\ADMINI~1\AppData\Local\Temp
TMP=C:\Users\ADMINI~1\AppData\Local\Temp
USERDOMAIN=WINDOWS-MDHHCSM
USERNAME=Administrator
USERPROFILE=C:\Users\Administrator
VS110COMNTOOLS=D:\Program Files (x86)\Microsoft Visual Studio 11.0\Common7\Tools\
VS90COMNTOOLS=d:\Program Files (x86)\Microsoft Visual Studio 9.0\Common7\Tools\
WINDIR=C:\Windows
WINDOWS_TRACING_FLAGS=3
WINDOWS_TRACING_LOGFILE=C:\BVTBin\Tests\installpackage\csilogfile.log

 - Working Dir:
D:\Program Files\eclipse\plugins\org.python.pydev_3.7.0.201408261926\pysrc

 - OS:
Windows 7

 - Std output:


 - Err output:

!STACK 0
java.nio.channels.ClosedByInterruptException
	at java.nio.channels.spi.AbstractInterruptibleChannel.end(Unknown Source)
	at sun.nio.ch.SocketChannelImpl.write(Unknown Source)
	at java.nio.channels.Channels.writeFullyImpl(Unknown Source)
	at java.nio.channels.Channels.writeFully(Unknown Source)
	at java.nio.channels.Channels.access$000(Unknown Source)
	at java.nio.channels.Channels$1.write(Unknown Source)
	at java.io.OutputStream.write(Unknown Source)
	at org.python.pydev.editor.codecompletion.shell.AbstractShell.write(AbstractShell.java:544)
	at org.python.pydev.editor.codecompletion.shell.AbstractShell.writeAndGetResults(AbstractShell.java:691)
	at org.python.pydev.editor.codecompletion.shell.AbstractShell.getLineCol(AbstractShell.java:776)
	at org.python.pydev.editor.codecompletion.revisited.modules.CompiledModule.findDefinition(CompiledModule.java:596)
	at org.python.pydev.editor.codecompletion.revisited.modules.CompiledModule.findDefinition(CompiledModule.java:1)
	at org.python.pydev.editor.codecompletion.revisited.modules.SourceModule.findGlobalTokDef(SourceModule.java:1050)
	at org.python.pydev.editor.codecompletion.revisited.modules.SourceModule.findDefinitionsFromModAndTok(SourceModule.java:923)
	at org.python.pydev.editor.codecompletion.revisited.modules.SourceModule.findDefinition(SourceModule.java:905)
	at org.python.pydev.editor.codecompletion.revisited.modules.SourceModule.findDefinition(SourceModule.java:664)
	at org.python.pydev.editor.codecompletion.revisited.modules.SourceModule.findDefinition(SourceModule.java:1)
	at org.python.pydev.editor.codecompletion.revisited.modules.CompiledModule.findDefinition(CompiledModule.java:640)
	at org.python.pydev.editor.codecompletion.revisited.modules.CompiledModule.findDefinition(CompiledModule.java:1)
	at org.python.pydev.editor.codecompletion.revisited.modules.SourceModule.findGlobalTokDef(SourceModule.java:1050)
	at org.python.pydev.editor.codecompletion.revisited.modules.SourceModule.findDefinitionsFromModAndTok(SourceModule.java:923)
	at org.python.pydev.editor.codecompletion.revisited.modules.SourceModule.findDefinition(SourceModule.java:905)
	at org.python.pydev.editor.codecompletion.revisited.modules.SourceModule.findDefinition(SourceModule.java:664)
	at org.python.pydev.editor.codecompletion.revisited.modules.SourceModule.findDefinition(SourceModule.java:1)
	at org.python.pydev.editor.refactoring.PyRefactoringFindDefinition.findActualDefinition(PyRefactoringFindDefinition.java:177)
	at org.python.pydev.editor.refactoring.PyRefactoringFindDefinition.findActualDefinition(PyRefactoringFindDefinition.java:79)
	at org.python.pydev.editor.hover.PyTextHover.getDocstringHover(PyTextHover.java:206)
	at org.python.pydev.editor.hover.PyTextHover.getHoverInfo(PyTextHover.java:150)
	at org.eclipse.jface.text.TextViewerHoverManager$4.run(TextViewerHoverManager.java:168)
!SESSION 2014-09-21 15:02:46.375 -----------------------------------------------
eclipse.buildId=4.3.0.M20130911-1000
java.version=1.7.0_51
java.vendor=Oracle Corporation
BootLoader constants: OS=win32, ARCH=x86_64, WS=win32, NL=zh_CN
Framework arguments:  -product org.eclipse.epp.package.jee.product
Command-line arguments:  -os win32 -ws win32 -arch x86_64 -product org.eclipse.epp.package.jee.product

!ENTRY org.eclipse.emf.ecore 2 0 2014-09-21 15:02:54.249
!MESSAGE Both 'org.eclipse.m2e.model.edit' and 'org.maven.ide.eclipse.maven_model_edit' register a package for 'http://maven.apache.org/POM/4.0.0'

!ENTRY org.eclipse.emf.ecore 2 0 2014-09-21 15:02:54.323
!MESSAGE Both 'org.eclipse.m2e.model.edit' and 'org.maven.ide.eclipse.maven_model_edit' register an extension parser for 'pom'

!ENTRY org.eclipse.egit.ui 2 0 2014-09-21 15:03:44.213
!MESSAGE Warning: EGit couldn't detect the installation path "gitPrefix" of native Git. Hence EGit can't respect system level
Git settings which might be configured in ${gitPrefix}/etc/gitconfig under the native Git installation directory.
The most important of these settings is core.autocrlf. Git for Windows by default sets this parameter to true in
this system level configuration. The Git installation location can be configured on the
Team > Git > Configuration preference page's 'System Settings' tab.
This warning can be switched off on the Team > Git > Confirmations and Warnings preference page.

!ENTRY org.eclipse.egit.ui 2 0 2014-09-21 15:03:44.216
!MESSAGE Warning: The environment variable HOME is not set. The following directory will be used to store the Git
user global configuration and to define the default location to store repositories: 'C:\Users\Administrator'. If this is
not correct please set the HOME environment variable and restart Eclipse. Otherwise Git for Windows and
EGit might behave differently since they see different configuration options.
This warning can be switched off on the Team > Git > Confirmations and Warnings preference page.

!ENTRY org.eclipse.jface 2 0 2014-09-21 15:04:13.241
!MESSAGE Keybinding conflicts occurred.  They may interfere with normal accelerator operation.
!SUBENTRY 1 org.eclipse.jface 2 0 2014-09-21 15:04:13.241
!MESSAGE A conflict occurred for CTRL+SHIFT+T:
Binding(CTRL+SHIFT+T,
	ParameterizedCommand(Command(org.eclipse.jdt.ui.navigate.open.type,Open Type,
		Open a type in a Java editor,
		Category(org.eclipse.ui.category.navigate,Navigate,null,true),
		org.eclipse.ui.internal.WorkbenchHandlerServiceHandler@a57f1c3,
		,,true),null),
	org.eclipse.ui.defaultAcceleratorConfiguration,
	org.eclipse.ui.contexts.window,,,system)
Binding(CTRL+SHIFT+T,
	ParameterizedCommand(Command(com.python.pydev.analysis.actions.pyGlobalsBrowserWorkbench,Python Show Global Tokens (Global),
		Python Show Global Tokens (Global),
		Category(org.python.pydev.ui.category.source,PyDev - Editor,PyDev editor category,true),
		org.eclipse.ui.internal.WorkbenchHandlerServiceHandler@13c13e83,
		,,true),null),
	org.eclipse.ui.defaultAcceleratorConfiguration,
	com.python.pydev.contexts.window,,,system)
Binding(CTRL+SHIFT+T,
	ParameterizedCommand(Command(org.python.pydev.editor.actions.pyShowBrowser,Python Show Global Tokens (Editor),
		Python Show Global Tokens (Editor),
		Category(org.python.pydev.ui.category.source,PyDev - Editor,PyDev editor category,true),
		org.eclipse.ui.internal.WorkbenchHandlerServiceHandler@73ef1496,
		,,true),null),
	org.eclipse.ui.defaultAcceleratorConfiguration,
	org.python.pydev.ui.editor.scope,,,system)
!SESSION 2014-09-22 21:11:04.503 -----------------------------------------------
eclipse.buildId=4.3.0.M20130911-1000
java.version=1.7.0_51
java.vendor=Oracle Corporation
BootLoader constants: OS=win32, ARCH=x86_64, WS=win32, NL=zh_CN
Framework arguments:  -product org.eclipse.epp.package.jee.product
Command-line arguments:  -os win32 -ws win32 -arch x86_64 -product org.eclipse.epp.package.jee.product

!ENTRY org.eclipse.emf.ecore 2 0 2014-09-22 21:11:12.350
!MESSAGE Both 'org.eclipse.m2e.model.edit' and 'org.maven.ide.eclipse.maven_model_edit' register a package for 'http://maven.apache.org/POM/4.0.0'

!ENTRY org.eclipse.emf.ecore 2 0 2014-09-22 21:11:12.428
!MESSAGE Both 'org.eclipse.m2e.model.edit' and 'org.maven.ide.eclipse.maven_model_edit' register an extension parser for 'pom'

!ENTRY org.eclipse.egit.ui 2 0 2014-09-22 21:11:41.008
!MESSAGE Warning: EGit couldn't detect the installation path "gitPrefix" of native Git. Hence EGit can't respect system level
Git settings which might be configured in ${gitPrefix}/etc/gitconfig under the native Git installation directory.
The most important of these settings is core.autocrlf. Git for Windows by default sets this parameter to true in
this system level configuration. The Git installation location can be configured on the
Team > Git > Configuration preference page's 'System Settings' tab.
This warning can be switched off on the Team > Git > Confirmations and Warnings preference page.

!ENTRY org.eclipse.egit.ui 2 0 2014-09-22 21:11:41.008
!MESSAGE Warning: The environment variable HOME is not set. The following directory will be used to store the Git
user global configuration and to define the default location to store repositories: 'C:\Users\Administrator'. If this is
not correct please set the HOME environment variable and restart Eclipse. Otherwise Git for Windows and
EGit might behave differently since they see different configuration options.
This warning can be switched off on the Team > Git > Confirmations and Warnings preference page.

!ENTRY org.eclipse.jface 2 0 2014-09-22 21:11:49.737
!MESSAGE Keybinding conflicts occurred.  They may interfere with normal accelerator operation.
!SUBENTRY 1 org.eclipse.jface 2 0 2014-09-22 21:11:49.752
!MESSAGE A conflict occurred for CTRL+SHIFT+T:
Binding(CTRL+SHIFT+T,
	ParameterizedCommand(Command(org.eclipse.jdt.ui.navigate.open.type,Open Type,
		Open a type in a Java editor,
		Category(org.eclipse.ui.category.navigate,Navigate,null,true),
		org.eclipse.ui.internal.WorkbenchHandlerServiceHandler@70202efc,
		,,true),null),
	org.eclipse.ui.defaultAcceleratorConfiguration,
	org.eclipse.ui.contexts.window,,,system)
Binding(CTRL+SHIFT+T,
	ParameterizedCommand(Command(com.python.pydev.analysis.actions.pyGlobalsBrowserWorkbench,Python Show Global Tokens (Global),
		Python Show Global Tokens (Global),
		Category(org.python.pydev.ui.category.source,PyDev - Editor,PyDev editor category,true),
		org.eclipse.ui.internal.WorkbenchHandlerServiceHandler@50ecdbe6,
		,,true),null),
	org.eclipse.ui.defaultAcceleratorConfiguration,
	com.python.pydev.contexts.window,,,system)
Binding(CTRL+SHIFT+T,
	ParameterizedCommand(Command(org.python.pydev.editor.actions.pyShowBrowser,Python Show Global Tokens (Editor),
		Python Show Global Tokens (Editor),
		Category(org.python.pydev.ui.category.source,PyDev - Editor,PyDev editor category,true),
		org.eclipse.ui.internal.WorkbenchHandlerServiceHandler@6e59028b,
		,,true),null),
	org.eclipse.ui.defaultAcceleratorConfiguration,
	org.python.pydev.ui.editor.scope,,,system)
!SESSION 2014-09-23 20:57:52.118 -----------------------------------------------
eclipse.buildId=4.3.0.M20130911-1000
java.version=1.7.0_51
java.vendor=Oracle Corporation
BootLoader constants: OS=win32, ARCH=x86_64, WS=win32, NL=zh_CN
Framework arguments:  -product org.eclipse.epp.package.jee.product
Command-line arguments:  -os win32 -ws win32 -arch x86_64 -product org.eclipse.epp.package.jee.product

!ENTRY org.eclipse.emf.ecore 2 0 2014-09-23 20:57:55.222
!MESSAGE Both 'org.eclipse.m2e.model.edit' and 'org.maven.ide.eclipse.maven_model_edit' register a package for 'http://maven.apache.org/POM/4.0.0'

!ENTRY org.eclipse.emf.ecore 2 0 2014-09-23 20:57:55.300
!MESSAGE Both 'org.eclipse.m2e.model.edit' and 'org.maven.ide.eclipse.maven_model_edit' register an extension parser for 'pom'

!ENTRY org.eclipse.egit.ui 2 0 2014-09-23 20:58:46.671
!MESSAGE Warning: EGit couldn't detect the installation path "gitPrefix" of native Git. Hence EGit can't respect system level
Git settings which might be configured in ${gitPrefix}/etc/gitconfig under the native Git installation directory.
The most important of these settings is core.autocrlf. Git for Windows by default sets this parameter to true in
this system level configuration. The Git installation location can be configured on the
Team > Git > Configuration preference page's 'System Settings' tab.
This warning can be switched off on the Team > Git > Confirmations and Warnings preference page.

!ENTRY org.eclipse.egit.ui 2 0 2014-09-23 20:58:46.671
!MESSAGE Warning: The environment variable HOME is not set. The following directory will be used to store the Git
user global configuration and to define the default location to store repositories: 'C:\Users\Administrator'. If this is
not correct please set the HOME environment variable and restart Eclipse. Otherwise Git for Windows and
EGit might behave differently since they see different configuration options.
This warning can be switched off on the Team > Git > Confirmations and Warnings preference page.

!ENTRY org.eclipse.jface 2 0 2014-09-23 20:59:17.704
!MESSAGE Keybinding conflicts occurred.  They may interfere with normal accelerator operation.
!SUBENTRY 1 org.eclipse.jface 2 0 2014-09-23 20:59:17.704
!MESSAGE A conflict occurred for CTRL+SHIFT+T:
Binding(CTRL+SHIFT+T,
	ParameterizedCommand(Command(org.eclipse.jdt.ui.navigate.open.type,Open Type,
		Open a type in a Java editor,
		Category(org.eclipse.ui.category.navigate,Navigate,null,true),
		org.eclipse.ui.internal.WorkbenchHandlerServiceHandler@230050b7,
		,,true),null),
	org.eclipse.ui.defaultAcceleratorConfiguration,
	org.eclipse.ui.contexts.window,,,system)
Binding(CTRL+SHIFT+T,
	ParameterizedCommand(Command(com.python.pydev.analysis.actions.pyGlobalsBrowserWorkbench,Python Show Global Tokens (Global),
		Python Show Global Tokens (Global),
		Category(org.python.pydev.ui.category.source,PyDev - Editor,PyDev editor category,true),
		org.eclipse.ui.internal.WorkbenchHandlerServiceHandler@69b33054,
		,,true),null),
	org.eclipse.ui.defaultAcceleratorConfiguration,
	com.python.pydev.contexts.window,,,system)
Binding(CTRL+SHIFT+T,
	ParameterizedCommand(Command(org.python.pydev.editor.actions.pyShowBrowser,Python Show Global Tokens (Editor),
		Python Show Global Tokens (Editor),
		Category(org.python.pydev.ui.category.source,PyDev - Editor,PyDev editor category,true),
		org.eclipse.ui.internal.WorkbenchHandlerServiceHandler@732a1102,
		,,true),null),
	org.eclipse.ui.defaultAcceleratorConfiguration,
	org.python.pydev.ui.editor.scope,,,system)

!ENTRY org.python.pydev.shared_core 4 4 2014-09-23 21:04:53.092
!MESSAGE ERROR reading shell.
ProcessInfo:

 - Executed: D:\Python27\python.exe -u D:\Program Files\eclipse\plugins\org.python.pydev_3.7.0.201408261926\pysrc\pycompletionserver.py 1499

 - Environment:
ALLUSERSPROFILE=C:\ProgramData
APPDATA=C:\Users\Administrator\AppData\Roaming
COMMONPROGRAMFILES(X86)=C:\Program Files (x86)\Common Files
COMMONPROGRAMFILES=C:\Program Files\Common Files
COMMONPROGRAMW6432=C:\Program Files\Common Files
COMPUTERNAME=WINDOWS-MDHHCSM
COMSPEC=C:\Windows\system32\cmd.exe
DXSDK_DIR=D:\Program Files (x86)\Microsoft DirectX SDK (August 2006)\
FP_NO_HOST_CHECK=NO
HOMEDRIVE=C:
HOMEPATH=\Users\Administrator
JAVA_HOME=D:\Program Files\Java\jdk1.7.0_51
LIB=C:\Program Files\SQLXML 4.0\bin\
LOCALAPPDATA=C:\Users\Administrator\AppData\Local
LOGONSERVER=\\WINDOWS-MDHHCSM
MAVEN_HOME=D:\Program Files\maven
NUMBER_OF_PROCESSORS=4
OS=Windows_NT
PATH="D:\Program Files (x86)\Microsoft DirectX SDK (August 2006)\Utilities\Bin\x86";C:\Program Files (x86)\Intel\iCLS Client\;C:\Program Files\Intel\iCLS Client\;C:\Program Files (x86)\NVIDIA Corporation\PhysX\Common;C:\Windows\system32;C:\Windows;C:\Windows\System32\Wbem;C:\Windows\System32\WindowsPowerShell\v1.0\;C:\Program Files (x86)\Intel\OpenCL SDK\2.0\bin\x86;C:\Program Files (x86)\Intel\OpenCL SDK\2.0\bin\x64;C:\Program Files\Intel\Intel(R) Management Engine Components\DAL;C:\Program Files\Intel\Intel(R) Management Engine Components\IPT;C:\Program Files (x86)\Intel\Intel(R) Management Engine Components\DAL;C:\Program Files (x86)\Intel\Intel(R) Management Engine Components\IPT;C:\Program Files (x86)\Microsoft SQL Server\90\Tools\binn\;C:\Program Files (x86)\Microsoft SQL Server\80\Tools\Binn\;D:\Program Files\Microsoft SQL Server\90\DTS\Binn\;D:\Program Files\Microsoft SQL Server\90\Tools\binn\;C:\Program Files\Microsoft\Web Platform Installer\;C:\Program Files (x86)\Microsoft ASP.NET\ASP.NET Web Pages\v1.0\;C:\Program Files (x86)\Windows Kits\8.0\Windows Performance Toolkit\;C:\Program Files\Microsoft SQL Server\110\Tools\Binn\;D:\Program Files\Java\jdk1.7.0_51\bin;D:\Program Files\Java\jdk1.7.0_51\jre\bin;D:\Program Files\maven\bin;D:\Program Files\MySQL\MySQL Utilities 1.3.6\;D:\Python27\;D:\Python27\Scripts\
PATHEXT=.COM;.EXE;.BAT;.CMD;.VBS;.VBE;.JS;.JSE;.WSF;.WSH;.MSC
PROCESSOR_ARCHITECTURE=AMD64
PROCESSOR_IDENTIFIER=Intel64 Family 6 Model 58 Stepping 9, GenuineIntel
PROCESSOR_LEVEL=6
PROCESSOR_REVISION=3a09
PROGRAMDATA=C:\ProgramData
PROGRAMFILES(X86)=C:\Program Files (x86)
PROGRAMFILES=C:\Program Files
PROGRAMW6432=C:\Program Files
PROMPT=$P$G
PSMODULEPATH=C:\Windows\system32\WindowsPowerShell\v1.0\Modules\
PUBLIC=C:\Users\Public
PYTHONPATH=D:\Program Files\eclipse\plugins\org.python.pydev_3.7.0.201408261926\pysrc\pydev_sitecustomize;D:\Python27\DLLs;D:\Python27\lib;D:\Python27\lib\lib-tk;D:\Python27;D:\Python27\lib\site-packages;D:\Python27\lib\site-packages\wx-3.0-msw;D:\Python27\lib\site-packages\PIL;D:\Python27\lib\site-packages\sqlautocode-0.6b1-py2.7.egg;D:\Python27\lib\site-packages\sqlacodegen-1.1.5-py2.7.egg;D:\Python27\lib\site-packages\inflect-0.2.4-py2.7.egg
SESSIONNAME=Console
SYSTEMDRIVE=C:
SYSTEMROOT=C:\Windows
TEMP=C:\Users\ADMINI~1\AppData\Local\Temp
TMP=C:\Users\ADMINI~1\AppData\Local\Temp
USERDOMAIN=WINDOWS-MDHHCSM
USERNAME=Administrator
USERPROFILE=C:\Users\Administrator
VS110COMNTOOLS=D:\Program Files (x86)\Microsoft Visual Studio 11.0\Common7\Tools\
VS90COMNTOOLS=d:\Program Files (x86)\Microsoft Visual Studio 9.0\Common7\Tools\
WINDIR=C:\Windows
WINDOWS_TRACING_FLAGS=3
WINDOWS_TRACING_LOGFILE=C:\BVTBin\Tests\installpackage\csilogfile.log

 - Working Dir:
D:\Program Files\eclipse\plugins\org.python.pydev_3.7.0.201408261926\pysrc

 - OS:
Windows 7

 - Std output:


 - Err output:

!STACK 0
java.nio.channels.ClosedByInterruptException
	at java.nio.channels.spi.AbstractInterruptibleChannel.end(Unknown Source)
	at sun.nio.ch.SocketChannelImpl.write(Unknown Source)
	at java.nio.channels.Channels.writeFullyImpl(Unknown Source)
	at java.nio.channels.Channels.writeFully(Unknown Source)
	at java.nio.channels.Channels.access$000(Unknown Source)
	at java.nio.channels.Channels$1.write(Unknown Source)
	at java.io.OutputStream.write(Unknown Source)
	at org.python.pydev.editor.codecompletion.shell.AbstractShell.write(AbstractShell.java:544)
	at org.python.pydev.editor.codecompletion.shell.AbstractShell.writeAndGetResults(AbstractShell.java:691)
	at org.python.pydev.editor.codecompletion.shell.AbstractShell.getImportCompletions(AbstractShell.java:756)
	at org.python.pydev.editor.codecompletion.revisited.modules.CompiledModule.createInnerFromServer(CompiledModule.java:331)
	at org.python.pydev.editor.codecompletion.revisited.modules.CompiledModule.getGlobalTokens(CompiledModule.java:531)
	at org.python.pydev.editor.codecompletion.revisited.AbstractASTManager.internalGenerateGetCompletionsForModule(AbstractASTManager.java:715)
	at org.python.pydev.editor.codecompletion.revisited.AbstractASTManager.getCompletionsForModule(AbstractASTManager.java:541)
	at org.python.pydev.editor.codecompletion.revisited.AbstractASTManager.getCompletionsForModule(AbstractASTManager.java:510)
	at org.python.pydev.editor.codecompletion.revisited.AbstractASTManager.getCompletionsForModule(AbstractASTManager.java:502)
	at org.python.pydev.editor.codecompletion.revisited.AbstractASTManager.getCompletionsForModule(AbstractASTManager.java:493)
	at org.python.pydev.editor.codecompletion.revisited.AbstractASTManager.internalGenerateGetCompletionsForModule(AbstractASTManager.java:723)
	at org.python.pydev.editor.codecompletion.revisited.AbstractASTManager.getCompletionsForModule(AbstractASTManager.java:541)
	at org.python.pydev.editor.codecompletion.revisited.AbstractASTManager.getCompletionsForModule(AbstractASTManager.java:510)
	at org.python.pydev.editor.codecompletion.revisited.AbstractASTManager.getCompletionsForModule(AbstractASTManager.java:502)
	at org.python.pydev.editor.codecompletion.revisited.modules.SourceModule.findGlobalTokDef(SourceModule.java:974)
	at org.python.pydev.editor.codecompletion.revisited.modules.SourceModule.findDefinitionsFromModAndTok(SourceModule.java:923)
	at org.python.pydev.editor.codecompletion.revisited.modules.SourceModule.findDefinition(SourceModule.java:905)
	at org.python.pydev.editor.codecompletion.revisited.modules.SourceModule.findDefinition(SourceModule.java:664)
	at org.python.pydev.editor.codecompletion.revisited.modules.SourceModule.findDefinition(SourceModule.java:1)
	at org.python.pydev.editor.refactoring.PyRefactoringFindDefinition.findActualDefinition(PyRefactoringFindDefinition.java:177)
	at org.python.pydev.editor.refactoring.PyRefactoringFindDefinition.findActualDefinition(PyRefactoringFindDefinition.java:79)
	at org.python.pydev.editor.hover.PyTextHover.getDocstringHover(PyTextHover.java:206)
	at org.python.pydev.editor.hover.PyTextHover.getHoverInfo(PyTextHover.java:150)
	at org.eclipse.jface.text.TextViewerHoverManager$4.run(TextViewerHoverManager.java:168)
!SESSION 2014-09-23 21:24:24.760 -----------------------------------------------
eclipse.buildId=4.3.0.M20130911-1000
java.version=1.7.0_51
java.vendor=Oracle Corporation
BootLoader constants: OS=win32, ARCH=x86_64, WS=win32, NL=zh_CN
Framework arguments:  -product org.eclipse.epp.package.jee.product
Command-line arguments:  -os win32 -ws win32 -arch x86_64 -product org.eclipse.epp.package.jee.product

!ENTRY org.eclipse.core.resources 2 10035 2014-09-23 21:24:28.066
!MESSAGE The workspace exited with unsaved changes in the previous session; refreshing workspace to recover changes.

!ENTRY org.eclipse.emf.ecore 2 0 2014-09-23 21:24:35.609
!MESSAGE Both 'org.eclipse.m2e.model.edit' and 'org.maven.ide.eclipse.maven_model_edit' register a package for 'http://maven.apache.org/POM/4.0.0'

!ENTRY org.eclipse.emf.ecore 2 0 2014-09-23 21:24:35.799
!MESSAGE Both 'org.eclipse.m2e.model.edit' and 'org.maven.ide.eclipse.maven_model_edit' register an extension parser for 'pom'

!ENTRY org.eclipse.egit.ui 2 0 2014-09-23 21:26:12.269
!MESSAGE Warning: EGit couldn't detect the installation path "gitPrefix" of native Git. Hence EGit can't respect system level
Git settings which might be configured in ${gitPrefix}/etc/gitconfig under the native Git installation directory.
The most important of these settings is core.autocrlf. Git for Windows by default sets this parameter to true in
this system level configuration. The Git installation location can be configured on the
Team > Git > Configuration preference page's 'System Settings' tab.
This warning can be switched off on the Team > Git > Confirmations and Warnings preference page.

!ENTRY org.eclipse.egit.ui 2 0 2014-09-23 21:26:12.269
!MESSAGE Warning: The environment variable HOME is not set. The following directory will be used to store the Git
user global configuration and to define the default location to store repositories: 'C:\Users\Administrator'. If this is
not correct please set the HOME environment variable and restart Eclipse. Otherwise Git for Windows and
EGit might behave differently since they see different configuration options.
This warning can be switched off on the Team > Git > Confirmations and Warnings preference page.

!ENTRY org.eclipse.jface 2 0 2014-09-23 21:26:40.073
!MESSAGE Keybinding conflicts occurred.  They may interfere with normal accelerator operation.
!SUBENTRY 1 org.eclipse.jface 2 0 2014-09-23 21:26:40.073
!MESSAGE A conflict occurred for CTRL+SHIFT+T:
Binding(CTRL+SHIFT+T,
	ParameterizedCommand(Command(org.eclipse.jdt.ui.navigate.open.type,Open Type,
		Open a type in a Java editor,
		Category(org.eclipse.ui.category.navigate,Navigate,null,true),
		org.eclipse.ui.internal.WorkbenchHandlerServiceHandler@43adcd,
		,,true),null),
	org.eclipse.ui.defaultAcceleratorConfiguration,
	org.eclipse.ui.contexts.window,,,system)
Binding(CTRL+SHIFT+T,
	ParameterizedCommand(Command(com.python.pydev.analysis.actions.pyGlobalsBrowserWorkbench,Python Show Global Tokens (Global),
		Python Show Global Tokens (Global),
		Category(org.python.pydev.ui.category.source,PyDev - Editor,PyDev editor category,true),
		org.eclipse.ui.internal.WorkbenchHandlerServiceHandler@5b476ddd,
		,,true),null),
	org.eclipse.ui.defaultAcceleratorConfiguration,
	com.python.pydev.contexts.window,,,system)
Binding(CTRL+SHIFT+T,
	ParameterizedCommand(Command(org.python.pydev.editor.actions.pyShowBrowser,Python Show Global Tokens (Editor),
		Python Show Global Tokens (Editor),
		Category(org.python.pydev.ui.category.source,PyDev - Editor,PyDev editor category,true),
		org.eclipse.ui.internal.WorkbenchHandlerServiceHandler@2e7df6fc,
		,,true),null),
	org.eclipse.ui.defaultAcceleratorConfiguration,
	org.python.pydev.ui.editor.scope,,,system)

!ENTRY org.python.pydev.shared_core 4 4 2014-09-23 21:30:30.655
!MESSAGE ERROR reading shell.
ProcessInfo:

 - Executed: D:\Python27\python.exe -u D:\Program Files\eclipse\plugins\org.python.pydev_3.7.0.201408261926\pysrc\pycompletionserver.py 1481

 - Environment:
ALLUSERSPROFILE=C:\ProgramData
APPDATA=C:\Users\Administrator\AppData\Roaming
COMMONPROGRAMFILES(X86)=C:\Program Files (x86)\Common Files
COMMONPROGRAMFILES=C:\Program Files\Common Files
COMMONPROGRAMW6432=C:\Program Files\Common Files
COMPUTERNAME=WINDOWS-MDHHCSM
COMSPEC=C:\Windows\system32\cmd.exe
DXSDK_DIR=D:\Program Files (x86)\Microsoft DirectX SDK (August 2006)\
FP_NO_HOST_CHECK=NO
HOMEDRIVE=C:
HOMEPATH=\Users\Administrator
JAVA_HOME=D:\Program Files\Java\jdk1.7.0_51
LIB=C:\Program Files\SQLXML 4.0\bin\
LOCALAPPDATA=C:\Users\Administrator\AppData\Local
LOGONSERVER=\\WINDOWS-MDHHCSM
MAVEN_HOME=D:\Program Files\maven
NUMBER_OF_PROCESSORS=4
OS=Windows_NT
PATH="D:\Program Files (x86)\Microsoft DirectX SDK (August 2006)\Utilities\Bin\x86";C:\Program Files (x86)\Intel\iCLS Client\;C:\Program Files\Intel\iCLS Client\;C:\Program Files (x86)\NVIDIA Corporation\PhysX\Common;C:\Windows\system32;C:\Windows;C:\Windows\System32\Wbem;C:\Windows\System32\WindowsPowerShell\v1.0\;C:\Program Files (x86)\Intel\OpenCL SDK\2.0\bin\x86;C:\Program Files (x86)\Intel\OpenCL SDK\2.0\bin\x64;C:\Program Files\Intel\Intel(R) Management Engine Components\DAL;C:\Program Files\Intel\Intel(R) Management Engine Components\IPT;C:\Program Files (x86)\Intel\Intel(R) Management Engine Components\DAL;C:\Program Files (x86)\Intel\Intel(R) Management Engine Components\IPT;C:\Program Files (x86)\Microsoft SQL Server\90\Tools\binn\;C:\Program Files (x86)\Microsoft SQL Server\80\Tools\Binn\;D:\Program Files\Microsoft SQL Server\90\DTS\Binn\;D:\Program Files\Microsoft SQL Server\90\Tools\binn\;C:\Program Files\Microsoft\Web Platform Installer\;C:\Program Files (x86)\Microsoft ASP.NET\ASP.NET Web Pages\v1.0\;C:\Program Files (x86)\Windows Kits\8.0\Windows Performance Toolkit\;C:\Program Files\Microsoft SQL Server\110\Tools\Binn\;D:\Program Files\Java\jdk1.7.0_51\bin;D:\Program Files\Java\jdk1.7.0_51\jre\bin;D:\Program Files\maven\bin;D:\Program Files\MySQL\MySQL Utilities 1.3.6\;D:\Python27\;D:\Python27\Scripts\
PATHEXT=.COM;.EXE;.BAT;.CMD;.VBS;.VBE;.JS;.JSE;.WSF;.WSH;.MSC
PROCESSOR_ARCHITECTURE=AMD64
PROCESSOR_IDENTIFIER=Intel64 Family 6 Model 58 Stepping 9, GenuineIntel
PROCESSOR_LEVEL=6
PROCESSOR_REVISION=3a09
PROGRAMDATA=C:\ProgramData
PROGRAMFILES(X86)=C:\Program Files (x86)
PROGRAMFILES=C:\Program Files
PROGRAMW6432=C:\Program Files
PROMPT=$P$G
PSMODULEPATH=C:\Windows\system32\WindowsPowerShell\v1.0\Modules\
PUBLIC=C:\Users\Public
PYTHONPATH=D:\Program Files\eclipse\plugins\org.python.pydev_3.7.0.201408261926\pysrc\pydev_sitecustomize;D:\Python27\DLLs;D:\Python27\lib;D:\Python27\lib\lib-tk;D:\Python27;D:\Python27\lib\site-packages;D:\Python27\lib\site-packages\wx-3.0-msw;D:\Python27\lib\site-packages\PIL;D:\Python27\lib\site-packages\sqlautocode-0.6b1-py2.7.egg;D:\Python27\lib\site-packages\sqlacodegen-1.1.5-py2.7.egg;D:\Python27\lib\site-packages\inflect-0.2.4-py2.7.egg
SESSIONNAME=Console
SYSTEMDRIVE=C:
SYSTEMROOT=C:\Windows
TEMP=C:\Users\ADMINI~1\AppData\Local\Temp
TMP=C:\Users\ADMINI~1\AppData\Local\Temp
USERDOMAIN=WINDOWS-MDHHCSM
USERNAME=Administrator
USERPROFILE=C:\Users\Administrator
VS110COMNTOOLS=D:\Program Files (x86)\Microsoft Visual Studio 11.0\Common7\Tools\
VS90COMNTOOLS=d:\Program Files (x86)\Microsoft Visual Studio 9.0\Common7\Tools\
WINDIR=C:\Windows
WINDOWS_TRACING_FLAGS=3
WINDOWS_TRACING_LOGFILE=C:\BVTBin\Tests\installpackage\csilogfile.log

 - Working Dir:
D:\Program Files\eclipse\plugins\org.python.pydev_3.7.0.201408261926\pysrc

 - OS:
Windows 7

 - Std output:


 - Err output:

!STACK 0
java.nio.channels.ClosedByInterruptException
	at java.nio.channels.spi.AbstractInterruptibleChannel.end(Unknown Source)
	at sun.nio.ch.SocketChannelImpl.write(Unknown Source)
	at java.nio.channels.Channels.writeFullyImpl(Unknown Source)
	at java.nio.channels.Channels.writeFully(Unknown Source)
	at java.nio.channels.Channels.access$000(Unknown Source)
	at java.nio.channels.Channels$1.write(Unknown Source)
	at java.io.OutputStream.write(Unknown Source)
	at org.python.pydev.editor.codecompletion.shell.AbstractShell.write(AbstractShell.java:544)
	at org.python.pydev.editor.codecompletion.shell.AbstractShell.writeAndGetResults(AbstractShell.java:691)
	at org.python.pydev.editor.codecompletion.shell.AbstractShell.getLineCol(AbstractShell.java:776)
	at org.python.pydev.editor.codecompletion.revisited.modules.CompiledModule.findDefinition(CompiledModule.java:596)
	at org.python.pydev.editor.codecompletion.revisited.modules.CompiledModule.findDefinition(CompiledModule.java:1)
	at org.python.pydev.editor.codecompletion.revisited.modules.SourceModule.findGlobalTokDef(SourceModule.java:1050)
	at org.python.pydev.editor.codecompletion.revisited.modules.SourceModule.findDefinitionsFromModAndTok(SourceModule.java:923)
	at org.python.pydev.editor.codecompletion.revisited.modules.SourceModule.findDefinition(SourceModule.java:905)
	at org.python.pydev.editor.codecompletion.revisited.modules.SourceModule.findDefinition(SourceModule.java:664)
	at org.python.pydev.editor.codecompletion.revisited.modules.SourceModule.findDefinition(SourceModule.java:1)
	at org.python.pydev.editor.codecompletion.revisited.modules.CompiledModule.findDefinition(CompiledModule.java:640)
	at org.python.pydev.editor.codecompletion.revisited.modules.CompiledModule.findDefinition(CompiledModule.java:1)
	at org.python.pydev.editor.codecompletion.revisited.modules.SourceModule.findDefinition(SourceModule.java:887)
	at org.python.pydev.editor.codecompletion.revisited.modules.SourceModule.findDefinition(SourceModule.java:786)
	at org.python.pydev.editor.codecompletion.revisited.modules.SourceModule.findDefinition(SourceModule.java:664)
	at org.python.pydev.editor.codecompletion.revisited.modules.SourceModule.findDefinition(SourceModule.java:1)
	at org.python.pydev.editor.refactoring.PyRefactoringFindDefinition.findActualDefinition(PyRefactoringFindDefinition.java:177)
	at org.python.pydev.editor.refactoring.PyRefactoringFindDefinition.findActualDefinition(PyRefactoringFindDefinition.java:79)
	at org.python.pydev.editor.hover.PyTextHover.getDocstringHover(PyTextHover.java:206)
	at org.python.pydev.editor.hover.PyTextHover.getHoverInfo(PyTextHover.java:150)
	at org.eclipse.jface.text.TextViewerHoverManager$4.run(TextViewerHoverManager.java:168)

!ENTRY org.python.pydev.shared_core 4 4 2014-09-23 21:30:34.367
!MESSAGE ERROR reading shell.
ProcessInfo:

 - Executed: D:\Python27\python.exe -u D:\Program Files\eclipse\plugins\org.python.pydev_3.7.0.201408261926\pysrc\pycompletionserver.py 2439

 - Environment:
ALLUSERSPROFILE=C:\ProgramData
APPDATA=C:\Users\Administrator\AppData\Roaming
COMMONPROGRAMFILES(X86)=C:\Program Files (x86)\Common Files
COMMONPROGRAMFILES=C:\Program Files\Common Files
COMMONPROGRAMW6432=C:\Program Files\Common Files
COMPUTERNAME=WINDOWS-MDHHCSM
COMSPEC=C:\Windows\system32\cmd.exe
DXSDK_DIR=D:\Program Files (x86)\Microsoft DirectX SDK (August 2006)\
FP_NO_HOST_CHECK=NO
HOMEDRIVE=C:
HOMEPATH=\Users\Administrator
JAVA_HOME=D:\Program Files\Java\jdk1.7.0_51
LIB=C:\Program Files\SQLXML 4.0\bin\
LOCALAPPDATA=C:\Users\Administrator\AppData\Local
LOGONSERVER=\\WINDOWS-MDHHCSM
MAVEN_HOME=D:\Program Files\maven
NUMBER_OF_PROCESSORS=4
OS=Windows_NT
PATH="D:\Program Files (x86)\Microsoft DirectX SDK (August 2006)\Utilities\Bin\x86";C:\Program Files (x86)\Intel\iCLS Client\;C:\Program Files\Intel\iCLS Client\;C:\Program Files (x86)\NVIDIA Corporation\PhysX\Common;C:\Windows\system32;C:\Windows;C:\Windows\System32\Wbem;C:\Windows\System32\WindowsPowerShell\v1.0\;C:\Program Files (x86)\Intel\OpenCL SDK\2.0\bin\x86;C:\Program Files (x86)\Intel\OpenCL SDK\2.0\bin\x64;C:\Program Files\Intel\Intel(R) Management Engine Components\DAL;C:\Program Files\Intel\Intel(R) Management Engine Components\IPT;C:\Program Files (x86)\Intel\Intel(R) Management Engine Components\DAL;C:\Program Files (x86)\Intel\Intel(R) Management Engine Components\IPT;C:\Program Files (x86)\Microsoft SQL Server\90\Tools\binn\;C:\Program Files (x86)\Microsoft SQL Server\80\Tools\Binn\;D:\Program Files\Microsoft SQL Server\90\DTS\Binn\;D:\Program Files\Microsoft SQL Server\90\Tools\binn\;C:\Program Files\Microsoft\Web Platform Installer\;C:\Program Files (x86)\Microsoft ASP.NET\ASP.NET Web Pages\v1.0\;C:\Program Files (x86)\Windows Kits\8.0\Windows Performance Toolkit\;C:\Program Files\Microsoft SQL Server\110\Tools\Binn\;D:\Program Files\Java\jdk1.7.0_51\bin;D:\Program Files\Java\jdk1.7.0_51\jre\bin;D:\Program Files\maven\bin;D:\Program Files\MySQL\MySQL Utilities 1.3.6\;D:\Python27\;D:\Python27\Scripts\
PATHEXT=.COM;.EXE;.BAT;.CMD;.VBS;.VBE;.JS;.JSE;.WSF;.WSH;.MSC
PROCESSOR_ARCHITECTURE=AMD64
PROCESSOR_IDENTIFIER=Intel64 Family 6 Model 58 Stepping 9, GenuineIntel
PROCESSOR_LEVEL=6
PROCESSOR_REVISION=3a09
PROGRAMDATA=C:\ProgramData
PROGRAMFILES(X86)=C:\Program Files (x86)
PROGRAMFILES=C:\Program Files
PROGRAMW6432=C:\Program Files
PROMPT=$P$G
PSMODULEPATH=C:\Windows\system32\WindowsPowerShell\v1.0\Modules\
PUBLIC=C:\Users\Public
PYTHONPATH=D:\Program Files\eclipse\plugins\org.python.pydev_3.7.0.201408261926\pysrc\pydev_sitecustomize;D:\Python27\DLLs;D:\Python27\lib;D:\Python27\lib\lib-tk;D:\Python27;D:\Python27\lib\site-packages;D:\Python27\lib\site-packages\wx-3.0-msw;D:\Python27\lib\site-packages\PIL;D:\Python27\lib\site-packages\sqlautocode-0.6b1-py2.7.egg;D:\Python27\lib\site-packages\sqlacodegen-1.1.5-py2.7.egg;D:\Python27\lib\site-packages\inflect-0.2.4-py2.7.egg
SESSIONNAME=Console
SYSTEMDRIVE=C:
SYSTEMROOT=C:\Windows
TEMP=C:\Users\ADMINI~1\AppData\Local\Temp
TMP=C:\Users\ADMINI~1\AppData\Local\Temp
USERDOMAIN=WINDOWS-MDHHCSM
USERNAME=Administrator
USERPROFILE=C:\Users\Administrator
VS110COMNTOOLS=D:\Program Files (x86)\Microsoft Visual Studio 11.0\Common7\Tools\
VS90COMNTOOLS=d:\Program Files (x86)\Microsoft Visual Studio 9.0\Common7\Tools\
WINDIR=C:\Windows
WINDOWS_TRACING_FLAGS=3
WINDOWS_TRACING_LOGFILE=C:\BVTBin\Tests\installpackage\csilogfile.log

 - Working Dir:
D:\Program Files\eclipse\plugins\org.python.pydev_3.7.0.201408261926\pysrc

 - OS:
Windows 7

 - Std output:


 - Err output:

!STACK 0
java.nio.channels.ClosedByInterruptException
	at java.nio.channels.spi.AbstractInterruptibleChannel.end(Unknown Source)
	at sun.nio.ch.SocketChannelImpl.write(Unknown Source)
	at java.nio.channels.Channels.writeFullyImpl(Unknown Source)
	at java.nio.channels.Channels.writeFully(Unknown Source)
	at java.nio.channels.Channels.access$000(Unknown Source)
	at java.nio.channels.Channels$1.write(Unknown Source)
	at java.io.OutputStream.write(Unknown Source)
	at org.python.pydev.editor.codecompletion.shell.AbstractShell.write(AbstractShell.java:544)
	at org.python.pydev.editor.codecompletion.shell.AbstractShell.writeAndGetResults(AbstractShell.java:691)
	at org.python.pydev.editor.codecompletion.shell.AbstractShell.getLineCol(AbstractShell.java:776)
	at org.python.pydev.editor.codecompletion.revisited.modules.CompiledModule.findDefinition(CompiledModule.java:596)
	at org.python.pydev.editor.codecompletion.revisited.modules.CompiledModule.findDefinition(CompiledModule.java:1)
	at org.python.pydev.editor.codecompletion.revisited.modules.SourceModule.findDefinition(SourceModule.java:887)
	at org.python.pydev.editor.codecompletion.revisited.modules.SourceModule.findDefinition(SourceModule.java:664)
	at org.python.pydev.editor.codecompletion.revisited.modules.SourceModule.findDefinition(SourceModule.java:1)
	at org.python.pydev.editor.refactoring.PyRefactoringFindDefinition.findActualDefinition(PyRefactoringFindDefinition.java:177)
	at org.python.pydev.editor.refactoring.PyRefactoringFindDefinition.findActualDefinition(PyRefactoringFindDefinition.java:79)
	at org.python.pydev.editor.hover.PyTextHover.getDocstringHover(PyTextHover.java:206)
	at org.python.pydev.editor.hover.PyTextHover.getHoverInfo(PyTextHover.java:150)
	at org.eclipse.jface.text.TextViewerHoverManager$4.run(TextViewerHoverManager.java:168)

!ENTRY org.python.pydev.shared_core 4 4 2014-09-23 21:45:21.581
!MESSAGE ERROR reading shell.
ProcessInfo:

 - Executed: D:\Python27\python.exe -u D:\Program Files\eclipse\plugins\org.python.pydev_3.7.0.201408261926\pysrc\pycompletionserver.py 2452

 - Environment:
ALLUSERSPROFILE=C:\ProgramData
APPDATA=C:\Users\Administrator\AppData\Roaming
COMMONPROGRAMFILES(X86)=C:\Program Files (x86)\Common Files
COMMONPROGRAMFILES=C:\Program Files\Common Files
COMMONPROGRAMW6432=C:\Program Files\Common Files
COMPUTERNAME=WINDOWS-MDHHCSM
COMSPEC=C:\Windows\system32\cmd.exe
DXSDK_DIR=D:\Program Files (x86)\Microsoft DirectX SDK (August 2006)\
FP_NO_HOST_CHECK=NO
HOMEDRIVE=C:
HOMEPATH=\Users\Administrator
JAVA_HOME=D:\Program Files\Java\jdk1.7.0_51
LIB=C:\Program Files\SQLXML 4.0\bin\
LOCALAPPDATA=C:\Users\Administrator\AppData\Local
LOGONSERVER=\\WINDOWS-MDHHCSM
MAVEN_HOME=D:\Program Files\maven
NUMBER_OF_PROCESSORS=4
OS=Windows_NT
PATH="D:\Program Files (x86)\Microsoft DirectX SDK (August 2006)\Utilities\Bin\x86";C:\Program Files (x86)\Intel\iCLS Client\;C:\Program Files\Intel\iCLS Client\;C:\Program Files (x86)\NVIDIA Corporation\PhysX\Common;C:\Windows\system32;C:\Windows;C:\Windows\System32\Wbem;C:\Windows\System32\WindowsPowerShell\v1.0\;C:\Program Files (x86)\Intel\OpenCL SDK\2.0\bin\x86;C:\Program Files (x86)\Intel\OpenCL SDK\2.0\bin\x64;C:\Program Files\Intel\Intel(R) Management Engine Components\DAL;C:\Program Files\Intel\Intel(R) Management Engine Components\IPT;C:\Program Files (x86)\Intel\Intel(R) Management Engine Components\DAL;C:\Program Files (x86)\Intel\Intel(R) Management Engine Components\IPT;C:\Program Files (x86)\Microsoft SQL Server\90\Tools\binn\;C:\Program Files (x86)\Microsoft SQL Server\80\Tools\Binn\;D:\Program Files\Microsoft SQL Server\90\DTS\Binn\;D:\Program Files\Microsoft SQL Server\90\Tools\binn\;C:\Program Files\Microsoft\Web Platform Installer\;C:\Program Files (x86)\Microsoft ASP.NET\ASP.NET Web Pages\v1.0\;C:\Program Files (x86)\Windows Kits\8.0\Windows Performance Toolkit\;C:\Program Files\Microsoft SQL Server\110\Tools\Binn\;D:\Program Files\Java\jdk1.7.0_51\bin;D:\Program Files\Java\jdk1.7.0_51\jre\bin;D:\Program Files\maven\bin;D:\Program Files\MySQL\MySQL Utilities 1.3.6\;D:\Python27\;D:\Python27\Scripts\
PATHEXT=.COM;.EXE;.BAT;.CMD;.VBS;.VBE;.JS;.JSE;.WSF;.WSH;.MSC
PROCESSOR_ARCHITECTURE=AMD64
PROCESSOR_IDENTIFIER=Intel64 Family 6 Model 58 Stepping 9, GenuineIntel
PROCESSOR_LEVEL=6
PROCESSOR_REVISION=3a09
PROGRAMDATA=C:\ProgramData
PROGRAMFILES(X86)=C:\Program Files (x86)
PROGRAMFILES=C:\Program Files
PROGRAMW6432=C:\Program Files
PROMPT=$P$G
PSMODULEPATH=C:\Windows\system32\WindowsPowerShell\v1.0\Modules\
PUBLIC=C:\Users\Public
PYTHONPATH=D:\Program Files\eclipse\plugins\org.python.pydev_3.7.0.201408261926\pysrc\pydev_sitecustomize;D:\Python27\DLLs;D:\Python27\lib;D:\Python27\lib\lib-tk;D:\Python27;D:\Python27\lib\site-packages;D:\Python27\lib\site-packages\wx-3.0-msw;D:\Python27\lib\site-packages\PIL;D:\Python27\lib\site-packages\sqlautocode-0.6b1-py2.7.egg;D:\Python27\lib\site-packages\sqlacodegen-1.1.5-py2.7.egg;D:\Python27\lib\site-packages\inflect-0.2.4-py2.7.egg
SESSIONNAME=Console
SYSTEMDRIVE=C:
SYSTEMROOT=C:\Windows
TEMP=C:\Users\ADMINI~1\AppData\Local\Temp
TMP=C:\Users\ADMINI~1\AppData\Local\Temp
USERDOMAIN=WINDOWS-MDHHCSM
USERNAME=Administrator
USERPROFILE=C:\Users\Administrator
VS110COMNTOOLS=D:\Program Files (x86)\Microsoft Visual Studio 11.0\Common7\Tools\
VS90COMNTOOLS=d:\Program Files (x86)\Microsoft Visual Studio 9.0\Common7\Tools\
WINDIR=C:\Windows
WINDOWS_TRACING_FLAGS=3
WINDOWS_TRACING_LOGFILE=C:\BVTBin\Tests\installpackage\csilogfile.log

 - Working Dir:
D:\Program Files\eclipse\plugins\org.python.pydev_3.7.0.201408261926\pysrc

 - OS:
Windows 7

 - Std output:


 - Err output:

!STACK 0
java.nio.channels.ClosedByInterruptException
	at java.nio.channels.spi.AbstractInterruptibleChannel.end(Unknown Source)
	at sun.nio.ch.SocketChannelImpl.write(Unknown Source)
	at java.nio.channels.Channels.writeFullyImpl(Unknown Source)
	at java.nio.channels.Channels.writeFully(Unknown Source)
	at java.nio.channels.Channels.access$000(Unknown Source)
	at java.nio.channels.Channels$1.write(Unknown Source)
	at java.io.OutputStream.write(Unknown Source)
	at org.python.pydev.editor.codecompletion.shell.AbstractShell.write(AbstractShell.java:544)
	at org.python.pydev.editor.codecompletion.shell.AbstractShell.writeAndGetResults(AbstractShell.java:691)
	at org.python.pydev.editor.codecompletion.shell.AbstractShell.getLineCol(AbstractShell.java:776)
	at org.python.pydev.editor.codecompletion.revisited.modules.CompiledModule.findDefinition(CompiledModule.java:596)
	at org.python.pydev.editor.codecompletion.revisited.modules.CompiledModule.findDefinition(CompiledModule.java:1)
	at org.python.pydev.editor.codecompletion.revisited.modules.SourceModule.findGlobalTokDef(SourceModule.java:1050)
	at org.python.pydev.editor.codecompletion.revisited.modules.SourceModule.findDefinitionsFromModAndTok(SourceModule.java:923)
	at org.python.pydev.editor.codecompletion.revisited.modules.SourceModule.findDefinition(SourceModule.java:905)
	at org.python.pydev.editor.codecompletion.revisited.modules.SourceModule.findDefinition(SourceModule.java:664)
	at org.python.pydev.editor.codecompletion.revisited.modules.SourceModule.findDefinition(SourceModule.java:1)
	at org.python.pydev.editor.codecompletion.revisited.modules.CompiledModule.findDefinition(CompiledModule.java:640)
	at org.python.pydev.editor.codecompletion.revisited.modules.CompiledModule.findDefinition(CompiledModule.java:1)
	at org.python.pydev.editor.codecompletion.revisited.modules.SourceModule.findDefinition(SourceModule.java:887)
	at org.python.pydev.editor.codecompletion.revisited.modules.SourceModule.findDefinition(SourceModule.java:664)
	at org.python.pydev.editor.codecompletion.revisited.modules.SourceModule.findDefinition(SourceModule.java:1)
	at org.python.pydev.editor.refactoring.PyRefactoringFindDefinition.findActualDefinition(PyRefactoringFindDefinition.java:177)
	at org.python.pydev.editor.refactoring.PyRefactoringFindDefinition.findActualDefinition(PyRefactoringFindDefinition.java:79)
	at org.python.pydev.editor.hover.PyTextHover.getDocstringHover(PyTextHover.java:206)
	at org.python.pydev.editor.hover.PyTextHover.getHoverInfo(PyTextHover.java:150)
	at org.eclipse.jface.text.TextViewerHoverManager$4.run(TextViewerHoverManager.java:168)

!ENTRY org.python.pydev.shared_core 4 4 2014-09-23 21:48:02.543
!MESSAGE ERROR reading shell.
ProcessInfo:

 - Executed: D:\Python27\python.exe -u D:\Program Files\eclipse\plugins\org.python.pydev_3.7.0.201408261926\pysrc\pycompletionserver.py 3681

 - Environment:
ALLUSERSPROFILE=C:\ProgramData
APPDATA=C:\Users\Administrator\AppData\Roaming
COMMONPROGRAMFILES(X86)=C:\Program Files (x86)\Common Files
COMMONPROGRAMFILES=C:\Program Files\Common Files
COMMONPROGRAMW6432=C:\Program Files\Common Files
COMPUTERNAME=WINDOWS-MDHHCSM
COMSPEC=C:\Windows\system32\cmd.exe
DXSDK_DIR=D:\Program Files (x86)\Microsoft DirectX SDK (August 2006)\
FP_NO_HOST_CHECK=NO
HOMEDRIVE=C:
HOMEPATH=\Users\Administrator
JAVA_HOME=D:\Program Files\Java\jdk1.7.0_51
LIB=C:\Program Files\SQLXML 4.0\bin\
LOCALAPPDATA=C:\Users\Administrator\AppData\Local
LOGONSERVER=\\WINDOWS-MDHHCSM
MAVEN_HOME=D:\Program Files\maven
NUMBER_OF_PROCESSORS=4
OS=Windows_NT
PATH="D:\Program Files (x86)\Microsoft DirectX SDK (August 2006)\Utilities\Bin\x86";C:\Program Files (x86)\Intel\iCLS Client\;C:\Program Files\Intel\iCLS Client\;C:\Program Files (x86)\NVIDIA Corporation\PhysX\Common;C:\Windows\system32;C:\Windows;C:\Windows\System32\Wbem;C:\Windows\System32\WindowsPowerShell\v1.0\;C:\Program Files (x86)\Intel\OpenCL SDK\2.0\bin\x86;C:\Program Files (x86)\Intel\OpenCL SDK\2.0\bin\x64;C:\Program Files\Intel\Intel(R) Management Engine Components\DAL;C:\Program Files\Intel\Intel(R) Management Engine Components\IPT;C:\Program Files (x86)\Intel\Intel(R) Management Engine Components\DAL;C:\Program Files (x86)\Intel\Intel(R) Management Engine Components\IPT;C:\Program Files (x86)\Microsoft SQL Server\90\Tools\binn\;C:\Program Files (x86)\Microsoft SQL Server\80\Tools\Binn\;D:\Program Files\Microsoft SQL Server\90\DTS\Binn\;D:\Program Files\Microsoft SQL Server\90\Tools\binn\;C:\Program Files\Microsoft\Web Platform Installer\;C:\Program Files (x86)\Microsoft ASP.NET\ASP.NET Web Pages\v1.0\;C:\Program Files (x86)\Windows Kits\8.0\Windows Performance Toolkit\;C:\Program Files\Microsoft SQL Server\110\Tools\Binn\;D:\Program Files\Java\jdk1.7.0_51\bin;D:\Program Files\Java\jdk1.7.0_51\jre\bin;D:\Program Files\maven\bin;D:\Program Files\MySQL\MySQL Utilities 1.3.6\;D:\Python27\;D:\Python27\Scripts\
PATHEXT=.COM;.EXE;.BAT;.CMD;.VBS;.VBE;.JS;.JSE;.WSF;.WSH;.MSC
PROCESSOR_ARCHITECTURE=AMD64
PROCESSOR_IDENTIFIER=Intel64 Family 6 Model 58 Stepping 9, GenuineIntel
PROCESSOR_LEVEL=6
PROCESSOR_REVISION=3a09
PROGRAMDATA=C:\ProgramData
PROGRAMFILES(X86)=C:\Program Files (x86)
PROGRAMFILES=C:\Program Files
PROGRAMW6432=C:\Program Files
PROMPT=$P$G
PSMODULEPATH=C:\Windows\system32\WindowsPowerShell\v1.0\Modules\
PUBLIC=C:\Users\Public
PYTHONPATH=D:\Program Files\eclipse\plugins\org.python.pydev_3.7.0.201408261926\pysrc\pydev_sitecustomize;D:\Python27\DLLs;D:\Python27\lib;D:\Python27\lib\lib-tk;D:\Python27;D:\Python27\lib\site-packages;D:\Python27\lib\site-packages\wx-3.0-msw;D:\Python27\lib\site-packages\PIL;D:\Python27\lib\site-packages\sqlautocode-0.6b1-py2.7.egg;D:\Python27\lib\site-packages\sqlacodegen-1.1.5-py2.7.egg;D:\Python27\lib\site-packages\inflect-0.2.4-py2.7.egg
SESSIONNAME=Console
SYSTEMDRIVE=C:
SYSTEMROOT=C:\Windows
TEMP=C:\Users\ADMINI~1\AppData\Local\Temp
TMP=C:\Users\ADMINI~1\AppData\Local\Temp
USERDOMAIN=WINDOWS-MDHHCSM
USERNAME=Administrator
USERPROFILE=C:\Users\Administrator
VS110COMNTOOLS=D:\Program Files (x86)\Microsoft Visual Studio 11.0\Common7\Tools\
VS90COMNTOOLS=d:\Program Files (x86)\Microsoft Visual Studio 9.0\Common7\Tools\
WINDIR=C:\Windows
WINDOWS_TRACING_FLAGS=3
WINDOWS_TRACING_LOGFILE=C:\BVTBin\Tests\installpackage\csilogfile.log

 - Working Dir:
D:\Program Files\eclipse\plugins\org.python.pydev_3.7.0.201408261926\pysrc

 - OS:
Windows 7

 - Std output:


 - Err output:

!STACK 0
java.nio.channels.ClosedByInterruptException
	at java.nio.channels.spi.AbstractInterruptibleChannel.end(Unknown Source)
	at sun.nio.ch.SocketChannelImpl.read(Unknown Source)
	at sun.nio.ch.SocketAdaptor$SocketInputStream.read(Unknown Source)
	at sun.nio.ch.ChannelInputStream.read(Unknown Source)
	at java.io.InputStream.read(Unknown Source)
	at org.python.pydev.editor.codecompletion.shell.AbstractShell.read(AbstractShell.java:454)
	at org.python.pydev.editor.codecompletion.shell.AbstractShell.read(AbstractShell.java:506)
	at org.python.pydev.editor.codecompletion.shell.AbstractShell.writeAndGetResults(AbstractShell.java:692)
	at org.python.pydev.editor.codecompletion.shell.AbstractShell.getLineCol(AbstractShell.java:776)
	at org.python.pydev.editor.codecompletion.revisited.modules.CompiledModule.findDefinition(CompiledModule.java:596)
	at org.python.pydev.editor.codecompletion.revisited.modules.CompiledModule.findDefinition(CompiledModule.java:1)
	at org.python.pydev.editor.codecompletion.revisited.modules.SourceModule.findDefinition(SourceModule.java:887)
	at org.python.pydev.editor.codecompletion.revisited.modules.SourceModule.findDefinition(SourceModule.java:664)
	at org.python.pydev.editor.codecompletion.revisited.modules.SourceModule.findDefinition(SourceModule.java:1)
	at org.python.pydev.editor.refactoring.PyRefactoringFindDefinition.findActualDefinition(PyRefactoringFindDefinition.java:177)
	at org.python.pydev.editor.refactoring.PyRefactoringFindDefinition.findActualDefinition(PyRefactoringFindDefinition.java:79)
	at org.python.pydev.editor.hover.PyTextHover.getDocstringHover(PyTextHover.java:206)
	at org.python.pydev.editor.hover.PyTextHover.getHoverInfo(PyTextHover.java:150)
	at org.eclipse.jface.text.TextViewerHoverManager$4.run(TextViewerHoverManager.java:168)

!ENTRY org.python.pydev.shared_core 4 4 2014-09-23 22:13:09.770
!MESSAGE ERROR reading shell.
ProcessInfo:

 - Executed: D:\Python27\python.exe -u D:\Program Files\eclipse\plugins\org.python.pydev_3.7.0.201408261926\pysrc\pycompletionserver.py 3760

 - Environment:
ALLUSERSPROFILE=C:\ProgramData
APPDATA=C:\Users\Administrator\AppData\Roaming
COMMONPROGRAMFILES(X86)=C:\Program Files (x86)\Common Files
COMMONPROGRAMFILES=C:\Program Files\Common Files
COMMONPROGRAMW6432=C:\Program Files\Common Files
COMPUTERNAME=WINDOWS-MDHHCSM
COMSPEC=C:\Windows\system32\cmd.exe
DXSDK_DIR=D:\Program Files (x86)\Microsoft DirectX SDK (August 2006)\
FP_NO_HOST_CHECK=NO
HOMEDRIVE=C:
HOMEPATH=\Users\Administrator
JAVA_HOME=D:\Program Files\Java\jdk1.7.0_51
LIB=C:\Program Files\SQLXML 4.0\bin\
LOCALAPPDATA=C:\Users\Administrator\AppData\Local
LOGONSERVER=\\WINDOWS-MDHHCSM
MAVEN_HOME=D:\Program Files\maven
NUMBER_OF_PROCESSORS=4
OS=Windows_NT
PATH="D:\Program Files (x86)\Microsoft DirectX SDK (August 2006)\Utilities\Bin\x86";C:\Program Files (x86)\Intel\iCLS Client\;C:\Program Files\Intel\iCLS Client\;C:\Program Files (x86)\NVIDIA Corporation\PhysX\Common;C:\Windows\system32;C:\Windows;C:\Windows\System32\Wbem;C:\Windows\System32\WindowsPowerShell\v1.0\;C:\Program Files (x86)\Intel\OpenCL SDK\2.0\bin\x86;C:\Program Files (x86)\Intel\OpenCL SDK\2.0\bin\x64;C:\Program Files\Intel\Intel(R) Management Engine Components\DAL;C:\Program Files\Intel\Intel(R) Management Engine Components\IPT;C:\Program Files (x86)\Intel\Intel(R) Management Engine Components\DAL;C:\Program Files (x86)\Intel\Intel(R) Management Engine Components\IPT;C:\Program Files (x86)\Microsoft SQL Server\90\Tools\binn\;C:\Program Files (x86)\Microsoft SQL Server\80\Tools\Binn\;D:\Program Files\Microsoft SQL Server\90\DTS\Binn\;D:\Program Files\Microsoft SQL Server\90\Tools\binn\;C:\Program Files\Microsoft\Web Platform Installer\;C:\Program Files (x86)\Microsoft ASP.NET\ASP.NET Web Pages\v1.0\;C:\Program Files (x86)\Windows Kits\8.0\Windows Performance Toolkit\;C:\Program Files\Microsoft SQL Server\110\Tools\Binn\;D:\Program Files\Java\jdk1.7.0_51\bin;D:\Program Files\Java\jdk1.7.0_51\jre\bin;D:\Program Files\maven\bin;D:\Program Files\MySQL\MySQL Utilities 1.3.6\;D:\Python27\;D:\Python27\Scripts\
PATHEXT=.COM;.EXE;.BAT;.CMD;.VBS;.VBE;.JS;.JSE;.WSF;.WSH;.MSC
PROCESSOR_ARCHITECTURE=AMD64
PROCESSOR_IDENTIFIER=Intel64 Family 6 Model 58 Stepping 9, GenuineIntel
PROCESSOR_LEVEL=6
PROCESSOR_REVISION=3a09
PROGRAMDATA=C:\ProgramData
PROGRAMFILES(X86)=C:\Program Files (x86)
PROGRAMFILES=C:\Program Files
PROGRAMW6432=C:\Program Files
PROMPT=$P$G
PSMODULEPATH=C:\Windows\system32\WindowsPowerShell\v1.0\Modules\
PUBLIC=C:\Users\Public
PYTHONPATH=D:\Program Files\eclipse\plugins\org.python.pydev_3.7.0.201408261926\pysrc\pydev_sitecustomize;D:\Python27\DLLs;D:\Python27\lib;D:\Python27\lib\lib-tk;D:\Python27;D:\Python27\lib\site-packages;D:\Python27\lib\site-packages\wx-3.0-msw;D:\Python27\lib\site-packages\PIL;D:\Python27\lib\site-packages\sqlautocode-0.6b1-py2.7.egg;D:\Python27\lib\site-packages\sqlacodegen-1.1.5-py2.7.egg;D:\Python27\lib\site-packages\inflect-0.2.4-py2.7.egg
SESSIONNAME=Console
SYSTEMDRIVE=C:
SYSTEMROOT=C:\Windows
TEMP=C:\Users\ADMINI~1\AppData\Local\Temp
TMP=C:\Users\ADMINI~1\AppData\Local\Temp
USERDOMAIN=WINDOWS-MDHHCSM
USERNAME=Administrator
USERPROFILE=C:\Users\Administrator
VS110COMNTOOLS=D:\Program Files (x86)\Microsoft Visual Studio 11.0\Common7\Tools\
VS90COMNTOOLS=d:\Program Files (x86)\Microsoft Visual Studio 9.0\Common7\Tools\
WINDIR=C:\Windows
WINDOWS_TRACING_FLAGS=3
WINDOWS_TRACING_LOGFILE=C:\BVTBin\Tests\installpackage\csilogfile.log

 - Working Dir:
D:\Program Files\eclipse\plugins\org.python.pydev_3.7.0.201408261926\pysrc

 - OS:
Windows 7

 - Std output:


 - Err output:

!STACK 0
java.nio.channels.ClosedByInterruptException
	at java.nio.channels.spi.AbstractInterruptibleChannel.end(Unknown Source)
	at sun.nio.ch.SocketChannelImpl.write(Unknown Source)
	at java.nio.channels.Channels.writeFullyImpl(Unknown Source)
	at java.nio.channels.Channels.writeFully(Unknown Source)
	at java.nio.channels.Channels.access$000(Unknown Source)
	at java.nio.channels.Channels$1.write(Unknown Source)
	at java.io.OutputStream.write(Unknown Source)
	at org.python.pydev.editor.codecompletion.shell.AbstractShell.write(AbstractShell.java:544)
	at org.python.pydev.editor.codecompletion.shell.AbstractShell.writeAndGetResults(AbstractShell.java:691)
	at org.python.pydev.editor.codecompletion.shell.AbstractShell.getLineCol(AbstractShell.java:776)
	at org.python.pydev.editor.codecompletion.revisited.modules.CompiledModule.findDefinition(CompiledModule.java:596)
	at org.python.pydev.editor.codecompletion.revisited.modules.CompiledModule.findDefinition(CompiledModule.java:1)
	at org.python.pydev.editor.codecompletion.revisited.modules.SourceModule.findGlobalTokDef(SourceModule.java:1050)
	at org.python.pydev.editor.codecompletion.revisited.modules.SourceModule.findDefinitionsFromModAndTok(SourceModule.java:923)
	at org.python.pydev.editor.codecompletion.revisited.modules.SourceModule.findDefinition(SourceModule.java:905)
	at org.python.pydev.editor.codecompletion.revisited.modules.SourceModule.findDefinition(SourceModule.java:664)
	at org.python.pydev.editor.codecompletion.revisited.modules.SourceModule.findDefinition(SourceModule.java:1)
	at org.python.pydev.editor.codecompletion.revisited.modules.CompiledModule.findDefinition(CompiledModule.java:640)
	at org.python.pydev.editor.codecompletion.revisited.modules.CompiledModule.findDefinition(CompiledModule.java:1)
	at org.python.pydev.editor.codecompletion.revisited.modules.SourceModule.findDefinition(SourceModule.java:887)
	at org.python.pydev.editor.codecompletion.revisited.modules.SourceModule.findDefinition(SourceModule.java:786)
	at org.python.pydev.editor.codecompletion.revisited.modules.SourceModule.findDefinition(SourceModule.java:664)
	at org.python.pydev.editor.codecompletion.revisited.modules.SourceModule.findDefinition(SourceModule.java:1)
	at org.python.pydev.editor.refactoring.PyRefactoringFindDefinition.findActualDefinition(PyRefactoringFindDefinition.java:177)
	at org.python.pydev.editor.refactoring.PyRefactoringFindDefinition.findActualDefinition(PyRefactoringFindDefinition.java:79)
	at org.python.pydev.editor.hover.PyTextHover.getDocstringHover(PyTextHover.java:206)
	at org.python.pydev.editor.hover.PyTextHover.getHoverInfo(PyTextHover.java:150)
	at org.eclipse.jface.text.TextViewerHoverManager$4.run(TextViewerHoverManager.java:168)

!ENTRY org.eclipse.jface 2 0 2014-09-23 22:53:30.403
!MESSAGE Keybinding conflicts occurred.  They may interfere with normal accelerator operation.
!SUBENTRY 1 org.eclipse.jface 2 0 2014-09-23 22:53:30.403
!MESSAGE A conflict occurred for CTRL+SHIFT+3:
Binding(CTRL+SHIFT+3,
	ParameterizedCommand(Command(org.eclipse.wst.jsdt.debug.ui.script.opensource,Open Source,
		Shows the JavaScript source for the selected script element,
		Category(org.eclipse.wst.jsdt.debug.ui.category,JavaScript Debug,Tooling for debugging JavaScript,true),
		org.eclipse.ui.internal.WorkbenchHandlerServiceHandler@50643405,
		,,true),null),
	org.eclipse.ui.defaultAcceleratorConfiguration,
	org.eclipse.debug.ui.debugging,,,system)
Binding(CTRL+SHIFT+3,
	ParameterizedCommand(Command(org.python.pydev.editor.actions.uncomment,Python Uncomment,
		Uncomments a python line (Removes # from the beggining of the line),
		Category(org.python.pydev.ui.category.source,PyDev - Editor,PyDev editor category,true),
		org.eclipse.ui.internal.WorkbenchHandlerServiceHandler@62935d7e,
		,,true),null),
	org.eclipse.ui.defaultAcceleratorConfiguration,
	org.python.pydev.ui.editor.scope,,,system)
!SESSION 2014-09-24 21:39:49.979 -----------------------------------------------
eclipse.buildId=4.3.0.M20130911-1000
java.version=1.7.0_51
java.vendor=Oracle Corporation
BootLoader constants: OS=win32, ARCH=x86_64, WS=win32, NL=zh_CN
Framework arguments:  -product org.eclipse.epp.package.jee.product
Command-line arguments:  -os win32 -ws win32 -arch x86_64 -product org.eclipse.epp.package.jee.product

!ENTRY org.eclipse.emf.ecore 2 0 2014-09-24 21:39:56.484
!MESSAGE Both 'org.eclipse.m2e.model.edit' and 'org.maven.ide.eclipse.maven_model_edit' register a package for 'http://maven.apache.org/POM/4.0.0'

!ENTRY org.eclipse.emf.ecore 2 0 2014-09-24 21:39:57.217
!MESSAGE Both 'org.eclipse.m2e.model.edit' and 'org.maven.ide.eclipse.maven_model_edit' register an extension parser for 'pom'

!ENTRY org.eclipse.egit.ui 2 0 2014-09-24 21:41:26.833
!MESSAGE Warning: EGit couldn't detect the installation path "gitPrefix" of native Git. Hence EGit can't respect system level
Git settings which might be configured in ${gitPrefix}/etc/gitconfig under the native Git installation directory.
The most important of these settings is core.autocrlf. Git for Windows by default sets this parameter to true in
this system level configuration. The Git installation location can be configured on the
Team > Git > Configuration preference page's 'System Settings' tab.
This warning can be switched off on the Team > Git > Confirmations and Warnings preference page.

!ENTRY org.eclipse.egit.ui 2 0 2014-09-24 21:41:26.911
!MESSAGE Warning: The environment variable HOME is not set. The following directory will be used to store the Git
user global configuration and to define the default location to store repositories: 'C:\Users\Administrator'. If this is
not correct please set the HOME environment variable and restart Eclipse. Otherwise Git for Windows and
EGit might behave differently since they see different configuration options.
This warning can be switched off on the Team > Git > Confirmations and Warnings preference page.

!ENTRY org.eclipse.jface 2 0 2014-09-24 21:41:54.413
!MESSAGE Keybinding conflicts occurred.  They may interfere with normal accelerator operation.
!SUBENTRY 1 org.eclipse.jface 2 0 2014-09-24 21:41:54.413
!MESSAGE A conflict occurred for CTRL+SHIFT+T:
Binding(CTRL+SHIFT+T,
	ParameterizedCommand(Command(org.eclipse.jdt.ui.navigate.open.type,Open Type,
		Open a type in a Java editor,
		Category(org.eclipse.ui.category.navigate,Navigate,null,true),
		org.eclipse.ui.internal.WorkbenchHandlerServiceHandler@e9afe62,
		,,true),null),
	org.eclipse.ui.defaultAcceleratorConfiguration,
	org.eclipse.ui.contexts.window,,,system)
Binding(CTRL+SHIFT+T,
	ParameterizedCommand(Command(com.python.pydev.analysis.actions.pyGlobalsBrowserWorkbench,Python Show Global Tokens (Global),
		Python Show Global Tokens (Global),
		Category(org.python.pydev.ui.category.source,PyDev - Editor,PyDev editor category,true),
		org.eclipse.ui.internal.WorkbenchHandlerServiceHandler@61b2db6b,
		,,true),null),
	org.eclipse.ui.defaultAcceleratorConfiguration,
	com.python.pydev.contexts.window,,,system)
Binding(CTRL+SHIFT+T,
	ParameterizedCommand(Command(org.python.pydev.editor.actions.pyShowBrowser,Python Show Global Tokens (Editor),
		Python Show Global Tokens (Editor),
		Category(org.python.pydev.ui.category.source,PyDev - Editor,PyDev editor category,true),
		org.eclipse.ui.internal.WorkbenchHandlerServiceHandler@25637fe9,
		,,true),null),
	org.eclipse.ui.defaultAcceleratorConfiguration,
	org.python.pydev.ui.editor.scope,,,system)

!ENTRY org.python.pydev.shared_core 4 4 2014-09-24 21:43:00.625
!MESSAGE ERROR reading shell.
ProcessInfo:

 - Executed: D:\Python27\python.exe -u D:\Program Files\eclipse\plugins\org.python.pydev_3.7.0.201408261926\pysrc\pycompletionserver.py 1897

 - Environment:
ALLUSERSPROFILE=C:\ProgramData
APPDATA=C:\Users\Administrator\AppData\Roaming
COMMONPROGRAMFILES(X86)=C:\Program Files (x86)\Common Files
COMMONPROGRAMFILES=C:\Program Files\Common Files
COMMONPROGRAMW6432=C:\Program Files\Common Files
COMPUTERNAME=WINDOWS-MDHHCSM
COMSPEC=C:\Windows\system32\cmd.exe
DXSDK_DIR=D:\Program Files (x86)\Microsoft DirectX SDK (August 2006)\
FP_NO_HOST_CHECK=NO
HOMEDRIVE=C:
HOMEPATH=\Users\Administrator
JAVA_HOME=D:\Program Files\Java\jdk1.7.0_51
LIB=C:\Program Files\SQLXML 4.0\bin\
LOCALAPPDATA=C:\Users\Administrator\AppData\Local
LOGONSERVER=\\WINDOWS-MDHHCSM
MAVEN_HOME=D:\Program Files\maven
NUMBER_OF_PROCESSORS=4
OS=Windows_NT
PATH="D:\Program Files (x86)\Microsoft DirectX SDK (August 2006)\Utilities\Bin\x86";C:\Program Files (x86)\Intel\iCLS Client\;C:\Program Files\Intel\iCLS Client\;C:\Program Files (x86)\NVIDIA Corporation\PhysX\Common;C:\Windows\system32;C:\Windows;C:\Windows\System32\Wbem;C:\Windows\System32\WindowsPowerShell\v1.0\;C:\Program Files (x86)\Intel\OpenCL SDK\2.0\bin\x86;C:\Program Files (x86)\Intel\OpenCL SDK\2.0\bin\x64;C:\Program Files\Intel\Intel(R) Management Engine Components\DAL;C:\Program Files\Intel\Intel(R) Management Engine Components\IPT;C:\Program Files (x86)\Intel\Intel(R) Management Engine Components\DAL;C:\Program Files (x86)\Intel\Intel(R) Management Engine Components\IPT;C:\Program Files (x86)\Microsoft SQL Server\90\Tools\binn\;C:\Program Files (x86)\Microsoft SQL Server\80\Tools\Binn\;D:\Program Files\Microsoft SQL Server\90\DTS\Binn\;D:\Program Files\Microsoft SQL Server\90\Tools\binn\;C:\Program Files\Microsoft\Web Platform Installer\;C:\Program Files (x86)\Microsoft ASP.NET\ASP.NET Web Pages\v1.0\;C:\Program Files (x86)\Windows Kits\8.0\Windows Performance Toolkit\;C:\Program Files\Microsoft SQL Server\110\Tools\Binn\;D:\Program Files\Java\jdk1.7.0_51\bin;D:\Program Files\Java\jdk1.7.0_51\jre\bin;D:\Program Files\maven\bin;D:\Program Files\MySQL\MySQL Utilities 1.3.6\;D:\Python27\;D:\Python27\Scripts\
PATHEXT=.COM;.EXE;.BAT;.CMD;.VBS;.VBE;.JS;.JSE;.WSF;.WSH;.MSC
PROCESSOR_ARCHITECTURE=AMD64
PROCESSOR_IDENTIFIER=Intel64 Family 6 Model 58 Stepping 9, GenuineIntel
PROCESSOR_LEVEL=6
PROCESSOR_REVISION=3a09
PROGRAMDATA=C:\ProgramData
PROGRAMFILES(X86)=C:\Program Files (x86)
PROGRAMFILES=C:\Program Files
PROGRAMW6432=C:\Program Files
PROMPT=$P$G
PSMODULEPATH=C:\Windows\system32\WindowsPowerShell\v1.0\Modules\
PUBLIC=C:\Users\Public
PYTHONPATH=D:\Program Files\eclipse\plugins\org.python.pydev_3.7.0.201408261926\pysrc\pydev_sitecustomize;D:\Python27\DLLs;D:\Python27\lib;D:\Python27\lib\lib-tk;D:\Python27;D:\Python27\lib\site-packages;D:\Python27\lib\site-packages\wx-3.0-msw;D:\Python27\lib\site-packages\PIL;D:\Python27\lib\site-packages\sqlautocode-0.6b1-py2.7.egg;D:\Python27\lib\site-packages\sqlacodegen-1.1.5-py2.7.egg;D:\Python27\lib\site-packages\inflect-0.2.4-py2.7.egg
SESSIONNAME=Console
SYSTEMDRIVE=C:
SYSTEMROOT=C:\Windows
TEMP=C:\Users\ADMINI~1\AppData\Local\Temp
TMP=C:\Users\ADMINI~1\AppData\Local\Temp
USERDOMAIN=WINDOWS-MDHHCSM
USERNAME=Administrator
USERPROFILE=C:\Users\Administrator
VS110COMNTOOLS=D:\Program Files (x86)\Microsoft Visual Studio 11.0\Common7\Tools\
VS90COMNTOOLS=d:\Program Files (x86)\Microsoft Visual Studio 9.0\Common7\Tools\
WINDIR=C:\Windows
WINDOWS_TRACING_FLAGS=3
WINDOWS_TRACING_LOGFILE=C:\BVTBin\Tests\installpackage\csilogfile.log

 - Working Dir:
D:\Program Files\eclipse\plugins\org.python.pydev_3.7.0.201408261926\pysrc

 - OS:
Windows 7

 - Std output:


 - Err output:

!STACK 0
java.nio.channels.ClosedByInterruptException
	at java.nio.channels.spi.AbstractInterruptibleChannel.end(Unknown Source)
	at sun.nio.ch.SocketChannelImpl.read(Unknown Source)
	at sun.nio.ch.SocketAdaptor$SocketInputStream.read(Unknown Source)
	at sun.nio.ch.ChannelInputStream.read(Unknown Source)
	at java.io.InputStream.read(Unknown Source)
	at org.python.pydev.editor.codecompletion.shell.AbstractShell.read(AbstractShell.java:454)
	at org.python.pydev.editor.codecompletion.shell.AbstractShell.read(AbstractShell.java:506)
	at org.python.pydev.editor.codecompletion.shell.AbstractShell.writeAndGetResults(AbstractShell.java:692)
	at org.python.pydev.editor.codecompletion.shell.AbstractShell.getLineCol(AbstractShell.java:776)
	at org.python.pydev.editor.codecompletion.revisited.modules.CompiledModule.findDefinition(CompiledModule.java:596)
	at org.python.pydev.editor.codecompletion.revisited.modules.CompiledModule.findDefinition(CompiledModule.java:1)
	at org.python.pydev.editor.codecompletion.revisited.modules.SourceModule.findDefinition(SourceModule.java:887)
	at org.python.pydev.editor.codecompletion.revisited.modules.SourceModule.findDefinition(SourceModule.java:664)
	at org.python.pydev.editor.codecompletion.revisited.modules.SourceModule.findDefinition(SourceModule.java:1)
	at org.python.pydev.editor.refactoring.PyRefactoringFindDefinition.findActualDefinition(PyRefactoringFindDefinition.java:177)
	at org.python.pydev.editor.refactoring.PyRefactoringFindDefinition.findActualDefinition(PyRefactoringFindDefinition.java:79)
	at org.python.pydev.editor.hover.PyTextHover.getDocstringHover(PyTextHover.java:206)
	at org.python.pydev.editor.hover.PyTextHover.getHoverInfo(PyTextHover.java:150)
	at org.eclipse.jface.text.TextViewerHoverManager$4.run(TextViewerHoverManager.java:168)

!ENTRY org.python.pydev.shared_core 4 4 2014-09-24 21:46:29.296
!MESSAGE For input string: "POST / HTTP/1.1"
!STACK 0
java.lang.NumberFormatException: For input string: "POST / HTTP/1.1"
	at java.lang.NumberFormatException.forInputString(Unknown Source)
	at java.lang.Integer.parseInt(Unknown Source)
	at java.lang.Integer.parseInt(Unknown Source)
	at org.python.pydev.debug.model.remote.DebuggerReader.processCommand(DebuggerReader.java:101)
	at org.python.pydev.debug.model.remote.DebuggerReader.run(DebuggerReader.java:140)
	at java.lang.Thread.run(Unknown Source)

!ENTRY org.eclipse.core.resources 4 376 2014-09-24 21:56:34.359
!MESSAGE Marker id 70677 not found.

!ENTRY org.eclipse.core.resources 4 376 2014-09-24 21:58:03.326
!MESSAGE Marker id 72188 not found.

!ENTRY org.eclipse.jface 2 0 2014-09-24 23:05:49.952
!MESSAGE Keybinding conflicts occurred.  They may interfere with normal accelerator operation.
!SUBENTRY 1 org.eclipse.jface 2 0 2014-09-24 23:05:49.952
!MESSAGE A conflict occurred for CTRL+SHIFT+3:
Binding(CTRL+SHIFT+3,
	ParameterizedCommand(Command(org.eclipse.wst.jsdt.debug.ui.script.opensource,Open Source,
		Shows the JavaScript source for the selected script element,
		Category(org.eclipse.wst.jsdt.debug.ui.category,JavaScript Debug,Tooling for debugging JavaScript,true),
		org.eclipse.ui.internal.WorkbenchHandlerServiceHandler@1bc3eeb3,
		,,true),null),
	org.eclipse.ui.defaultAcceleratorConfiguration,
	org.eclipse.debug.ui.debugging,,,system)
Binding(CTRL+SHIFT+3,
	ParameterizedCommand(Command(org.python.pydev.editor.actions.uncomment,Python Uncomment,
		Uncomments a python line (Removes # from the beggining of the line),
		Category(org.python.pydev.ui.category.source,PyDev - Editor,PyDev editor category,true),
		org.eclipse.ui.internal.WorkbenchHandlerServiceHandler@5c6c3802,
		,,true),null),
	org.eclipse.ui.defaultAcceleratorConfiguration,
	org.python.pydev.ui.editor.scope,,,system)

!ENTRY org.python.pydev.shared_core 4 4 2014-09-24 23:17:18.997
!MESSAGE ERROR reading shell.
ProcessInfo:

 - Executed: D:\Python27\python.exe -u D:\Program Files\eclipse\plugins\org.python.pydev_3.7.0.201408261926\pysrc\pycompletionserver.py 1910

 - Environment:
ALLUSERSPROFILE=C:\ProgramData
APPDATA=C:\Users\Administrator\AppData\Roaming
COMMONPROGRAMFILES(X86)=C:\Program Files (x86)\Common Files
COMMONPROGRAMFILES=C:\Program Files\Common Files
COMMONPROGRAMW6432=C:\Program Files\Common Files
COMPUTERNAME=WINDOWS-MDHHCSM
COMSPEC=C:\Windows\system32\cmd.exe
DXSDK_DIR=D:\Program Files (x86)\Microsoft DirectX SDK (August 2006)\
FP_NO_HOST_CHECK=NO
HOMEDRIVE=C:
HOMEPATH=\Users\Administrator
JAVA_HOME=D:\Program Files\Java\jdk1.7.0_51
LIB=C:\Program Files\SQLXML 4.0\bin\
LOCALAPPDATA=C:\Users\Administrator\AppData\Local
LOGONSERVER=\\WINDOWS-MDHHCSM
MAVEN_HOME=D:\Program Files\maven
NUMBER_OF_PROCESSORS=4
OS=Windows_NT
PATH="D:\Program Files (x86)\Microsoft DirectX SDK (August 2006)\Utilities\Bin\x86";C:\Program Files (x86)\Intel\iCLS Client\;C:\Program Files\Intel\iCLS Client\;C:\Program Files (x86)\NVIDIA Corporation\PhysX\Common;C:\Windows\system32;C:\Windows;C:\Windows\System32\Wbem;C:\Windows\System32\WindowsPowerShell\v1.0\;C:\Program Files (x86)\Intel\OpenCL SDK\2.0\bin\x86;C:\Program Files (x86)\Intel\OpenCL SDK\2.0\bin\x64;C:\Program Files\Intel\Intel(R) Management Engine Components\DAL;C:\Program Files\Intel\Intel(R) Management Engine Components\IPT;C:\Program Files (x86)\Intel\Intel(R) Management Engine Components\DAL;C:\Program Files (x86)\Intel\Intel(R) Management Engine Components\IPT;C:\Program Files (x86)\Microsoft SQL Server\90\Tools\binn\;C:\Program Files (x86)\Microsoft SQL Server\80\Tools\Binn\;D:\Program Files\Microsoft SQL Server\90\DTS\Binn\;D:\Program Files\Microsoft SQL Server\90\Tools\binn\;C:\Program Files\Microsoft\Web Platform Installer\;C:\Program Files (x86)\Microsoft ASP.NET\ASP.NET Web Pages\v1.0\;C:\Program Files (x86)\Windows Kits\8.0\Windows Performance Toolkit\;C:\Program Files\Microsoft SQL Server\110\Tools\Binn\;D:\Program Files\Java\jdk1.7.0_51\bin;D:\Program Files\Java\jdk1.7.0_51\jre\bin;D:\Program Files\maven\bin;D:\Program Files\MySQL\MySQL Utilities 1.3.6\;D:\Python27\;D:\Python27\Scripts\
PATHEXT=.COM;.EXE;.BAT;.CMD;.VBS;.VBE;.JS;.JSE;.WSF;.WSH;.MSC
PROCESSOR_ARCHITECTURE=AMD64
PROCESSOR_IDENTIFIER=Intel64 Family 6 Model 58 Stepping 9, GenuineIntel
PROCESSOR_LEVEL=6
PROCESSOR_REVISION=3a09
PROGRAMDATA=C:\ProgramData
PROGRAMFILES(X86)=C:\Program Files (x86)
PROGRAMFILES=C:\Program Files
PROGRAMW6432=C:\Program Files
PROMPT=$P$G
PSMODULEPATH=C:\Windows\system32\WindowsPowerShell\v1.0\Modules\
PUBLIC=C:\Users\Public
PYTHONPATH=D:\Program Files\eclipse\plugins\org.python.pydev_3.7.0.201408261926\pysrc\pydev_sitecustomize;D:\Python27\DLLs;D:\Python27\lib;D:\Python27\lib\lib-tk;D:\Python27;D:\Python27\lib\site-packages;D:\Python27\lib\site-packages\wx-3.0-msw;D:\Python27\lib\site-packages\PIL;D:\Python27\lib\site-packages\sqlautocode-0.6b1-py2.7.egg;D:\Python27\lib\site-packages\sqlacodegen-1.1.5-py2.7.egg;D:\Python27\lib\site-packages\inflect-0.2.4-py2.7.egg
SESSIONNAME=Console
SYSTEMDRIVE=C:
SYSTEMROOT=C:\Windows
TEMP=C:\Users\ADMINI~1\AppData\Local\Temp
TMP=C:\Users\ADMINI~1\AppData\Local\Temp
USERDOMAIN=WINDOWS-MDHHCSM
USERNAME=Administrator
USERPROFILE=C:\Users\Administrator
VS110COMNTOOLS=D:\Program Files (x86)\Microsoft Visual Studio 11.0\Common7\Tools\
VS90COMNTOOLS=d:\Program Files (x86)\Microsoft Visual Studio 9.0\Common7\Tools\
WINDIR=C:\Windows
WINDOWS_TRACING_FLAGS=3
WINDOWS_TRACING_LOGFILE=C:\BVTBin\Tests\installpackage\csilogfile.log

 - Working Dir:
D:\Program Files\eclipse\plugins\org.python.pydev_3.7.0.201408261926\pysrc

 - OS:
Windows 7

 - Std output:


 - Err output:

!STACK 0
java.nio.channels.ClosedByInterruptException
	at java.nio.channels.spi.AbstractInterruptibleChannel.end(Unknown Source)
	at sun.nio.ch.SocketChannelImpl.write(Unknown Source)
	at java.nio.channels.Channels.writeFullyImpl(Unknown Source)
	at java.nio.channels.Channels.writeFully(Unknown Source)
	at java.nio.channels.Channels.access$000(Unknown Source)
	at java.nio.channels.Channels$1.write(Unknown Source)
	at java.io.OutputStream.write(Unknown Source)
	at org.python.pydev.editor.codecompletion.shell.AbstractShell.write(AbstractShell.java:544)
	at org.python.pydev.editor.codecompletion.shell.AbstractShell.writeAndGetResults(AbstractShell.java:691)
	at org.python.pydev.editor.codecompletion.shell.AbstractShell.getImportCompletions(AbstractShell.java:756)
	at org.python.pydev.editor.codecompletion.revisited.modules.CompiledModule.createInnerFromServer(CompiledModule.java:331)
	at org.python.pydev.editor.codecompletion.revisited.modules.CompiledModule.getGlobalTokens(CompiledModule.java:531)
	at org.python.pydev.editor.codecompletion.revisited.AbstractASTManager.internalGenerateGetCompletionsForModule(AbstractASTManager.java:715)
	at org.python.pydev.editor.codecompletion.revisited.AbstractASTManager.getCompletionsForModule(AbstractASTManager.java:541)
	at org.python.pydev.editor.codecompletion.revisited.AbstractASTManager.getCompletionsForModule(AbstractASTManager.java:510)
	at org.python.pydev.editor.codecompletion.revisited.AbstractASTManager.getCompletionsForModule(AbstractASTManager.java:502)
	at org.python.pydev.editor.codecompletion.revisited.AbstractASTManager.getCompletionsForModule(AbstractASTManager.java:493)
	at org.python.pydev.editor.codecompletion.revisited.AbstractASTManager.internalGenerateGetCompletionsForModule(AbstractASTManager.java:723)
	at org.python.pydev.editor.codecompletion.revisited.AbstractASTManager.getCompletionsForModule(AbstractASTManager.java:541)
	at org.python.pydev.editor.codecompletion.revisited.AbstractASTManager.getCompletionsForModule(AbstractASTManager.java:510)
	at org.python.pydev.editor.codecompletion.revisited.AbstractASTManager.getCompletionsForModule(AbstractASTManager.java:502)
	at org.python.pydev.editor.codecompletion.revisited.modules.SourceModule.findGlobalTokDef(SourceModule.java:974)
	at org.python.pydev.editor.codecompletion.revisited.modules.SourceModule.findDefinitionsFromModAndTok(SourceModule.java:923)
	at org.python.pydev.editor.codecompletion.revisited.modules.SourceModule.findDefinition(SourceModule.java:905)
	at org.python.pydev.editor.codecompletion.revisited.modules.SourceModule.findDefinition(SourceModule.java:664)
	at org.python.pydev.editor.codecompletion.revisited.modules.SourceModule.findDefinition(SourceModule.java:1)
	at org.python.pydev.editor.refactoring.PyRefactoringFindDefinition.findActualDefinition(PyRefactoringFindDefinition.java:177)
	at org.python.pydev.editor.refactoring.PyRefactoringFindDefinition.findActualDefinition(PyRefactoringFindDefinition.java:79)
	at org.python.pydev.editor.hover.PyTextHover.getDocstringHover(PyTextHover.java:206)
	at org.python.pydev.editor.hover.PyTextHover.getHoverInfo(PyTextHover.java:150)
	at org.eclipse.jface.text.TextViewerHoverManager$4.run(TextViewerHoverManager.java:168)
